<?xml version="1.0" encoding="UTF-8"?>
<testsuite xmlns:xsi="http://www.w3.org/2001/XMLSchema-instance" xsi:noNamespaceSchemaLocation="https://maven.apache.org/surefire/maven-surefire-plugin/xsd/surefire-test-report-3.0.xsd" version="3.0" name="com.sorting.StudentSortingTest" time="0.529" tests="10" errors="0" skipped="0" failures="0">
  <properties>
    <property name="java.specification.version" value="22"/>
    <property name="sun.cpu.isalist" value="amd64"/>
    <property name="sun.jnu.encoding" value="Cp1252"/>
    <property name="java.class.path" value="C:\Users\iabdiblandon\Downloads\M323_Abgabe\target\test-classes;C:\Users\iabdiblandon\Downloads\M323_Abgabe\target\classes;C:\Users\iabdiblandon\.m2\repository\org\instancio\instancio-junit\3.6.0\instancio-junit-3.6.0.jar;C:\Users\iabdiblandon\.m2\repository\org\instancio\instancio-core\3.6.0\instancio-core-3.6.0.jar;C:\Users\iabdiblandon\.m2\repository\org\slf4j\slf4j-api\2.0.9\slf4j-api-2.0.9.jar;C:\Users\iabdiblandon\.m2\repository\org\junit\jupiter\junit-jupiter\5.9.2\junit-jupiter-5.9.2.jar;C:\Users\iabdiblandon\.m2\repository\org\junit\jupiter\junit-jupiter-api\5.9.2\junit-jupiter-api-5.9.2.jar;C:\Users\iabdiblandon\.m2\repository\org\opentest4j\opentest4j\1.2.0\opentest4j-1.2.0.jar;C:\Users\iabdiblandon\.m2\repository\org\junit\platform\junit-platform-commons\1.9.2\junit-platform-commons-1.9.2.jar;C:\Users\iabdiblandon\.m2\repository\org\apiguardian\apiguardian-api\1.1.2\apiguardian-api-1.1.2.jar;C:\Users\iabdiblandon\.m2\repository\org\junit\jupiter\junit-jupiter-params\5.9.2\junit-jupiter-params-5.9.2.jar;C:\Users\iabdiblandon\.m2\repository\org\junit\jupiter\junit-jupiter-engine\5.9.2\junit-jupiter-engine-5.9.2.jar;C:\Users\iabdiblandon\.m2\repository\org\junit\platform\junit-platform-engine\1.9.2\junit-platform-engine-1.9.2.jar;"/>
    <property name="java.vm.vendor" value="Oracle Corporation"/>
    <property name="sun.arch.data.model" value="64"/>
    <property name="user.variant" value=""/>
    <property name="java.vendor.url" value="https://java.oracle.com/"/>
    <property name="user.timezone" value="Europe/Zurich"/>
    <property name="os.name" value="Windows 10"/>
    <property name="java.vm.specification.version" value="22"/>
    <property name="sun.java.launcher" value="SUN_STANDARD"/>
    <property name="user.country" value="US"/>
    <property name="sun.boot.library.path" value="C:\Program Files\Java\jdk-22\bin"/>
    <property name="sun.java.command" value="C:\Users\iabdiblandon\AppData\Local\Temp\surefire7159961345185467644\surefirebooter-20250603215236325_3.jar C:\Users\iabdiblandon\AppData\Local\Temp\surefire7159961345185467644 2025-06-03T21-52-35_968-jvmRun1 surefire-20250603215236325_1tmp surefire_0-20250603215236325_2tmp"/>
    <property name="jdk.debug" value="release"/>
    <property name="surefire.test.class.path" value="C:\Users\iabdiblandon\Downloads\M323_Abgabe\target\test-classes;C:\Users\iabdiblandon\Downloads\M323_Abgabe\target\classes;C:\Users\iabdiblandon\.m2\repository\org\instancio\instancio-junit\3.6.0\instancio-junit-3.6.0.jar;C:\Users\iabdiblandon\.m2\repository\org\instancio\instancio-core\3.6.0\instancio-core-3.6.0.jar;C:\Users\iabdiblandon\.m2\repository\org\slf4j\slf4j-api\2.0.9\slf4j-api-2.0.9.jar;C:\Users\iabdiblandon\.m2\repository\org\junit\jupiter\junit-jupiter\5.9.2\junit-jupiter-5.9.2.jar;C:\Users\iabdiblandon\.m2\repository\org\junit\jupiter\junit-jupiter-api\5.9.2\junit-jupiter-api-5.9.2.jar;C:\Users\iabdiblandon\.m2\repository\org\opentest4j\opentest4j\1.2.0\opentest4j-1.2.0.jar;C:\Users\iabdiblandon\.m2\repository\org\junit\platform\junit-platform-commons\1.9.2\junit-platform-commons-1.9.2.jar;C:\Users\iabdiblandon\.m2\repository\org\apiguardian\apiguardian-api\1.1.2\apiguardian-api-1.1.2.jar;C:\Users\iabdiblandon\.m2\repository\org\junit\jupiter\junit-jupiter-params\5.9.2\junit-jupiter-params-5.9.2.jar;C:\Users\iabdiblandon\.m2\repository\org\junit\jupiter\junit-jupiter-engine\5.9.2\junit-jupiter-engine-5.9.2.jar;C:\Users\iabdiblandon\.m2\repository\org\junit\platform\junit-platform-engine\1.9.2\junit-platform-engine-1.9.2.jar;"/>
    <property name="sun.cpu.endian" value="little"/>
    <property name="user.home" value="C:\Users\iabdiblandon"/>
    <property name="user.language" value="en"/>
    <property name="java.specification.vendor" value="Oracle Corporation"/>
    <property name="java.version.date" value="2024-04-16"/>
    <property name="java.home" value="C:\Program Files\Java\jdk-22"/>
    <property name="file.separator" value="\"/>
    <property name="basedir" value="C:\Users\iabdiblandon\Downloads\M323_Abgabe"/>
    <property name="java.vm.compressedOopsMode" value="Zero based"/>
    <property name="line.separator" value="&#10;"/>
    <property name="java.vm.specification.vendor" value="Oracle Corporation"/>
    <property name="java.specification.name" value="Java Platform API Specification"/>
    <property name="surefire.real.class.path" value="C:\Users\iabdiblandon\AppData\Local\Temp\surefire7159961345185467644\surefirebooter-20250603215236325_3.jar"/>
    <property name="user.script" value=""/>
    <property name="sun.management.compiler" value="HotSpot 64-Bit Tiered Compilers"/>
    <property name="java.runtime.version" value="22.0.1+8-16"/>
    <property name="user.name" value="iabdiblandon"/>
    <property name="stdout.encoding" value="Cp1252"/>
    <property name="path.separator" value=";"/>
    <property name="os.version" value="10.0"/>
    <property name="java.runtime.name" value="Java(TM) SE Runtime Environment"/>
    <property name="file.encoding" value="UTF-8"/>
    <property name="java.vm.name" value="Java HotSpot(TM) 64-Bit Server VM"/>
    <property name="localRepository" value="C:\Users\iabdiblandon\.m2\repository"/>
    <property name="java.vendor.url.bug" value="https://bugreport.java.com/bugreport/"/>
    <property name="java.io.tmpdir" value="C:\Users\IABDIB~1\AppData\Local\Temp\"/>
    <property name="java.version" value="22.0.1"/>
    <property name="user.dir" value="C:\Users\iabdiblandon\Downloads\M323_Abgabe"/>
    <property name="os.arch" value="amd64"/>
    <property name="java.vm.specification.name" value="Java Virtual Machine Specification"/>
    <property name="sun.os.patch.level" value=""/>
    <property name="native.encoding" value="Cp1252"/>
    <property name="java.library.path" value="C:\Program Files\Java\jdk-22\bin;C:\Windows\Sun\Java\bin;C:\Windows\system32;C:\Windows;C:\Program Files\Common Files\Oracle\Java\javapath;C:\Program Files (x86)\Common Files\Oracle\Java\javapath;C:\Program Files (x86)\VMware\VMware Workstation\bin\;C:\Program Files\AdoptOpenJDK\jre-8.0.282.8-hotspot\bin;C:\Windows\system32;C:\Windows;C:\Windows\System32\Wbem;C:\Windows\System32\WindowsPowerShell\v1.0\;C:\Windows\System32\OpenSSH\;C:\Program Files\Intel\WiFi\bin\;C:\Program Files\Common Files\Intel\WirelessCommon\;C:\Program Files\PuTTY\;C:\Program Files (x86)\Windows Live\Shared;C:\Program Files (x86)\Intel\Intel(R) Management Engine Components\DAL;C:\Program Files\Intel\Intel(R) Management Engine Components\DAL;C:\Program Files (x86)\Pulumi\;C:\Program Files\Docker\Docker\resources\bin;C:\Program Files\nodejs\;c:\Users\iabdiblandon\AppData\Local\Programs\cursor\resources\app\bin;c:\Users\iabdiblandon\AppData\Local\Programs\cursor\resources\app\bin;C:\Users\iabdiblandon\Downloads\apache-maven-3.9.9-bin\apache-maven-3.9.9\bin;C:\Program Files\Java\jdk-22\bin;C:\Users\iabdiblandon\AppData\Local\Microsoft\WindowsApps;C:\Users\iabdiblandon\AppData\Local\Programs\Git\cmd;C:\Users\iabdiblandon\AppData\Local\Programs\Microsoft VS Code\bin;C:\Users\iabdiblandon\AppData\Roaming\npm;C:\Users\iabdiblandon\AppData\Local\Programs\cursor\resources\app\bin;."/>
    <property name="java.vm.info" value="mixed mode, sharing"/>
    <property name="stderr.encoding" value="Cp1252"/>
    <property name="java.vendor" value="Oracle Corporation"/>
    <property name="java.vm.version" value="22.0.1+8-16"/>
    <property name="sun.io.unicode.encoding" value="UnicodeLittle"/>
    <property name="java.class.version" value="66.0"/>
  </properties>
  <testcase name="testNumberOfCoursesSort" classname="com.sorting.StudentSortingTest" time="0.266">
    <system-out><![CDATA[
Generated Test Students:
------------------------
Student ID: 9269
Name: Lhyzdjsbyx Iacpprrzvztlg
Birth Date: 2002-06-03
GPA: 2.841842162649672
Address: Address{street='Oxford St', city='London', postalCode='W1D 2', country='UK'}
Number of Courses: 3
------------------------
Student ID: 2853
Name: Ppeinkuybc Mpltq
Birth Date: 1999-06-03
GPA: 1.6130816992881751
Address: Address{street='Main St', city='New York', postalCode='10001', country='USA'}
Number of Courses: 3
------------------------
Student ID: 3605
Name: Rvpjz Udhreyzdktqz
Birth Date: 1998-06-03
GPA: 1.0225263732540468
Address: Address{street='Main St', city='New York', postalCode='10001', country='USA'}
Number of Courses: 4
------------------------
Student ID: 8336
Name: Qebhmxw Uzksptjpxxzvnm
Birth Date: 2002-06-03
GPA: 1.8014651618383362
Address: Address{street='Champs-Élysées', city='Paris', postalCode='75008', country='France'}
Number of Courses: 1
------------------------
Student ID: 5092
Name: Ucstjjmsdj Zbeecmpuyslnm
Birth Date: 2002-06-03
GPA: 3.0394355718034434
Address: Address{street='Champs-Élysées', city='Paris', postalCode='75008', country='France'}
Number of Courses: 1
------------------------
Student ID: 1035
Name: Yibxo Qdnobjmbhfuftsp
Birth Date: 2002-06-03
GPA: 1.4571541758996387
Address: Address{street='Market St', city='San Francisco', postalCode='94105', country='USA'}
Number of Courses: 2
------------------------
Student ID: 3793
Name: Slbfa Dnmyfkaloblz
Birth Date: 2007-06-03
GPA: 2.771013642718044
Address: Address{street='Broadway', city='Chicago', postalCode='60601', country='USA'}
Number of Courses: 4
------------------------
Student ID: 4694
Name: Wzvcpl Yrtbajjhbkp
Birth Date: 1999-06-03
GPA: 3.782787855812705
Address: Address{street='Broadway', city='Chicago', postalCode='60601', country='USA'}
Number of Courses: 1
------------------------
Student ID: 4474
Name: Umnwtsclao Civkultb
Birth Date: 2001-06-03
GPA: 2.7260249927273223
Address: Address{street='Oxford St', city='London', postalCode='W1D 2', country='UK'}
Number of Courses: 4
------------------------
Student ID: 9425
Name: Ikhkslamt Wnbmvdkvao
Birth Date: 1998-06-03
GPA: 2.344226958220842
Address: Address{street='Oxford St', city='London', postalCode='W1D 2', country='UK'}
Number of Courses: 2
------------------------
Student ID: 5604
Name: Qwlvyknpup Xubfcfnvtntvvlp
Birth Date: 2004-06-03
GPA: 3.8170227924859965
Address: Address{street='Champs-Élysées', city='Paris', postalCode='75008', country='France'}
Number of Courses: 1
------------------------
Student ID: 2010
Name: Gdygygflno Ppcpt
Birth Date: 2002-06-03
GPA: 2.739444995443054
Address: Address{street='Champs-Élysées', city='Paris', postalCode='75008', country='France'}
Number of Courses: 1
------------------------
Student ID: 1063
Name: Nuqes Tbqueupfczhqxi
Birth Date: 2005-06-03
GPA: 2.503627227232827
Address: Address{street='Broadway', city='Chicago', postalCode='60601', country='USA'}
Number of Courses: 2
------------------------
Student ID: 4039
Name: Vuyukbpqko Igeben
Birth Date: 1999-06-03
GPA: 3.2170302487271907
Address: Address{street='Champs-Élysées', city='Paris', postalCode='75008', country='France'}
Number of Courses: 3
------------------------
Student ID: 7109
Name: Kiixsovrwq Thfvfrhy
Birth Date: 2003-06-03
GPA: 3.8701952692661097
Address: Address{street='Broadway', city='Chicago', postalCode='60601', country='USA'}
Number of Courses: 4
------------------------
Student ID: 5473
Name: Dsotyhi Auxpbegwgqnige
Birth Date: 2006-06-03
GPA: 2.157658467173165
Address: Address{street='Main St', city='New York', postalCode='10001', country='USA'}
Number of Courses: 3
------------------------
Student ID: 7781
Name: Trxotnms Hrjfkwfgvy
Birth Date: 2001-06-03
GPA: 3.7592801431185405
Address: Address{street='Champs-Élysées', city='Paris', postalCode='75008', country='France'}
Number of Courses: 4
------------------------
Student ID: 7520
Name: Nsdzd Xygabmw
Birth Date: 1998-06-03
GPA: 3.5186100743309465
Address: Address{street='Broadway', city='Chicago', postalCode='60601', country='USA'}
Number of Courses: 3
------------------------
Student ID: 4509
Name: Oaapczgca Zijqzm
Birth Date: 2005-06-03
GPA: 1.0496702091863752
Address: Address{street='Champs-Élysées', city='Paris', postalCode='75008', country='France'}
Number of Courses: 1
------------------------
Student ID: 4187
Name: Jqqobttw Kvkjbfnhfbnn
Birth Date: 2002-06-03
GPA: 2.565257375859415
Address: Address{street='Market St', city='San Francisco', postalCode='94105', country='USA'}
Number of Courses: 2
------------------------
Student ID: 1952
Name: Xasoba Ldzymhuictypn
Birth Date: 2005-06-03
GPA: 1.286711977759174
Address: Address{street='Main St', city='New York', postalCode='10001', country='USA'}
Number of Courses: 3
------------------------
Student ID: 9660
Name: Mrzazy Maagcr
Birth Date: 2007-06-03
GPA: 2.880093482637544
Address: Address{street='Main St', city='New York', postalCode='10001', country='USA'}
Number of Courses: 2
------------------------
Student ID: 5732
Name: Kfblda Rayat
Birth Date: 1999-06-03
GPA: 1.5907999498173842
Address: Address{street='Oxford St', city='London', postalCode='W1D 2', country='UK'}
Number of Courses: 2
------------------------
Student ID: 2628
Name: Uzzhyfwg Pedkbzlxwogtjde
Birth Date: 1999-06-03
GPA: 3.381099546507675
Address: Address{street='Main St', city='New York', postalCode='10001', country='USA'}
Number of Courses: 1
------------------------
Student ID: 1605
Name: Xmkaoheif Zczwmokvxekuyg
Birth Date: 2004-06-03
GPA: 1.325632276048244
Address: Address{street='Champs-Élysées', city='Paris', postalCode='75008', country='France'}
Number of Courses: 4
------------------------
Student ID: 4995
Name: Cwcdxwfvx Owgsmhwttwmuw
Birth Date: 2000-06-03
GPA: 1.3966907664718389
Address: Address{street='Market St', city='San Francisco', postalCode='94105', country='USA'}
Number of Courses: 1
------------------------
Student ID: 4092
Name: Mvlxqgfvhl Ocasuktxtack
Birth Date: 2002-06-03
GPA: 1.7150609739805558
Address: Address{street='Oxford St', city='London', postalCode='W1D 2', country='UK'}
Number of Courses: 2
------------------------
Student ID: 2521
Name: Dvrzhny Izjubsnn
Birth Date: 2002-06-03
GPA: 2.19588645806523
Address: Address{street='Main St', city='New York', postalCode='10001', country='USA'}
Number of Courses: 1
------------------------
Student ID: 9429
Name: Ojwjzeuzt Undeyyunrxxq
Birth Date: 2004-06-03
GPA: 1.6899256893600518
Address: Address{street='Market St', city='San Francisco', postalCode='94105', country='USA'}
Number of Courses: 4
------------------------
Student ID: 6849
Name: Nefdyi Ntdrlofjan
Birth Date: 2005-06-03
GPA: 1.9577996216632614
Address: Address{street='Champs-Élysées', city='Paris', postalCode='75008', country='France'}
Number of Courses: 1
------------------------
Student ID: 3926
Name: Yaayoisxlp Eneywfyljjwl
Birth Date: 1999-06-03
GPA: 1.2570856481718977
Address: Address{street='Champs-Élysées', city='Paris', postalCode='75008', country='France'}
Number of Courses: 2
------------------------
Student ID: 2210
Name: Hgiljt Inirnyrye
Birth Date: 2002-06-03
GPA: 3.466228680323846
Address: Address{street='Broadway', city='Chicago', postalCode='60601', country='USA'}
Number of Courses: 4
------------------------
Student ID: 8774
Name: Xiacarmg Wnfclo
Birth Date: 2001-06-03
GPA: 3.0273122626467446
Address: Address{street='Main St', city='New York', postalCode='10001', country='USA'}
Number of Courses: 1
------------------------
Student ID: 2319
Name: Rxugngtn Vhnjrua
Birth Date: 2004-06-03
GPA: 1.4258770508928085
Address: Address{street='Main St', city='New York', postalCode='10001', country='USA'}
Number of Courses: 2
------------------------
Student ID: 3430
Name: Potvcv Vphtd
Birth Date: 2000-06-03
GPA: 1.3631434407002851
Address: Address{street='Main St', city='New York', postalCode='10001', country='USA'}
Number of Courses: 2
------------------------
Student ID: 7693
Name: Cnlhs Jgqbdbnz
Birth Date: 2002-06-03
GPA: 2.9075116293488215
Address: Address{street='Oxford St', city='London', postalCode='W1D 2', country='UK'}
Number of Courses: 1
------------------------
Student ID: 2069
Name: Xrtkgald Goiihqieej
Birth Date: 2001-06-03
GPA: 2.0758752375071747
Address: Address{street='Champs-Élysées', city='Paris', postalCode='75008', country='France'}
Number of Courses: 4
------------------------
Student ID: 3022
Name: Qddxu Mynukmd
Birth Date: 2001-06-03
GPA: 1.6510383924315732
Address: Address{street='Oxford St', city='London', postalCode='W1D 2', country='UK'}
Number of Courses: 3
------------------------
Student ID: 2933
Name: Aclbzy Kzdhrpfbad
Birth Date: 2004-06-03
GPA: 1.1036148964432329
Address: Address{street='Champs-Élysées', city='Paris', postalCode='75008', country='France'}
Number of Courses: 2
------------------------
Student ID: 5251
Name: Rpekrv Vwjtkwl
Birth Date: 1999-06-03
GPA: 3.0941797505279327
Address: Address{street='Broadway', city='Chicago', postalCode='60601', country='USA'}
Number of Courses: 1
------------------------
Student ID: 9929
Name: Svjwyxllq Xopawu
Birth Date: 2000-06-03
GPA: 2.3288068418700387
Address: Address{street='Market St', city='San Francisco', postalCode='94105', country='USA'}
Number of Courses: 2
------------------------
Student ID: 9564
Name: Tnordpj Yvhqrsiemsbltct
Birth Date: 2002-06-03
GPA: 2.4384007711225717
Address: Address{street='Market St', city='San Francisco', postalCode='94105', country='USA'}
Number of Courses: 4
------------------------
Student ID: 2173
Name: Ljalub Rgpmyqbnkujec
Birth Date: 2004-06-03
GPA: 2.651207042392209
Address: Address{street='Champs-Élysées', city='Paris', postalCode='75008', country='France'}
Number of Courses: 3
------------------------
Student ID: 9655
Name: Hnjjoo Jbdvsfoqbofwx
Birth Date: 1998-06-03
GPA: 3.5964633293514057
Address: Address{street='Broadway', city='Chicago', postalCode='60601', country='USA'}
Number of Courses: 2
------------------------
Student ID: 7904
Name: Pkaplltf Wtwvnruce
Birth Date: 2005-06-03
GPA: 2.599323627480975
Address: Address{street='Champs-Élysées', city='Paris', postalCode='75008', country='France'}
Number of Courses: 1
------------------------
Student ID: 5154
Name: Pryqpkj Qjvmdlwzer
Birth Date: 2006-06-03
GPA: 1.177747505697306
Address: Address{street='Market St', city='San Francisco', postalCode='94105', country='USA'}
Number of Courses: 1
------------------------
Student ID: 2743
Name: Latdsbu Dcvuyfpudef
Birth Date: 2004-06-03
GPA: 1.5586952104885374
Address: Address{street='Oxford St', city='London', postalCode='W1D 2', country='UK'}
Number of Courses: 3
------------------------
Student ID: 4561
Name: Txttn Vykucjjrljnbha
Birth Date: 2004-06-03
GPA: 1.7735061288586276
Address: Address{street='Market St', city='San Francisco', postalCode='94105', country='USA'}
Number of Courses: 3
------------------------
Student ID: 5176
Name: Zohksevui Ldkwcfpfuh
Birth Date: 2006-06-03
GPA: 2.3301781170436437
Address: Address{street='Market St', city='San Francisco', postalCode='94105', country='USA'}
Number of Courses: 2
------------------------
Student ID: 6383
Name: Iuuaszdvll Bnexozwgg
Birth Date: 2005-06-03
GPA: 3.0810815888878405
Address: Address{street='Oxford St', city='London', postalCode='W1D 2', country='UK'}
Number of Courses: 4
------------------------
Student ID: 8568
Name: Ikmqwl Wskzgakdreqqq
Birth Date: 2007-06-03
GPA: 3.4525837822213163
Address: Address{street='Market St', city='San Francisco', postalCode='94105', country='USA'}
Number of Courses: 2
------------------------
Student ID: 5755
Name: Weozmkced Hnwiajxr
Birth Date: 2003-06-03
GPA: 1.856249819622883
Address: Address{street='Oxford St', city='London', postalCode='W1D 2', country='UK'}
Number of Courses: 4
------------------------
Student ID: 2067
Name: Tozpqhzdtb Sjdprksebmelpd
Birth Date: 2004-06-03
GPA: 3.7185027290038204
Address: Address{street='Main St', city='New York', postalCode='10001', country='USA'}
Number of Courses: 3
------------------------
Student ID: 1403
Name: Ipbticm Kcsxdgfk
Birth Date: 2006-06-03
GPA: 2.811438477281068
Address: Address{street='Champs-Élysées', city='Paris', postalCode='75008', country='France'}
Number of Courses: 4
------------------------
Student ID: 8565
Name: Mcyncqxjzy Knhvhnnmjugsm
Birth Date: 2007-06-03
GPA: 2.696163060572093
Address: Address{street='Main St', city='New York', postalCode='10001', country='USA'}
Number of Courses: 2
------------------------
Student ID: 3877
Name: Uiqvdfh Tsltt
Birth Date: 2006-06-03
GPA: 3.467404572275448
Address: Address{street='Oxford St', city='London', postalCode='W1D 2', country='UK'}
Number of Courses: 2
------------------------
Student ID: 5016
Name: Deatjije Xfnqcw
Birth Date: 2000-06-03
GPA: 2.6785713523523187
Address: Address{street='Main St', city='New York', postalCode='10001', country='USA'}
Number of Courses: 1
------------------------
Student ID: 3927
Name: Wfivaxjo Psqzb
Birth Date: 2005-06-03
GPA: 3.956129960756073
Address: Address{street='Oxford St', city='London', postalCode='W1D 2', country='UK'}
Number of Courses: 4
------------------------
Student ID: 5355
Name: Njgwmrgyqz Nvncjmqfaxixyup
Birth Date: 2004-06-03
GPA: 3.0262118130349935
Address: Address{street='Main St', city='New York', postalCode='10001', country='USA'}
Number of Courses: 3
------------------------
Student ID: 5886
Name: Mnqpaw Nngemtlf
Birth Date: 1998-06-03
GPA: 1.453677326288095
Address: Address{street='Broadway', city='Chicago', postalCode='60601', country='USA'}
Number of Courses: 4
------------------------
Student ID: 1306
Name: Jvzkrdmbzb Fqdqyii
Birth Date: 2006-06-03
GPA: 2.013975688722609
Address: Address{street='Main St', city='New York', postalCode='10001', country='USA'}
Number of Courses: 3
------------------------
Student ID: 9795
Name: Fbqfg Pacyvlrkybgc
Birth Date: 1998-06-03
GPA: 1.7671661655055342
Address: Address{street='Broadway', city='Chicago', postalCode='60601', country='USA'}
Number of Courses: 4
------------------------
Student ID: 7286
Name: Qsgni Qpoucudryhglvkb
Birth Date: 1999-06-03
GPA: 3.2385033800873875
Address: Address{street='Market St', city='San Francisco', postalCode='94105', country='USA'}
Number of Courses: 4
------------------------
Student ID: 3922
Name: Rwelkixbqb Vipsnqzzh
Birth Date: 2004-06-03
GPA: 1.7294806921167396
Address: Address{street='Main St', city='New York', postalCode='10001', country='USA'}
Number of Courses: 2
------------------------
Student ID: 4183
Name: Gixza Hwbuiaedmewhds
Birth Date: 2005-06-03
GPA: 2.3119699151144655
Address: Address{street='Champs-Élysées', city='Paris', postalCode='75008', country='France'}
Number of Courses: 3
------------------------
Student ID: 5516
Name: Fzusxy Kbfbfsmavvrae
Birth Date: 2003-06-03
GPA: 2.5311948305646785
Address: Address{street='Main St', city='New York', postalCode='10001', country='USA'}
Number of Courses: 2
------------------------
Student ID: 1224
Name: Ofchubkpby Aebzbcmkzxsliay
Birth Date: 2005-06-03
GPA: 1.3485658608706708
Address: Address{street='Broadway', city='Chicago', postalCode='60601', country='USA'}
Number of Courses: 2
------------------------
Student ID: 5458
Name: Gyxqhof Sixqxevvlobhp
Birth Date: 1998-06-03
GPA: 1.5529255899718186
Address: Address{street='Broadway', city='Chicago', postalCode='60601', country='USA'}
Number of Courses: 3
------------------------
Student ID: 3594
Name: Tquob Dvyyoggbbxgi
Birth Date: 2002-06-03
GPA: 2.8013760284473683
Address: Address{street='Main St', city='New York', postalCode='10001', country='USA'}
Number of Courses: 1
------------------------
Student ID: 6619
Name: Bgvpy Pnzylvsis
Birth Date: 2006-06-03
GPA: 1.233836578285131
Address: Address{street='Market St', city='San Francisco', postalCode='94105', country='USA'}
Number of Courses: 3
------------------------
Student ID: 2575
Name: Oekrjflhia Ojudni
Birth Date: 2007-06-03
GPA: 2.419547099968165
Address: Address{street='Oxford St', city='London', postalCode='W1D 2', country='UK'}
Number of Courses: 4
------------------------
Student ID: 6421
Name: Qgslr Vjkqouym
Birth Date: 2001-06-03
GPA: 2.7186231823717932
Address: Address{street='Broadway', city='Chicago', postalCode='60601', country='USA'}
Number of Courses: 3
------------------------
Student ID: 4858
Name: Tilyx Txfvqilgwui
Birth Date: 2003-06-03
GPA: 3.7670738752345123
Address: Address{street='Market St', city='San Francisco', postalCode='94105', country='USA'}
Number of Courses: 4
------------------------
Student ID: 1743
Name: Lpyejqrhi Wvvzdcyiguk
Birth Date: 1999-06-03
GPA: 2.8715782219336847
Address: Address{street='Market St', city='San Francisco', postalCode='94105', country='USA'}
Number of Courses: 1
------------------------
Student ID: 5484
Name: Ywrdivlcna Oibhsgcysyuynnz
Birth Date: 2005-06-03
GPA: 1.0803687803457378
Address: Address{street='Broadway', city='Chicago', postalCode='60601', country='USA'}
Number of Courses: 3
------------------------
Student ID: 2344
Name: Gqwxir Eifntxzycnlkf
Birth Date: 2004-06-03
GPA: 3.4300922790155055
Address: Address{street='Market St', city='San Francisco', postalCode='94105', country='USA'}
Number of Courses: 4
------------------------
Student ID: 9858
Name: Hiyre Pztxm
Birth Date: 2002-06-03
GPA: 2.1346498953221986
Address: Address{street='Broadway', city='Chicago', postalCode='60601', country='USA'}
Number of Courses: 3
------------------------
Student ID: 1598
Name: Shknoil Irdkuvamavzaj
Birth Date: 2005-06-03
GPA: 1.705523078017007
Address: Address{street='Broadway', city='Chicago', postalCode='60601', country='USA'}
Number of Courses: 2
------------------------
Student ID: 3783
Name: Qbxsqxxg Ipfyexoivauxov
Birth Date: 2002-06-03
GPA: 2.396732495604064
Address: Address{street='Champs-Élysées', city='Paris', postalCode='75008', country='France'}
Number of Courses: 1
------------------------
Student ID: 9458
Name: Fxncxqia Siwpzvpvnpr
Birth Date: 2000-06-03
GPA: 1.9325547335307651
Address: Address{street='Market St', city='San Francisco', postalCode='94105', country='USA'}
Number of Courses: 4
------------------------
Student ID: 9532
Name: Oshokya Clgurl
Birth Date: 2007-06-03
GPA: 2.071259843104669
Address: Address{street='Oxford St', city='London', postalCode='W1D 2', country='UK'}
Number of Courses: 4
------------------------
Student ID: 5893
Name: Htkvsox Qtdddamsyr
Birth Date: 2000-06-03
GPA: 2.779182132543765
Address: Address{street='Oxford St', city='London', postalCode='W1D 2', country='UK'}
Number of Courses: 3
------------------------
Student ID: 2943
Name: Eauthcl Bsmhskxr
Birth Date: 2004-06-03
GPA: 3.301206267346582
Address: Address{street='Broadway', city='Chicago', postalCode='60601', country='USA'}
Number of Courses: 4
------------------------
Student ID: 3032
Name: Dkwxpffoc Qxfhpvbzowgxsyh
Birth Date: 2007-06-03
GPA: 2.3767498634204447
Address: Address{street='Market St', city='San Francisco', postalCode='94105', country='USA'}
Number of Courses: 4
------------------------
Student ID: 7127
Name: Gswtduehgl Oipsdqfauwpai
Birth Date: 2002-06-03
GPA: 3.740028661683456
Address: Address{street='Main St', city='New York', postalCode='10001', country='USA'}
Number of Courses: 2
------------------------
Student ID: 8576
Name: Pgsonf Vtxkkztbwafuss
Birth Date: 2003-06-03
GPA: 1.2616248915445536
Address: Address{street='Main St', city='New York', postalCode='10001', country='USA'}
Number of Courses: 4
------------------------
Student ID: 6666
Name: Ehfkath Ljlbeqkw
Birth Date: 2001-06-03
GPA: 2.2913075497399986
Address: Address{street='Oxford St', city='London', postalCode='W1D 2', country='UK'}
Number of Courses: 3
------------------------
Student ID: 6468
Name: Kufemq Mkbmjowsdmrkhad
Birth Date: 2004-06-03
GPA: 1.2118158428768853
Address: Address{street='Oxford St', city='London', postalCode='W1D 2', country='UK'}
Number of Courses: 4
------------------------
Student ID: 6150
Name: Aquqxke Izjaqmbtmsygfmr
Birth Date: 2004-06-03
GPA: 3.140244454444917
Address: Address{street='Broadway', city='Chicago', postalCode='60601', country='USA'}
Number of Courses: 3
------------------------
Student ID: 3592
Name: Lhdiwke Ndlvgfzko
Birth Date: 2005-06-03
GPA: 2.319647754604952
Address: Address{street='Champs-Élysées', city='Paris', postalCode='75008', country='France'}
Number of Courses: 3
------------------------
Student ID: 9940
Name: Coozhwfpb Wxmkoglaeemsm
Birth Date: 2006-06-03
GPA: 3.0421733515957228
Address: Address{street='Broadway', city='Chicago', postalCode='60601', country='USA'}
Number of Courses: 3
------------------------
Student ID: 2027
Name: Hhxnxv Ecljqyinpwoz
Birth Date: 2002-06-03
GPA: 1.1357868080779898
Address: Address{street='Market St', city='San Francisco', postalCode='94105', country='USA'}
Number of Courses: 1
------------------------
Student ID: 2804
Name: Pgimzerctn Kcwkpnjtvzsr
Birth Date: 2004-06-03
GPA: 2.922871701615225
Address: Address{street='Main St', city='New York', postalCode='10001', country='USA'}
Number of Courses: 3
------------------------
Student ID: 1784
Name: Izsnaxhk Mcdadywfayesnef
Birth Date: 2001-06-03
GPA: 3.4758721587105668
Address: Address{street='Main St', city='New York', postalCode='10001', country='USA'}
Number of Courses: 3
------------------------
Student ID: 6523
Name: Mnyhzzm Xcrnhllgiynb
Birth Date: 2003-06-03
GPA: 3.275037929543508
Address: Address{street='Market St', city='San Francisco', postalCode='94105', country='USA'}
Number of Courses: 1
------------------------
Student ID: 6542
Name: Gswcrudtu Zixuyhmofxshovl
Birth Date: 2006-06-03
GPA: 1.311613369021933
Address: Address{street='Oxford St', city='London', postalCode='W1D 2', country='UK'}
Number of Courses: 2
------------------------
Student ID: 5566
Name: Bxqiab Htqnlbtv
Birth Date: 2002-06-03
GPA: 1.1089134415359791
Address: Address{street='Oxford St', city='London', postalCode='W1D 2', country='UK'}
Number of Courses: 4
------------------------
Student ID: 5721
Name: Pybtd Ifdceegebzig
Birth Date: 2004-06-03
GPA: 3.1971236044669986
Address: Address{street='Market St', city='San Francisco', postalCode='94105', country='USA'}
Number of Courses: 2
------------------------
Student ID: 2047
Name: Jpxqchfebj Fnoxyzgokkvuu
Birth Date: 2005-06-03
GPA: 1.17880648689003
Address: Address{street='Main St', city='New York', postalCode='10001', country='USA'}
Number of Courses: 2
------------------------
Student ID: 9191
Name: Lwbqtojl Ichpd
Birth Date: 2006-06-03
GPA: 1.2662485774410368
Address: Address{street='Oxford St', city='London', postalCode='W1D 2', country='UK'}
Number of Courses: 2
------------------------

Sorting by Number of Courses:
Student{firstName='Qebhmxw', lastName='Uzksptjpxxzvnm', studentId=8336, gpa=1.8014651618383362}
Student{firstName='Ucstjjmsdj', lastName='Zbeecmpuyslnm', studentId=5092, gpa=3.0394355718034434}
Student{firstName='Wzvcpl', lastName='Yrtbajjhbkp', studentId=4694, gpa=3.782787855812705}
Student{firstName='Qwlvyknpup', lastName='Xubfcfnvtntvvlp', studentId=5604, gpa=3.8170227924859965}
Student{firstName='Gdygygflno', lastName='Ppcpt', studentId=2010, gpa=2.739444995443054}
]]></system-out>
  </testcase>
  <testcase name="testAddressCitySort" classname="com.sorting.StudentSortingTest" time="0.035">
    <system-out><![CDATA[
Generated Test Students:
------------------------
Student ID: 1758
Name: Punfn Fngyryj
Birth Date: 2004-06-03
GPA: 2.2792690344183812
Address: Address{street='Main St', city='New York', postalCode='10001', country='USA'}
Number of Courses: 1
------------------------
Student ID: 7794
Name: Bfczyih Arvalarcmuudk
Birth Date: 2007-06-03
GPA: 2.23384767740436
Address: Address{street='Broadway', city='Chicago', postalCode='60601', country='USA'}
Number of Courses: 1
------------------------
Student ID: 2439
Name: Oyjlzqob Kkcps
Birth Date: 2003-06-03
GPA: 2.7578026931790194
Address: Address{street='Market St', city='San Francisco', postalCode='94105', country='USA'}
Number of Courses: 4
------------------------
Student ID: 1090
Name: Jamcfm Byzdulknulylh
Birth Date: 2000-06-03
GPA: 3.1798453037356884
Address: Address{street='Oxford St', city='London', postalCode='W1D 2', country='UK'}
Number of Courses: 3
------------------------
Student ID: 9255
Name: Qyuiec Jjcrbuctslqhuum
Birth Date: 2001-06-03
GPA: 3.936216277118138
Address: Address{street='Main St', city='New York', postalCode='10001', country='USA'}
Number of Courses: 2
------------------------
Student ID: 8592
Name: Jhabtzr Xpkpnyqw
Birth Date: 2005-06-03
GPA: 1.2530815315281256
Address: Address{street='Broadway', city='Chicago', postalCode='60601', country='USA'}
Number of Courses: 2
------------------------
Student ID: 1630
Name: Rvticetpyy Dssswh
Birth Date: 2004-06-03
GPA: 2.607599085888032
Address: Address{street='Main St', city='New York', postalCode='10001', country='USA'}
Number of Courses: 3
------------------------
Student ID: 5402
Name: Jeeuyz Cubkfanyun
Birth Date: 2004-06-03
GPA: 1.142512262954808
Address: Address{street='Main St', city='New York', postalCode='10001', country='USA'}
Number of Courses: 1
------------------------
Student ID: 4275
Name: Fmlrt Dsqainprqcgdy
Birth Date: 2004-06-03
GPA: 3.3322710196596725
Address: Address{street='Oxford St', city='London', postalCode='W1D 2', country='UK'}
Number of Courses: 3
------------------------
Student ID: 6099
Name: Qgztpa Dedcecsecawt
Birth Date: 2003-06-03
GPA: 1.7361627917788527
Address: Address{street='Oxford St', city='London', postalCode='W1D 2', country='UK'}
Number of Courses: 2
------------------------
Student ID: 7514
Name: Qvfpbmm Yvzdmgwshodrp
Birth Date: 2002-06-03
GPA: 2.2081535661233382
Address: Address{street='Main St', city='New York', postalCode='10001', country='USA'}
Number of Courses: 4
------------------------
Student ID: 7917
Name: Gijjciold Gwrngvtcyxa
Birth Date: 2001-06-03
GPA: 2.4008966643369654
Address: Address{street='Oxford St', city='London', postalCode='W1D 2', country='UK'}
Number of Courses: 4
------------------------
Student ID: 7202
Name: Wwfez Proiutwslsrbmh
Birth Date: 2004-06-03
GPA: 1.695738452250415
Address: Address{street='Broadway', city='Chicago', postalCode='60601', country='USA'}
Number of Courses: 3
------------------------
Student ID: 1818
Name: Ynoejrj Dbxxskesvx
Birth Date: 1998-06-03
GPA: 1.1575180932846068
Address: Address{street='Market St', city='San Francisco', postalCode='94105', country='USA'}
Number of Courses: 4
------------------------
Student ID: 6747
Name: Ecabfuyjqa Eqsctsnzle
Birth Date: 2005-06-03
GPA: 1.7188352786931667
Address: Address{street='Market St', city='San Francisco', postalCode='94105', country='USA'}
Number of Courses: 3
------------------------
Student ID: 1209
Name: Qlxadil Nouqzmjenbxnuv
Birth Date: 2004-06-03
GPA: 2.7954977141780435
Address: Address{street='Market St', city='San Francisco', postalCode='94105', country='USA'}
Number of Courses: 4
------------------------
Student ID: 3269
Name: Fqlqep Cpxlbdohnhhfou
Birth Date: 2007-06-03
GPA: 3.8614254480575085
Address: Address{street='Champs-Élysées', city='Paris', postalCode='75008', country='France'}
Number of Courses: 4
------------------------
Student ID: 7509
Name: Nscgholgz Rknlcrh
Birth Date: 2004-06-03
GPA: 2.6625853330820264
Address: Address{street='Oxford St', city='London', postalCode='W1D 2', country='UK'}
Number of Courses: 2
------------------------
Student ID: 4785
Name: Atgqlss Rbdptlykmvwteh
Birth Date: 2002-06-03
GPA: 3.620471887460422
Address: Address{street='Market St', city='San Francisco', postalCode='94105', country='USA'}
Number of Courses: 4
------------------------
Student ID: 9117
Name: Zulldfwtij Tmyynk
Birth Date: 1999-06-03
GPA: 1.1304537656669649
Address: Address{street='Champs-Élysées', city='Paris', postalCode='75008', country='France'}
Number of Courses: 2
------------------------
Student ID: 4279
Name: Vqzgx Dwswa
Birth Date: 2001-06-03
GPA: 3.7588187298667517
Address: Address{street='Champs-Élysées', city='Paris', postalCode='75008', country='France'}
Number of Courses: 4
------------------------
Student ID: 5076
Name: Ualktxp Cmiadsvo
Birth Date: 1999-06-03
GPA: 1.3950486384624026
Address: Address{street='Oxford St', city='London', postalCode='W1D 2', country='UK'}
Number of Courses: 2
------------------------
Student ID: 4345
Name: Sxficplhd Cgtlovoxmbm
Birth Date: 2001-06-03
GPA: 1.2686514705725864
Address: Address{street='Champs-Élysées', city='Paris', postalCode='75008', country='France'}
Number of Courses: 1
------------------------
Student ID: 1056
Name: Bhricioa Mfsydmeijgnk
Birth Date: 1999-06-03
GPA: 3.5187222162093006
Address: Address{street='Oxford St', city='London', postalCode='W1D 2', country='UK'}
Number of Courses: 4
------------------------
Student ID: 2367
Name: Zbotbeniu Ptzguohsbnf
Birth Date: 2004-06-03
GPA: 1.43679342822966
Address: Address{street='Oxford St', city='London', postalCode='W1D 2', country='UK'}
Number of Courses: 3
------------------------
Student ID: 9873
Name: Hehbwrshzb Zvmjuxhafrlxfrw
Birth Date: 2005-06-03
GPA: 1.670702345976705
Address: Address{street='Main St', city='New York', postalCode='10001', country='USA'}
Number of Courses: 2
------------------------
Student ID: 9861
Name: Jckuqjhmjq Fqbfxuqbacgog
Birth Date: 2004-06-03
GPA: 2.1501474414263684
Address: Address{street='Main St', city='New York', postalCode='10001', country='USA'}
Number of Courses: 2
------------------------
Student ID: 6921
Name: Msuxa Tvlyuhbepoffmu
Birth Date: 1998-06-03
GPA: 2.786652278669641
Address: Address{street='Main St', city='New York', postalCode='10001', country='USA'}
Number of Courses: 3
------------------------
Student ID: 2664
Name: Icczdit Jvwnlmlswqbt
Birth Date: 2002-06-03
GPA: 1.5809161464366182
Address: Address{street='Champs-Élysées', city='Paris', postalCode='75008', country='France'}
Number of Courses: 2
------------------------
Student ID: 8864
Name: Jppzesmfw Jxoquiri
Birth Date: 2002-06-03
GPA: 3.7549836511336823
Address: Address{street='Broadway', city='Chicago', postalCode='60601', country='USA'}
Number of Courses: 4
------------------------
Student ID: 9973
Name: Oazpq Axdzfjknhkgw
Birth Date: 2007-06-03
GPA: 3.54701091369893
Address: Address{street='Market St', city='San Francisco', postalCode='94105', country='USA'}
Number of Courses: 4
------------------------
Student ID: 2612
Name: Assoqaemvj Xdwbibmpwi
Birth Date: 2007-06-03
GPA: 3.424097526122254
Address: Address{street='Main St', city='New York', postalCode='10001', country='USA'}
Number of Courses: 4
------------------------
Student ID: 6647
Name: Ercvodeo Ylrmvelbslw
Birth Date: 1999-06-03
GPA: 3.003252521963376
Address: Address{street='Broadway', city='Chicago', postalCode='60601', country='USA'}
Number of Courses: 1
------------------------
Student ID: 5183
Name: Cgfmu Uixypvn
Birth Date: 2002-06-03
GPA: 1.6349079677972946
Address: Address{street='Champs-Élysées', city='Paris', postalCode='75008', country='France'}
Number of Courses: 4
------------------------
Student ID: 6661
Name: Axeyidi Zgwnd
Birth Date: 2004-06-03
GPA: 3.483687143609541
Address: Address{street='Champs-Élysées', city='Paris', postalCode='75008', country='France'}
Number of Courses: 1
------------------------
Student ID: 1807
Name: Ibtqr Fomkpotqup
Birth Date: 2004-06-03
GPA: 1.6691128820168895
Address: Address{street='Champs-Élysées', city='Paris', postalCode='75008', country='France'}
Number of Courses: 1
------------------------
Student ID: 9021
Name: Lcyngk Pqkjdpixbmt
Birth Date: 2001-06-03
GPA: 1.328547751315007
Address: Address{street='Oxford St', city='London', postalCode='W1D 2', country='UK'}
Number of Courses: 3
------------------------
Student ID: 3997
Name: Uryxi Vvnfnaubhbp
Birth Date: 2002-06-03
GPA: 3.4068780997438024
Address: Address{street='Main St', city='New York', postalCode='10001', country='USA'}
Number of Courses: 3
------------------------
Student ID: 4795
Name: Lvdnt Cvebmmlrdcmpd
Birth Date: 2001-06-03
GPA: 1.8061763395047954
Address: Address{street='Champs-Élysées', city='Paris', postalCode='75008', country='France'}
Number of Courses: 4
------------------------
Student ID: 9121
Name: Fuqlnh Nerlic
Birth Date: 2000-06-03
GPA: 2.709004666488752
Address: Address{street='Oxford St', city='London', postalCode='W1D 2', country='UK'}
Number of Courses: 2
------------------------
Student ID: 9277
Name: Qihtypj Ovcrk
Birth Date: 2006-06-03
GPA: 1.4156939815038934
Address: Address{street='Champs-Élysées', city='Paris', postalCode='75008', country='France'}
Number of Courses: 3
------------------------
Student ID: 6101
Name: Qfvkbcc Xgwzkpdg
Birth Date: 2004-06-03
GPA: 3.2993005574733862
Address: Address{street='Market St', city='San Francisco', postalCode='94105', country='USA'}
Number of Courses: 4
------------------------
Student ID: 8445
Name: Efdqrzkeyv Xjoocwhhree
Birth Date: 2006-06-03
GPA: 1.038764136881223
Address: Address{street='Champs-Élysées', city='Paris', postalCode='75008', country='France'}
Number of Courses: 3
------------------------
Student ID: 4249
Name: Jjbiktvz Fdsbawyrhzc
Birth Date: 2003-06-03
GPA: 1.8883443417706065
Address: Address{street='Oxford St', city='London', postalCode='W1D 2', country='UK'}
Number of Courses: 3
------------------------
Student ID: 4395
Name: Qblurecgi Jesroljcfdyld
Birth Date: 2001-06-03
GPA: 2.2383323668491846
Address: Address{street='Oxford St', city='London', postalCode='W1D 2', country='UK'}
Number of Courses: 1
------------------------
Student ID: 1064
Name: Eghyt Dkiledccslx
Birth Date: 2004-06-03
GPA: 3.810771226764328
Address: Address{street='Market St', city='San Francisco', postalCode='94105', country='USA'}
Number of Courses: 1
------------------------
Student ID: 8263
Name: Ihghicgjkq Khzrnwlut
Birth Date: 1998-06-03
GPA: 3.5625353333978738
Address: Address{street='Champs-Élysées', city='Paris', postalCode='75008', country='France'}
Number of Courses: 2
------------------------
Student ID: 7834
Name: Mjexhc Srczdfm
Birth Date: 2001-06-03
GPA: 3.347368115386384
Address: Address{street='Champs-Élysées', city='Paris', postalCode='75008', country='France'}
Number of Courses: 4
------------------------
Student ID: 3179
Name: Eqnzwy Ukpjvc
Birth Date: 1999-06-03
GPA: 3.90331926127256
Address: Address{street='Market St', city='San Francisco', postalCode='94105', country='USA'}
Number of Courses: 3
------------------------
Student ID: 2009
Name: Cypzswe Zufflrvq
Birth Date: 2003-06-03
GPA: 3.760854675435282
Address: Address{street='Main St', city='New York', postalCode='10001', country='USA'}
Number of Courses: 4
------------------------
Student ID: 5711
Name: Hjjigcaho Yabroafxglk
Birth Date: 2004-06-03
GPA: 2.7302353835812507
Address: Address{street='Broadway', city='Chicago', postalCode='60601', country='USA'}
Number of Courses: 2
------------------------
Student ID: 3125
Name: Tjefiad Exjhwxb
Birth Date: 2007-06-03
GPA: 3.4046396888153536
Address: Address{street='Broadway', city='Chicago', postalCode='60601', country='USA'}
Number of Courses: 1
------------------------
Student ID: 8866
Name: Nsfyelef Ipuofnrdiouqaw
Birth Date: 2001-06-03
GPA: 1.6403601330799569
Address: Address{street='Main St', city='New York', postalCode='10001', country='USA'}
Number of Courses: 2
------------------------
Student ID: 1233
Name: Hddoljjnvv Lzylc
Birth Date: 2004-06-03
GPA: 2.5985968838155262
Address: Address{street='Main St', city='New York', postalCode='10001', country='USA'}
Number of Courses: 4
------------------------
Student ID: 3668
Name: Xqkhgxl Onpun
Birth Date: 2005-06-03
GPA: 2.740866075495127
Address: Address{street='Oxford St', city='London', postalCode='W1D 2', country='UK'}
Number of Courses: 4
------------------------
Student ID: 3022
Name: Khfhvqcjtk Zrbgyi
Birth Date: 2007-06-03
GPA: 3.872563271249323
Address: Address{street='Main St', city='New York', postalCode='10001', country='USA'}
Number of Courses: 1
------------------------
Student ID: 4035
Name: Igyvmjouo Pwciqv
Birth Date: 2006-06-03
GPA: 3.575141846992234
Address: Address{street='Champs-Élysées', city='Paris', postalCode='75008', country='France'}
Number of Courses: 2
------------------------
Student ID: 2226
Name: Frfxrsrs Edduqdhm
Birth Date: 2006-06-03
GPA: 2.009818775158617
Address: Address{street='Main St', city='New York', postalCode='10001', country='USA'}
Number of Courses: 2
------------------------
Student ID: 4316
Name: Grbjuwwfqb Yqfazl
Birth Date: 1998-06-03
GPA: 1.6356176601266825
Address: Address{street='Champs-Élysées', city='Paris', postalCode='75008', country='France'}
Number of Courses: 1
------------------------
Student ID: 2814
Name: Ghepxe Jzfwi
Birth Date: 2005-06-03
GPA: 3.975687843596446
Address: Address{street='Main St', city='New York', postalCode='10001', country='USA'}
Number of Courses: 4
------------------------
Student ID: 1356
Name: Sufoud Pltmlolwqivq
Birth Date: 1998-06-03
GPA: 2.9108380191583185
Address: Address{street='Oxford St', city='London', postalCode='W1D 2', country='UK'}
Number of Courses: 1
------------------------
Student ID: 1263
Name: Lqpfq Xaqkriekwhhxwn
Birth Date: 1999-06-03
GPA: 2.12118316417676
Address: Address{street='Market St', city='San Francisco', postalCode='94105', country='USA'}
Number of Courses: 2
------------------------
Student ID: 7150
Name: Zxupourx Nsvnidyjxslyll
Birth Date: 2001-06-03
GPA: 1.609576514390168
Address: Address{street='Champs-Élysées', city='Paris', postalCode='75008', country='France'}
Number of Courses: 3
------------------------
Student ID: 9059
Name: Lurel Ckfjlhqfdyml
Birth Date: 2005-06-03
GPA: 1.3022873719969956
Address: Address{street='Broadway', city='Chicago', postalCode='60601', country='USA'}
Number of Courses: 4
------------------------
Student ID: 3551
Name: Gieijx Vyatcrroe
Birth Date: 2004-06-03
GPA: 2.534854743435102
Address: Address{street='Main St', city='New York', postalCode='10001', country='USA'}
Number of Courses: 4
------------------------
Student ID: 7274
Name: Lbhygmv Uhajpbnz
Birth Date: 2002-06-03
GPA: 1.8972853727729695
Address: Address{street='Broadway', city='Chicago', postalCode='60601', country='USA'}
Number of Courses: 4
------------------------
Student ID: 3259
Name: Wmhjghrw Jafndj
Birth Date: 2002-06-03
GPA: 1.4220122440584906
Address: Address{street='Oxford St', city='London', postalCode='W1D 2', country='UK'}
Number of Courses: 2
------------------------
Student ID: 6928
Name: Vfsymdblx Vbrlbcow
Birth Date: 2003-06-03
GPA: 1.75680696278908
Address: Address{street='Broadway', city='Chicago', postalCode='60601', country='USA'}
Number of Courses: 3
------------------------
Student ID: 4113
Name: Ukygdoc Mutssdhyfbdbauw
Birth Date: 2000-06-03
GPA: 1.7733523173849597
Address: Address{street='Broadway', city='Chicago', postalCode='60601', country='USA'}
Number of Courses: 2
------------------------
Student ID: 5093
Name: Bchcnmyjek Xrphhyvar
Birth Date: 2006-06-03
GPA: 3.9217920661298633
Address: Address{street='Broadway', city='Chicago', postalCode='60601', country='USA'}
Number of Courses: 2
------------------------
Student ID: 7005
Name: Ongxvbgkn Fhakxpi
Birth Date: 2002-06-03
GPA: 1.5344105243908457
Address: Address{street='Oxford St', city='London', postalCode='W1D 2', country='UK'}
Number of Courses: 3
------------------------
Student ID: 7687
Name: Shtphwiv Ypsrq
Birth Date: 2000-06-03
GPA: 2.2342764612076706
Address: Address{street='Oxford St', city='London', postalCode='W1D 2', country='UK'}
Number of Courses: 1
------------------------
Student ID: 7136
Name: Trydpasl Dljhcujkktvg
Birth Date: 2001-06-03
GPA: 3.1322780646533737
Address: Address{street='Champs-Élysées', city='Paris', postalCode='75008', country='France'}
Number of Courses: 4
------------------------
Student ID: 6977
Name: Yiwinavjz Oqnpsh
Birth Date: 1999-06-03
GPA: 2.3983181166192757
Address: Address{street='Broadway', city='Chicago', postalCode='60601', country='USA'}
Number of Courses: 3
------------------------
Student ID: 4456
Name: Mowyjam Nauneneavcjzyzj
Birth Date: 2000-06-03
GPA: 3.0610838020098052
Address: Address{street='Broadway', city='Chicago', postalCode='60601', country='USA'}
Number of Courses: 3
------------------------
Student ID: 7616
Name: Gpxielmech Nwlpj
Birth Date: 1998-06-03
GPA: 2.5837718096137334
Address: Address{street='Market St', city='San Francisco', postalCode='94105', country='USA'}
Number of Courses: 4
------------------------
Student ID: 4119
Name: Licxojbdoo Vwiagyp
Birth Date: 2006-06-03
GPA: 3.4605998598933696
Address: Address{street='Oxford St', city='London', postalCode='W1D 2', country='UK'}
Number of Courses: 1
------------------------
Student ID: 9371
Name: Tbumg Zpsmpaipyq
Birth Date: 2004-06-03
GPA: 3.7950863235214203
Address: Address{street='Oxford St', city='London', postalCode='W1D 2', country='UK'}
Number of Courses: 4
------------------------
Student ID: 4442
Name: Xlxkrug Wdevu
Birth Date: 2004-06-03
GPA: 1.077100719751395
Address: Address{street='Main St', city='New York', postalCode='10001', country='USA'}
Number of Courses: 4
------------------------
Student ID: 7063
Name: Mgbwpfxvtc Jeenddk
Birth Date: 1998-06-03
GPA: 1.5898563847414997
Address: Address{street='Oxford St', city='London', postalCode='W1D 2', country='UK'}
Number of Courses: 2
------------------------
Student ID: 3500
Name: Jldvzxq Glxrldpgxuexlq
Birth Date: 2001-06-03
GPA: 3.6629359693009267
Address: Address{street='Main St', city='New York', postalCode='10001', country='USA'}
Number of Courses: 3
------------------------
Student ID: 8156
Name: Yjtlerb Voycvvm
Birth Date: 2005-06-03
GPA: 2.4209921919362327
Address: Address{street='Champs-Élysées', city='Paris', postalCode='75008', country='France'}
Number of Courses: 4
------------------------
Student ID: 6582
Name: Kplmq Fuadzypbmaymevq
Birth Date: 1998-06-03
GPA: 1.1252442559546258
Address: Address{street='Main St', city='New York', postalCode='10001', country='USA'}
Number of Courses: 1
------------------------
Student ID: 3409
Name: Mjeiinuyj Fsjmdicuhwn
Birth Date: 1998-06-03
GPA: 1.6592088161950274
Address: Address{street='Oxford St', city='London', postalCode='W1D 2', country='UK'}
Number of Courses: 2
------------------------
Student ID: 1516
Name: Ypdugke Svcrgyrr
Birth Date: 2006-06-03
GPA: 1.551424890926306
Address: Address{street='Oxford St', city='London', postalCode='W1D 2', country='UK'}
Number of Courses: 1
------------------------
Student ID: 8784
Name: Teoczsvqui Bxamejatzfhj
Birth Date: 2007-06-03
GPA: 2.7054145236456253
Address: Address{street='Oxford St', city='London', postalCode='W1D 2', country='UK'}
Number of Courses: 1
------------------------
Student ID: 4460
Name: Ecenpr Qlboezozwhtmh
Birth Date: 2006-06-03
GPA: 2.1473417902202554
Address: Address{street='Champs-Élysées', city='Paris', postalCode='75008', country='France'}
Number of Courses: 3
------------------------
Student ID: 6595
Name: Enoafkykk Rdjazhmzdkvtqa
Birth Date: 1999-06-03
GPA: 1.729780413437466
Address: Address{street='Market St', city='San Francisco', postalCode='94105', country='USA'}
Number of Courses: 3
------------------------
Student ID: 3093
Name: Pxxffjjyl Imyerqogrn
Birth Date: 2002-06-03
GPA: 2.7921002118368987
Address: Address{street='Broadway', city='Chicago', postalCode='60601', country='USA'}
Number of Courses: 3
------------------------
Student ID: 9182
Name: Drccfpqdk Ktyxogkl
Birth Date: 2007-06-03
GPA: 2.2596243519715506
Address: Address{street='Main St', city='New York', postalCode='10001', country='USA'}
Number of Courses: 2
------------------------
Student ID: 8587
Name: Wpgrs Apiwcvrxk
Birth Date: 2005-06-03
GPA: 1.4218495890562215
Address: Address{street='Oxford St', city='London', postalCode='W1D 2', country='UK'}
Number of Courses: 4
------------------------
Student ID: 4949
Name: Yvimidl Ezgxsen
Birth Date: 2001-06-03
GPA: 3.731193436533448
Address: Address{street='Oxford St', city='London', postalCode='W1D 2', country='UK'}
Number of Courses: 4
------------------------
Student ID: 5771
Name: Jdtes Swmzdzlimjtri
Birth Date: 1999-06-03
GPA: 1.3885083171438215
Address: Address{street='Champs-Élysées', city='Paris', postalCode='75008', country='France'}
Number of Courses: 4
------------------------
Student ID: 2817
Name: Simjm Xiidlelwis
Birth Date: 2004-06-03
GPA: 2.715596611664812
Address: Address{street='Main St', city='New York', postalCode='10001', country='USA'}
Number of Courses: 3
------------------------
Student ID: 1937
Name: Ewhfy Zqtbn
Birth Date: 1999-06-03
GPA: 3.6292180480213134
Address: Address{street='Oxford St', city='London', postalCode='W1D 2', country='UK'}
Number of Courses: 3
------------------------
Student ID: 8399
Name: Rxqvgf Fxlyyabetymow
Birth Date: 2003-06-03
GPA: 1.2983425848909953
Address: Address{street='Champs-Élysées', city='Paris', postalCode='75008', country='France'}
Number of Courses: 1
------------------------
Student ID: 2296
Name: Xabpsvc Bzfkbgirdclc
Birth Date: 2003-06-03
GPA: 1.637912842028501
Address: Address{street='Market St', city='San Francisco', postalCode='94105', country='USA'}
Number of Courses: 2
------------------------
Student ID: 7704
Name: Sacam Zikopjfnpnrvyfh
Birth Date: 2000-06-03
GPA: 2.375394702615634
Address: Address{street='Oxford St', city='London', postalCode='W1D 2', country='UK'}
Number of Courses: 4
------------------------
Student ID: 5288
Name: Jolxehprq Ljwgcmqdofvms
Birth Date: 1998-06-03
GPA: 1.1479291351709462
Address: Address{street='Broadway', city='Chicago', postalCode='60601', country='USA'}
Number of Courses: 1
------------------------
Student ID: 5467
Name: Dkdetznjik Alsweadru
Birth Date: 2000-06-03
GPA: 1.3262866094054377
Address: Address{street='Oxford St', city='London', postalCode='W1D 2', country='UK'}
Number of Courses: 4
------------------------

Sorting by Address City:
Student{firstName='Bfczyih', lastName='Arvalarcmuudk', studentId=7794, gpa=2.23384767740436}
Student{firstName='Jhabtzr', lastName='Xpkpnyqw', studentId=8592, gpa=1.2530815315281256}
Student{firstName='Wwfez', lastName='Proiutwslsrbmh', studentId=7202, gpa=1.695738452250415}
Student{firstName='Jppzesmfw', lastName='Jxoquiri', studentId=8864, gpa=3.7549836511336823}
Student{firstName='Ercvodeo', lastName='Ylrmvelbslw', studentId=6647, gpa=3.003252521963376}
]]></system-out>
  </testcase>
  <testcase name="testFirstNameComparator" classname="com.sorting.StudentSortingTest" time="0.019">
    <system-out><![CDATA[
Generated Test Students:
------------------------
Student ID: 1712
Name: Zkvhb Svwzvtssqrzbx
Birth Date: 2007-06-03
GPA: 3.523952348701469
Address: Address{street='Broadway', city='Chicago', postalCode='60601', country='USA'}
Number of Courses: 1
------------------------
Student ID: 9603
Name: Uqzpjoin Zlloizkprpfruz
Birth Date: 2005-06-03
GPA: 1.7598668364847423
Address: Address{street='Market St', city='San Francisco', postalCode='94105', country='USA'}
Number of Courses: 2
------------------------
Student ID: 1665
Name: Ydkpyzjy Lorrlmc
Birth Date: 1998-06-03
GPA: 3.2660029904541066
Address: Address{street='Champs-Élysées', city='Paris', postalCode='75008', country='France'}
Number of Courses: 4
------------------------
Student ID: 8653
Name: Tpjahubb Wpjsmun
Birth Date: 1998-06-03
GPA: 2.941396036420892
Address: Address{street='Oxford St', city='London', postalCode='W1D 2', country='UK'}
Number of Courses: 2
------------------------
Student ID: 3647
Name: Kozdvfpgug Cqzhfenwhmuh
Birth Date: 2001-06-03
GPA: 2.3232474183029646
Address: Address{street='Champs-Élysées', city='Paris', postalCode='75008', country='France'}
Number of Courses: 2
------------------------
Student ID: 1456
Name: Tdivcbd Nkjtt
Birth Date: 2005-06-03
GPA: 1.7169537065039133
Address: Address{street='Main St', city='New York', postalCode='10001', country='USA'}
Number of Courses: 3
------------------------
Student ID: 1823
Name: Uvpsfvumps Jfstciiirnnciij
Birth Date: 2004-06-03
GPA: 1.778050122903512
Address: Address{street='Main St', city='New York', postalCode='10001', country='USA'}
Number of Courses: 4
------------------------
Student ID: 4859
Name: Xyegqmrnr Jotbxgec
Birth Date: 2003-06-03
GPA: 1.2008703827813787
Address: Address{street='Main St', city='New York', postalCode='10001', country='USA'}
Number of Courses: 2
------------------------
Student ID: 5163
Name: Bheltboyu Oyuinxnebaenvf
Birth Date: 1999-06-03
GPA: 3.991550171057511
Address: Address{street='Oxford St', city='London', postalCode='W1D 2', country='UK'}
Number of Courses: 3
------------------------
Student ID: 4008
Name: Iiyjmg Etjlpvdxdntibf
Birth Date: 2000-06-03
GPA: 1.7342280747419136
Address: Address{street='Market St', city='San Francisco', postalCode='94105', country='USA'}
Number of Courses: 2
------------------------
Student ID: 2416
Name: Pxaolwhnr Hwnsx
Birth Date: 2006-06-03
GPA: 3.4520309873073503
Address: Address{street='Oxford St', city='London', postalCode='W1D 2', country='UK'}
Number of Courses: 3
------------------------
Student ID: 4192
Name: Qtwaysjg Tfftnpkwpwz
Birth Date: 2005-06-03
GPA: 2.0616498251623416
Address: Address{street='Champs-Élysées', city='Paris', postalCode='75008', country='France'}
Number of Courses: 2
------------------------
Student ID: 6887
Name: Qnqeyaenar Oclzqpxxbhqtnz
Birth Date: 2000-06-03
GPA: 3.920145698999677
Address: Address{street='Main St', city='New York', postalCode='10001', country='USA'}
Number of Courses: 4
------------------------
Student ID: 4408
Name: Ipaifnknx Zgjtfilmpxcz
Birth Date: 2006-06-03
GPA: 1.2137836831037974
Address: Address{street='Market St', city='San Francisco', postalCode='94105', country='USA'}
Number of Courses: 4
------------------------
Student ID: 7833
Name: Pwkmfwp Chvviqqoesuj
Birth Date: 2004-06-03
GPA: 1.3851516733090905
Address: Address{street='Oxford St', city='London', postalCode='W1D 2', country='UK'}
Number of Courses: 2
------------------------
Student ID: 1023
Name: Eocupmad Qimkyntnbtcctlp
Birth Date: 2002-06-03
GPA: 3.363552248817185
Address: Address{street='Main St', city='New York', postalCode='10001', country='USA'}
Number of Courses: 4
------------------------
Student ID: 2537
Name: Zicvzokiet Lyqfaihhyapsncq
Birth Date: 2003-06-03
GPA: 1.7365653236297829
Address: Address{street='Oxford St', city='London', postalCode='W1D 2', country='UK'}
Number of Courses: 1
------------------------
Student ID: 3609
Name: Gqaxgv Ppznn
Birth Date: 1999-06-03
GPA: 1.842587867397821
Address: Address{street='Champs-Élysées', city='Paris', postalCode='75008', country='France'}
Number of Courses: 4
------------------------
Student ID: 4806
Name: Qqmnxiuon Myqgfc
Birth Date: 1999-06-03
GPA: 2.879971260506553
Address: Address{street='Broadway', city='Chicago', postalCode='60601', country='USA'}
Number of Courses: 3
------------------------
Student ID: 3009
Name: Ualxwfjag Biqezx
Birth Date: 2001-06-03
GPA: 1.6586304462674486
Address: Address{street='Market St', city='San Francisco', postalCode='94105', country='USA'}
Number of Courses: 1
------------------------
Student ID: 2271
Name: Cdccxdmt Nwhniepxxwu
Birth Date: 2005-06-03
GPA: 2.1162745521927304
Address: Address{street='Champs-Élysées', city='Paris', postalCode='75008', country='France'}
Number of Courses: 4
------------------------
Student ID: 8826
Name: Zianbrskv Tsjelrjsk
Birth Date: 2007-06-03
GPA: 1.5282673265368714
Address: Address{street='Champs-Élysées', city='Paris', postalCode='75008', country='France'}
Number of Courses: 1
------------------------
Student ID: 5811
Name: Qsotnqvqlr Zhfirfsjoinrc
Birth Date: 2000-06-03
GPA: 2.5124267604043355
Address: Address{street='Oxford St', city='London', postalCode='W1D 2', country='UK'}
Number of Courses: 4
------------------------
Student ID: 6978
Name: Jibqaz Gfxyzzlgosrm
Birth Date: 2004-06-03
GPA: 1.3988520846031847
Address: Address{street='Market St', city='San Francisco', postalCode='94105', country='USA'}
Number of Courses: 2
------------------------
Student ID: 3180
Name: Sgnipw Cviujegqpngqsx
Birth Date: 2003-06-03
GPA: 2.003015933719774
Address: Address{street='Broadway', city='Chicago', postalCode='60601', country='USA'}
Number of Courses: 3
------------------------
Student ID: 6590
Name: Ptvgh Xewen
Birth Date: 2003-06-03
GPA: 1.729888630976076
Address: Address{street='Broadway', city='Chicago', postalCode='60601', country='USA'}
Number of Courses: 1
------------------------
Student ID: 1526
Name: Kcsehoy Xcdwus
Birth Date: 2002-06-03
GPA: 3.3831387316911106
Address: Address{street='Main St', city='New York', postalCode='10001', country='USA'}
Number of Courses: 4
------------------------
Student ID: 7259
Name: Bdqscvpebq Mgcxqrqh
Birth Date: 2007-06-03
GPA: 1.9104980231268158
Address: Address{street='Market St', city='San Francisco', postalCode='94105', country='USA'}
Number of Courses: 3
------------------------
Student ID: 9425
Name: Doyeba Txzileldb
Birth Date: 2000-06-03
GPA: 2.4787403106046657
Address: Address{street='Market St', city='San Francisco', postalCode='94105', country='USA'}
Number of Courses: 1
------------------------
Student ID: 3990
Name: Zttnmvz Yzwshsawobwvx
Birth Date: 2005-06-03
GPA: 2.9483168030266715
Address: Address{street='Main St', city='New York', postalCode='10001', country='USA'}
Number of Courses: 3
------------------------
Student ID: 5428
Name: Yspsqdhi Ntxhqgbw
Birth Date: 2000-06-03
GPA: 1.2566564748317675
Address: Address{street='Oxford St', city='London', postalCode='W1D 2', country='UK'}
Number of Courses: 3
------------------------
Student ID: 3276
Name: Bxogr Eesrjb
Birth Date: 2007-06-03
GPA: 3.0565379749566977
Address: Address{street='Market St', city='San Francisco', postalCode='94105', country='USA'}
Number of Courses: 4
------------------------
Student ID: 5770
Name: Dbmmupejl Xikaopkpacr
Birth Date: 1998-06-03
GPA: 3.124352689423032
Address: Address{street='Broadway', city='Chicago', postalCode='60601', country='USA'}
Number of Courses: 1
------------------------
Student ID: 5968
Name: Npvrntfxi Blkehefk
Birth Date: 2007-06-03
GPA: 2.2500776351200305
Address: Address{street='Champs-Élysées', city='Paris', postalCode='75008', country='France'}
Number of Courses: 3
------------------------
Student ID: 2280
Name: Unxgwr Oebrsjopon
Birth Date: 2007-06-03
GPA: 2.3650878816615446
Address: Address{street='Market St', city='San Francisco', postalCode='94105', country='USA'}
Number of Courses: 1
------------------------
Student ID: 8773
Name: Brbsovb Jtkqczdeumdxhy
Birth Date: 2005-06-03
GPA: 3.874073858230642
Address: Address{street='Champs-Élysées', city='Paris', postalCode='75008', country='France'}
Number of Courses: 1
------------------------
Student ID: 9487
Name: Jasoqrk Qwhazjevlr
Birth Date: 2002-06-03
GPA: 3.7085923150053435
Address: Address{street='Market St', city='San Francisco', postalCode='94105', country='USA'}
Number of Courses: 3
------------------------
Student ID: 2084
Name: Fxtcway Fxupjluggeo
Birth Date: 1999-06-03
GPA: 3.3539625553803147
Address: Address{street='Market St', city='San Francisco', postalCode='94105', country='USA'}
Number of Courses: 4
------------------------
Student ID: 9445
Name: Aetutopij Xcuvztsimy
Birth Date: 2005-06-03
GPA: 1.2155801769782275
Address: Address{street='Oxford St', city='London', postalCode='W1D 2', country='UK'}
Number of Courses: 3
------------------------
Student ID: 7542
Name: Atupd Fzkuizcrmwyssjh
Birth Date: 1999-06-03
GPA: 3.6855669322028737
Address: Address{street='Market St', city='San Francisco', postalCode='94105', country='USA'}
Number of Courses: 3
------------------------
Student ID: 4562
Name: Ojfwo Ibzktrrky
Birth Date: 2003-06-03
GPA: 3.7920744803741884
Address: Address{street='Champs-Élysées', city='Paris', postalCode='75008', country='France'}
Number of Courses: 4
------------------------
Student ID: 5786
Name: Wrjyoszdn Hzpcwfebzfhkh
Birth Date: 2006-06-03
GPA: 3.1971712873747613
Address: Address{street='Oxford St', city='London', postalCode='W1D 2', country='UK'}
Number of Courses: 1
------------------------
Student ID: 9761
Name: Pqjnzpdieu Ewztg
Birth Date: 2002-06-03
GPA: 2.916481769022971
Address: Address{street='Champs-Élysées', city='Paris', postalCode='75008', country='France'}
Number of Courses: 2
------------------------
Student ID: 7197
Name: Mrfgwqh Yrchxmsqf
Birth Date: 2005-06-03
GPA: 2.531247718790644
Address: Address{street='Broadway', city='Chicago', postalCode='60601', country='USA'}
Number of Courses: 3
------------------------
Student ID: 7814
Name: Dsmmi Ylnndbywvkjb
Birth Date: 2005-06-03
GPA: 3.2846420928056417
Address: Address{street='Oxford St', city='London', postalCode='W1D 2', country='UK'}
Number of Courses: 2
------------------------
Student ID: 2303
Name: Ugpfj Naqsmd
Birth Date: 2000-06-03
GPA: 3.6135423260709683
Address: Address{street='Oxford St', city='London', postalCode='W1D 2', country='UK'}
Number of Courses: 4
------------------------
Student ID: 9125
Name: Jdlxgqx Zobzfizwqbud
Birth Date: 2005-06-03
GPA: 1.9410715282287456
Address: Address{street='Market St', city='San Francisco', postalCode='94105', country='USA'}
Number of Courses: 1
------------------------
Student ID: 9138
Name: Tnqnpj Muduvp
Birth Date: 2002-06-03
GPA: 3.247562516057953
Address: Address{street='Market St', city='San Francisco', postalCode='94105', country='USA'}
Number of Courses: 4
------------------------
Student ID: 6059
Name: Mjlkf Mwhsjpuczjyjx
Birth Date: 2006-06-03
GPA: 2.2992910313298935
Address: Address{street='Champs-Élysées', city='Paris', postalCode='75008', country='France'}
Number of Courses: 1
------------------------
Student ID: 3100
Name: Sgrlpicbb Fpltdu
Birth Date: 2000-06-03
GPA: 2.8088803486546703
Address: Address{street='Champs-Élysées', city='Paris', postalCode='75008', country='France'}
Number of Courses: 3
------------------------
Student ID: 3366
Name: Ltxqcdyrfu Mdigjqqvnt
Birth Date: 1998-06-03
GPA: 2.141125080073238
Address: Address{street='Oxford St', city='London', postalCode='W1D 2', country='UK'}
Number of Courses: 3
------------------------
Student ID: 6639
Name: Uiknxurh Qucnx
Birth Date: 2004-06-03
GPA: 1.3167536485444482
Address: Address{street='Broadway', city='Chicago', postalCode='60601', country='USA'}
Number of Courses: 1
------------------------
Student ID: 4944
Name: Bkfplhi Ohrdwfirrxdfq
Birth Date: 1998-06-03
GPA: 2.4909905580578653
Address: Address{street='Oxford St', city='London', postalCode='W1D 2', country='UK'}
Number of Courses: 4
------------------------
Student ID: 4564
Name: Ceszdwpc Qtrsylbgpxln
Birth Date: 2003-06-03
GPA: 2.691979659212673
Address: Address{street='Market St', city='San Francisco', postalCode='94105', country='USA'}
Number of Courses: 1
------------------------
Student ID: 8028
Name: Nyuhflzo Ngghonjfssg
Birth Date: 2004-06-03
GPA: 2.468100414316574
Address: Address{street='Market St', city='San Francisco', postalCode='94105', country='USA'}
Number of Courses: 3
------------------------
Student ID: 2385
Name: Thmfbwqhqe Kloovo
Birth Date: 2005-06-03
GPA: 2.0049392299990045
Address: Address{street='Broadway', city='Chicago', postalCode='60601', country='USA'}
Number of Courses: 4
------------------------
Student ID: 9354
Name: Epakxagc Qxshvtdxf
Birth Date: 2002-06-03
GPA: 1.2764630987816257
Address: Address{street='Main St', city='New York', postalCode='10001', country='USA'}
Number of Courses: 4
------------------------
Student ID: 2260
Name: Amdhqkaf Kgenkp
Birth Date: 2004-06-03
GPA: 1.962675624371772
Address: Address{street='Oxford St', city='London', postalCode='W1D 2', country='UK'}
Number of Courses: 3
------------------------
Student ID: 6454
Name: Anylzyk Effolt
Birth Date: 2005-06-03
GPA: 1.2078780056324137
Address: Address{street='Oxford St', city='London', postalCode='W1D 2', country='UK'}
Number of Courses: 3
------------------------
Student ID: 5646
Name: Kmjbmh Rfgkjhybp
Birth Date: 2001-06-03
GPA: 1.0879592039035937
Address: Address{street='Main St', city='New York', postalCode='10001', country='USA'}
Number of Courses: 2
------------------------
Student ID: 7688
Name: Atatew Cgxsooqmtr
Birth Date: 2004-06-03
GPA: 3.658854740935502
Address: Address{street='Main St', city='New York', postalCode='10001', country='USA'}
Number of Courses: 3
------------------------
Student ID: 6665
Name: Hgcqxgz Yzfwzz
Birth Date: 2000-06-03
GPA: 2.275378834753927
Address: Address{street='Market St', city='San Francisco', postalCode='94105', country='USA'}
Number of Courses: 3
------------------------
Student ID: 4918
Name: Hzqsqcqqv Syqrqqgtfz
Birth Date: 2006-06-03
GPA: 1.3576317530782598
Address: Address{street='Main St', city='New York', postalCode='10001', country='USA'}
Number of Courses: 1
------------------------
Student ID: 1839
Name: Xagouc Osyrw
Birth Date: 2004-06-03
GPA: 1.3227949173836437
Address: Address{street='Oxford St', city='London', postalCode='W1D 2', country='UK'}
Number of Courses: 2
------------------------
Student ID: 4124
Name: Jpbbv Dxldjync
Birth Date: 2006-06-03
GPA: 3.307294884406807
Address: Address{street='Main St', city='New York', postalCode='10001', country='USA'}
Number of Courses: 3
------------------------
Student ID: 6686
Name: Xrjjlea Qpylfxwree
Birth Date: 2006-06-03
GPA: 2.1454044528400873
Address: Address{street='Main St', city='New York', postalCode='10001', country='USA'}
Number of Courses: 1
------------------------
Student ID: 8525
Name: Levctmwl Yzmxlnup
Birth Date: 2003-06-03
GPA: 1.6403073738464815
Address: Address{street='Main St', city='New York', postalCode='10001', country='USA'}
Number of Courses: 4
------------------------
Student ID: 1649
Name: Rinitfq Rtkot
Birth Date: 2006-06-03
GPA: 3.401883242707422
Address: Address{street='Main St', city='New York', postalCode='10001', country='USA'}
Number of Courses: 1
------------------------
Student ID: 9429
Name: Tgiqxhf Gqbgyzdx
Birth Date: 2001-06-03
GPA: 2.6398944527902994
Address: Address{street='Main St', city='New York', postalCode='10001', country='USA'}
Number of Courses: 4
------------------------
Student ID: 5604
Name: Tmpupjxqt Fdbaf
Birth Date: 2006-06-03
GPA: 2.660868366958948
Address: Address{street='Champs-Élysées', city='Paris', postalCode='75008', country='France'}
Number of Courses: 3
------------------------
Student ID: 6418
Name: Qmmmcquvxg Fxkaw
Birth Date: 2003-06-03
GPA: 1.2091759388279475
Address: Address{street='Champs-Élysées', city='Paris', postalCode='75008', country='France'}
Number of Courses: 3
------------------------
Student ID: 8960
Name: Mqhwbbiknl Tebtyipzsz
Birth Date: 2000-06-03
GPA: 3.8844664517956327
Address: Address{street='Oxford St', city='London', postalCode='W1D 2', country='UK'}
Number of Courses: 4
------------------------
Student ID: 2452
Name: Dcjjydsv Mshihuzjf
Birth Date: 1999-06-03
GPA: 1.0195856285124465
Address: Address{street='Oxford St', city='London', postalCode='W1D 2', country='UK'}
Number of Courses: 3
------------------------
Student ID: 7413
Name: Lrwurzmj Mtkwmziimm
Birth Date: 2005-06-03
GPA: 2.7058390936960928
Address: Address{street='Main St', city='New York', postalCode='10001', country='USA'}
Number of Courses: 1
------------------------
Student ID: 3054
Name: Hpshcxnefl Vzylp
Birth Date: 2000-06-03
GPA: 2.2178693791642115
Address: Address{street='Main St', city='New York', postalCode='10001', country='USA'}
Number of Courses: 4
------------------------
Student ID: 3417
Name: Nttyossam Tbdbuojto
Birth Date: 1999-06-03
GPA: 2.1289786934697275
Address: Address{street='Champs-Élysées', city='Paris', postalCode='75008', country='France'}
Number of Courses: 4
------------------------
Student ID: 5752
Name: Kkguhyysmt Fgjtxgeyq
Birth Date: 1999-06-03
GPA: 1.6397419925648282
Address: Address{street='Champs-Élysées', city='Paris', postalCode='75008', country='France'}
Number of Courses: 1
------------------------
Student ID: 2788
Name: Nkjvchdi Ugezo
Birth Date: 2004-06-03
GPA: 3.0470321447713573
Address: Address{street='Market St', city='San Francisco', postalCode='94105', country='USA'}
Number of Courses: 4
------------------------
Student ID: 7617
Name: Fxgbyivmbq Kyllolt
Birth Date: 2007-06-03
GPA: 1.112529832805777
Address: Address{street='Champs-Élysées', city='Paris', postalCode='75008', country='France'}
Number of Courses: 2
------------------------
Student ID: 1329
Name: Kjsffd Upytdxtyqil
Birth Date: 2002-06-03
GPA: 3.1142562721225246
Address: Address{street='Market St', city='San Francisco', postalCode='94105', country='USA'}
Number of Courses: 2
------------------------
Student ID: 2389
Name: Dqthdglk Alajzkmsnksfy
Birth Date: 2007-06-03
GPA: 2.2290400322826933
Address: Address{street='Main St', city='New York', postalCode='10001', country='USA'}
Number of Courses: 2
------------------------
Student ID: 6978
Name: Gajiqewb Gzsufhlxi
Birth Date: 2002-06-03
GPA: 2.6782344901247974
Address: Address{street='Market St', city='San Francisco', postalCode='94105', country='USA'}
Number of Courses: 4
------------------------
Student ID: 5068
Name: Qsoekveuoh Dkabstdx
Birth Date: 2002-06-03
GPA: 3.1250649235250925
Address: Address{street='Market St', city='San Francisco', postalCode='94105', country='USA'}
Number of Courses: 3
------------------------
Student ID: 4241
Name: Qgxsolenlg Mqbbqfa
Birth Date: 2001-06-03
GPA: 1.429020395631682
Address: Address{street='Main St', city='New York', postalCode='10001', country='USA'}
Number of Courses: 1
------------------------
Student ID: 6359
Name: Xbput Bbxfpvzntoyvjen
Birth Date: 2000-06-03
GPA: 3.32556876905461
Address: Address{street='Oxford St', city='London', postalCode='W1D 2', country='UK'}
Number of Courses: 4
------------------------
Student ID: 7032
Name: Ngxapoc Lsgeqtcwoil
Birth Date: 1999-06-03
GPA: 3.8362220750286022
Address: Address{street='Champs-Élysées', city='Paris', postalCode='75008', country='France'}
Number of Courses: 2
------------------------
Student ID: 1845
Name: Vccfaetlzb Tismaoz
Birth Date: 2007-06-03
GPA: 3.941250991953024
Address: Address{street='Main St', city='New York', postalCode='10001', country='USA'}
Number of Courses: 2
------------------------
Student ID: 2661
Name: Wzexcpw Ofehr
Birth Date: 2002-06-03
GPA: 1.0294896642675666
Address: Address{street='Main St', city='New York', postalCode='10001', country='USA'}
Number of Courses: 2
------------------------
Student ID: 6393
Name: Lkuivhupid Xowdmhnruwpex
Birth Date: 2004-06-03
GPA: 1.0206395313632037
Address: Address{street='Champs-Élysées', city='Paris', postalCode='75008', country='France'}
Number of Courses: 3
------------------------
Student ID: 3185
Name: Thxwfxcw Vufmawxutcexbha
Birth Date: 2001-06-03
GPA: 1.9581814477065642
Address: Address{street='Champs-Élysées', city='Paris', postalCode='75008', country='France'}
Number of Courses: 1
------------------------
Student ID: 2162
Name: Rbiyhxjn Zdjdv
Birth Date: 2007-06-03
GPA: 3.965482890910156
Address: Address{street='Oxford St', city='London', postalCode='W1D 2', country='UK'}
Number of Courses: 3
------------------------
Student ID: 4317
Name: Gkfvvfp Gtywmocp
Birth Date: 1999-06-03
GPA: 3.440480985128394
Address: Address{street='Market St', city='San Francisco', postalCode='94105', country='USA'}
Number of Courses: 1
------------------------
Student ID: 2874
Name: Nvylvr Uvtrtjmwi
Birth Date: 2000-06-03
GPA: 1.8758687938059304
Address: Address{street='Broadway', city='Chicago', postalCode='60601', country='USA'}
Number of Courses: 2
------------------------
Student ID: 7354
Name: Iineut Nakzlq
Birth Date: 2000-06-03
GPA: 3.1594720748140688
Address: Address{street='Broadway', city='Chicago', postalCode='60601', country='USA'}
Number of Courses: 1
------------------------
Student ID: 4992
Name: Dwbji Itctnim
Birth Date: 2004-06-03
GPA: 2.3146565658267715
Address: Address{street='Oxford St', city='London', postalCode='W1D 2', country='UK'}
Number of Courses: 3
------------------------
Student ID: 1458
Name: Yoymhwr Xkqjnby
Birth Date: 2004-06-03
GPA: 1.8751387551192438
Address: Address{street='Champs-Élysées', city='Paris', postalCode='75008', country='France'}
Number of Courses: 4
------------------------
Student ID: 3024
Name: Zlleszqnwu Zcrlwk
Birth Date: 2003-06-03
GPA: 3.646063260243631
Address: Address{street='Main St', city='New York', postalCode='10001', country='USA'}
Number of Courses: 4
------------------------
Student ID: 4130
Name: Jihyj Nhdnn
Birth Date: 2003-06-03
GPA: 2.255996054206909
Address: Address{street='Main St', city='New York', postalCode='10001', country='USA'}
Number of Courses: 2
------------------------
Student ID: 2609
Name: Siebbmt Vdtjahmxvzft
Birth Date: 2002-06-03
GPA: 1.3860067068499236
Address: Address{street='Main St', city='New York', postalCode='10001', country='USA'}
Number of Courses: 1
------------------------
Student ID: 5466
Name: Bqrcgqh Autteozdwc
Birth Date: 2003-06-03
GPA: 2.6973582913844445
Address: Address{street='Main St', city='New York', postalCode='10001', country='USA'}
Number of Courses: 2
------------------------

Sorting by First Name (Anonymous Class):
Student{firstName='Aetutopij', lastName='Xcuvztsimy', studentId=9445, gpa=1.2155801769782275}
Student{firstName='Amdhqkaf', lastName='Kgenkp', studentId=2260, gpa=1.962675624371772}
Student{firstName='Anylzyk', lastName='Effolt', studentId=6454, gpa=1.2078780056324137}
Student{firstName='Atatew', lastName='Cgxsooqmtr', studentId=7688, gpa=3.658854740935502}
Student{firstName='Atupd', lastName='Fzkuizcrmwyssjh', studentId=7542, gpa=3.6855669322028737}
]]></system-out>
  </testcase>
  <testcase name="testLastNameComparator" classname="com.sorting.StudentSortingTest" time="0.012">
    <system-out><![CDATA[
Generated Test Students:
------------------------
Student ID: 4044
Name: Vjuaa Ethphaemujk
Birth Date: 2002-06-03
GPA: 2.920652249115811
Address: Address{street='Oxford St', city='London', postalCode='W1D 2', country='UK'}
Number of Courses: 3
------------------------
Student ID: 9503
Name: Vethozqhq Unurdp
Birth Date: 2004-06-03
GPA: 1.4447609915577506
Address: Address{street='Market St', city='San Francisco', postalCode='94105', country='USA'}
Number of Courses: 1
------------------------
Student ID: 8677
Name: Mwjlxodmp Fanbmodbod
Birth Date: 2005-06-03
GPA: 1.2997148257007367
Address: Address{street='Broadway', city='Chicago', postalCode='60601', country='USA'}
Number of Courses: 3
------------------------
Student ID: 2086
Name: Meshm Yjbrbbwggekpntx
Birth Date: 2006-06-03
GPA: 1.330658202640735
Address: Address{street='Broadway', city='Chicago', postalCode='60601', country='USA'}
Number of Courses: 1
------------------------
Student ID: 9885
Name: Zkrioqf Tscgjgcwuwgali
Birth Date: 1998-06-03
GPA: 1.1893064385028367
Address: Address{street='Champs-Élysées', city='Paris', postalCode='75008', country='France'}
Number of Courses: 1
------------------------
Student ID: 8286
Name: Lqorwpy Qjbwpivwdiopwz
Birth Date: 2001-06-03
GPA: 1.239583690611266
Address: Address{street='Broadway', city='Chicago', postalCode='60601', country='USA'}
Number of Courses: 3
------------------------
Student ID: 6761
Name: Fbttquhku Qlvbyscxaxqqrw
Birth Date: 2002-06-03
GPA: 2.0021699345253814
Address: Address{street='Oxford St', city='London', postalCode='W1D 2', country='UK'}
Number of Courses: 2
------------------------
Student ID: 5473
Name: Uumpvul Wdcvh
Birth Date: 2003-06-03
GPA: 1.1378063934972782
Address: Address{street='Oxford St', city='London', postalCode='W1D 2', country='UK'}
Number of Courses: 3
------------------------
Student ID: 7006
Name: Mluvqkvpae Ixqxsaoq
Birth Date: 1999-06-03
GPA: 2.9021285726428494
Address: Address{street='Market St', city='San Francisco', postalCode='94105', country='USA'}
Number of Courses: 4
------------------------
Student ID: 8988
Name: Ajwis Vgfoo
Birth Date: 2002-06-03
GPA: 2.110171259355035
Address: Address{street='Broadway', city='Chicago', postalCode='60601', country='USA'}
Number of Courses: 2
------------------------
Student ID: 8856
Name: Lmfitlyfj Rhumfdxq
Birth Date: 2004-06-03
GPA: 2.4662686301813905
Address: Address{street='Oxford St', city='London', postalCode='W1D 2', country='UK'}
Number of Courses: 2
------------------------
Student ID: 7093
Name: Hlnfosga Jqporurevz
Birth Date: 2000-06-03
GPA: 2.0113208660849202
Address: Address{street='Main St', city='New York', postalCode='10001', country='USA'}
Number of Courses: 1
------------------------
Student ID: 7208
Name: Snyidsm Zljgjcaibfvp
Birth Date: 2005-06-03
GPA: 3.7323290953986246
Address: Address{street='Market St', city='San Francisco', postalCode='94105', country='USA'}
Number of Courses: 2
------------------------
Student ID: 3438
Name: Fcwtxr Olgvyxppkuz
Birth Date: 2006-06-03
GPA: 2.9857647720893072
Address: Address{street='Market St', city='San Francisco', postalCode='94105', country='USA'}
Number of Courses: 3
------------------------
Student ID: 5836
Name: Mvjolepph Ihjtsinm
Birth Date: 2007-06-03
GPA: 1.972107384844111
Address: Address{street='Oxford St', city='London', postalCode='W1D 2', country='UK'}
Number of Courses: 4
------------------------
Student ID: 9184
Name: Krbofrfh Baqowgiea
Birth Date: 1998-06-03
GPA: 3.038682423724751
Address: Address{street='Oxford St', city='London', postalCode='W1D 2', country='UK'}
Number of Courses: 3
------------------------
Student ID: 3612
Name: Iqzybqks Dmhgchhcoqhhlo
Birth Date: 1999-06-03
GPA: 3.7725589099444012
Address: Address{street='Main St', city='New York', postalCode='10001', country='USA'}
Number of Courses: 4
------------------------
Student ID: 5416
Name: Rsfuy Gnqprq
Birth Date: 2004-06-03
GPA: 2.8989064603192136
Address: Address{street='Broadway', city='Chicago', postalCode='60601', country='USA'}
Number of Courses: 1
------------------------
Student ID: 1296
Name: Cxcjcv Ovpcziuteftzvvk
Birth Date: 2003-06-03
GPA: 3.3174878758441224
Address: Address{street='Champs-Élysées', city='Paris', postalCode='75008', country='France'}
Number of Courses: 4
------------------------
Student ID: 8277
Name: Ykyre Tadssqctsgkxgx
Birth Date: 2005-06-03
GPA: 2.9094312076135345
Address: Address{street='Main St', city='New York', postalCode='10001', country='USA'}
Number of Courses: 4
------------------------
Student ID: 2463
Name: Pyhhu Yhtzewyabg
Birth Date: 2000-06-03
GPA: 1.4760569142462368
Address: Address{street='Oxford St', city='London', postalCode='W1D 2', country='UK'}
Number of Courses: 3
------------------------
Student ID: 5384
Name: Lrxlxvhjs Tqiztajxvklqqt
Birth Date: 1998-06-03
GPA: 1.348743678135265
Address: Address{street='Champs-Élysées', city='Paris', postalCode='75008', country='France'}
Number of Courses: 2
------------------------
Student ID: 7647
Name: Qlyvvcuue Kyzuxwot
Birth Date: 2001-06-03
GPA: 3.0533808886110108
Address: Address{street='Champs-Élysées', city='Paris', postalCode='75008', country='France'}
Number of Courses: 2
------------------------
Student ID: 1880
Name: Zehxkpg Hurgaoqzha
Birth Date: 2007-06-03
GPA: 1.6159924836139457
Address: Address{street='Champs-Élysées', city='Paris', postalCode='75008', country='France'}
Number of Courses: 1
------------------------
Student ID: 1309
Name: Zvekzoxp Zglnfx
Birth Date: 2004-06-03
GPA: 3.489775372700869
Address: Address{street='Broadway', city='Chicago', postalCode='60601', country='USA'}
Number of Courses: 1
------------------------
Student ID: 6119
Name: Saewoxlal Lmfpczbvt
Birth Date: 2000-06-03
GPA: 3.0388942232644958
Address: Address{street='Main St', city='New York', postalCode='10001', country='USA'}
Number of Courses: 4
------------------------
Student ID: 5122
Name: Uxkbfbi Kzjlm
Birth Date: 2004-06-03
GPA: 3.6135690190269107
Address: Address{street='Broadway', city='Chicago', postalCode='60601', country='USA'}
Number of Courses: 4
------------------------
Student ID: 7165
Name: Egexvkkp Jnuwnfxeivwpwy
Birth Date: 1999-06-03
GPA: 2.703265882765846
Address: Address{street='Broadway', city='Chicago', postalCode='60601', country='USA'}
Number of Courses: 1
------------------------
Student ID: 3747
Name: Tlrxp Stykrsin
Birth Date: 2004-06-03
GPA: 1.6862755844313455
Address: Address{street='Main St', city='New York', postalCode='10001', country='USA'}
Number of Courses: 4
------------------------
Student ID: 3069
Name: Wlbemd Zucviuzuzpngifs
Birth Date: 2007-06-03
GPA: 2.8147674022601343
Address: Address{street='Main St', city='New York', postalCode='10001', country='USA'}
Number of Courses: 1
------------------------
Student ID: 5626
Name: Gammwlj Fkgbssdreigf
Birth Date: 2003-06-03
GPA: 3.616923581855848
Address: Address{street='Oxford St', city='London', postalCode='W1D 2', country='UK'}
Number of Courses: 1
------------------------
Student ID: 3597
Name: Ivxegtbdm Oerlyrubkqjvwz
Birth Date: 2003-06-03
GPA: 1.0005087587517654
Address: Address{street='Market St', city='San Francisco', postalCode='94105', country='USA'}
Number of Courses: 4
------------------------
Student ID: 9574
Name: Ekfkvbpbcn Krebbviutqkbrqa
Birth Date: 2003-06-03
GPA: 3.6799949635954685
Address: Address{street='Champs-Élysées', city='Paris', postalCode='75008', country='France'}
Number of Courses: 1
------------------------
Student ID: 3339
Name: Thtceofce Mdbgwlaxrypage
Birth Date: 1999-06-03
GPA: 1.683985754422756
Address: Address{street='Champs-Élysées', city='Paris', postalCode='75008', country='France'}
Number of Courses: 3
------------------------
Student ID: 4785
Name: Otytfdhlkq Nhwjc
Birth Date: 2000-06-03
GPA: 1.2813405759711842
Address: Address{street='Oxford St', city='London', postalCode='W1D 2', country='UK'}
Number of Courses: 1
------------------------
Student ID: 5818
Name: Vxpvxufb Kudzrloscd
Birth Date: 2007-06-03
GPA: 3.3305656964541077
Address: Address{street='Oxford St', city='London', postalCode='W1D 2', country='UK'}
Number of Courses: 1
------------------------
Student ID: 2352
Name: Dkgfhltekx Ombhhw
Birth Date: 2003-06-03
GPA: 3.406550559980631
Address: Address{street='Main St', city='New York', postalCode='10001', country='USA'}
Number of Courses: 1
------------------------
Student ID: 5195
Name: Nlupcg Zivykczurm
Birth Date: 2000-06-03
GPA: 3.521230329267494
Address: Address{street='Broadway', city='Chicago', postalCode='60601', country='USA'}
Number of Courses: 1
------------------------
Student ID: 8500
Name: Qqyifx Mfkefmnlnoidt
Birth Date: 2000-06-03
GPA: 2.8376038600791427
Address: Address{street='Champs-Élysées', city='Paris', postalCode='75008', country='France'}
Number of Courses: 4
------------------------
Student ID: 6021
Name: Ncazogzjis Lydnjxushfdzq
Birth Date: 2004-06-03
GPA: 1.2086845913072186
Address: Address{street='Main St', city='New York', postalCode='10001', country='USA'}
Number of Courses: 1
------------------------
Student ID: 7865
Name: Ijalaz Wzfspddt
Birth Date: 2001-06-03
GPA: 3.8904075467077437
Address: Address{street='Broadway', city='Chicago', postalCode='60601', country='USA'}
Number of Courses: 3
------------------------
Student ID: 1397
Name: Bkeejb Bdatixcrnhqipd
Birth Date: 2000-06-03
GPA: 1.0440812872658745
Address: Address{street='Main St', city='New York', postalCode='10001', country='USA'}
Number of Courses: 1
------------------------
Student ID: 8040
Name: Pkago Bijlwuhzr
Birth Date: 1999-06-03
GPA: 2.490936264129573
Address: Address{street='Market St', city='San Francisco', postalCode='94105', country='USA'}
Number of Courses: 1
------------------------
Student ID: 9125
Name: Jusdwxv Negkidqdzjqsjph
Birth Date: 2001-06-03
GPA: 1.1489510225175619
Address: Address{street='Oxford St', city='London', postalCode='W1D 2', country='UK'}
Number of Courses: 4
------------------------
Student ID: 8030
Name: Gmalkidlnx Omcdoenjilsma
Birth Date: 2005-06-03
GPA: 3.9086809935215467
Address: Address{street='Oxford St', city='London', postalCode='W1D 2', country='UK'}
Number of Courses: 2
------------------------
Student ID: 5974
Name: Axrxba Tlqymvq
Birth Date: 2004-06-03
GPA: 2.299522298878556
Address: Address{street='Champs-Élysées', city='Paris', postalCode='75008', country='France'}
Number of Courses: 2
------------------------
Student ID: 9276
Name: Mzwiqgklb Tefiwmvztx
Birth Date: 2006-06-03
GPA: 3.4006777975434996
Address: Address{street='Main St', city='New York', postalCode='10001', country='USA'}
Number of Courses: 4
------------------------
Student ID: 7279
Name: Onzhetoh Tioapcva
Birth Date: 2004-06-03
GPA: 3.0975558599257695
Address: Address{street='Main St', city='New York', postalCode='10001', country='USA'}
Number of Courses: 2
------------------------
Student ID: 5471
Name: Fignmtiowh Bdgpwleqfetq
Birth Date: 2001-06-03
GPA: 2.7367460080246016
Address: Address{street='Broadway', city='Chicago', postalCode='60601', country='USA'}
Number of Courses: 1
------------------------
Student ID: 5023
Name: Zlfguqcylu Aibuglxarxm
Birth Date: 2002-06-03
GPA: 1.5997731080650386
Address: Address{street='Main St', city='New York', postalCode='10001', country='USA'}
Number of Courses: 4
------------------------
Student ID: 7269
Name: Uepqvhwzc Ssdiv
Birth Date: 2006-06-03
GPA: 3.9776514907346723
Address: Address{street='Main St', city='New York', postalCode='10001', country='USA'}
Number of Courses: 3
------------------------
Student ID: 6655
Name: Zskxpz Oeiiavitbut
Birth Date: 2001-06-03
GPA: 1.768147329508697
Address: Address{street='Market St', city='San Francisco', postalCode='94105', country='USA'}
Number of Courses: 1
------------------------
Student ID: 7926
Name: Vzkllhurwj Iosfwfvoxmqyc
Birth Date: 2002-06-03
GPA: 2.6835003949303498
Address: Address{street='Main St', city='New York', postalCode='10001', country='USA'}
Number of Courses: 3
------------------------
Student ID: 6153
Name: Bfkhikie Dnsaqn
Birth Date: 2004-06-03
GPA: 2.12203493679955
Address: Address{street='Market St', city='San Francisco', postalCode='94105', country='USA'}
Number of Courses: 4
------------------------
Student ID: 2787
Name: Epusajkxe Abqjebr
Birth Date: 2000-06-03
GPA: 1.269810883073861
Address: Address{street='Market St', city='San Francisco', postalCode='94105', country='USA'}
Number of Courses: 1
------------------------
Student ID: 5003
Name: Uwenjxldfx Ninbskfmjwma
Birth Date: 2006-06-03
GPA: 3.257925772015385
Address: Address{street='Main St', city='New York', postalCode='10001', country='USA'}
Number of Courses: 3
------------------------
Student ID: 6646
Name: Nhzisz Jufsoqcehhemcz
Birth Date: 2005-06-03
GPA: 2.5560337172491208
Address: Address{street='Broadway', city='Chicago', postalCode='60601', country='USA'}
Number of Courses: 4
------------------------
Student ID: 1563
Name: Iltmtpswrd Rzfqmum
Birth Date: 2002-06-03
GPA: 1.21234694954429
Address: Address{street='Broadway', city='Chicago', postalCode='60601', country='USA'}
Number of Courses: 2
------------------------
Student ID: 8520
Name: Fhvdrb Bhhiqxrfab
Birth Date: 2004-06-03
GPA: 3.4905115011827226
Address: Address{street='Champs-Élysées', city='Paris', postalCode='75008', country='France'}
Number of Courses: 3
------------------------
Student ID: 2006
Name: Lkzgqagwmf Ewtcoczj
Birth Date: 2003-06-03
GPA: 3.4348080161113135
Address: Address{street='Oxford St', city='London', postalCode='W1D 2', country='UK'}
Number of Courses: 1
------------------------
Student ID: 6704
Name: Amfnljsv Duxwwnvzu
Birth Date: 2003-06-03
GPA: 3.658014525495707
Address: Address{street='Oxford St', city='London', postalCode='W1D 2', country='UK'}
Number of Courses: 4
------------------------
Student ID: 4224
Name: Sfwuoyo Vfzytqve
Birth Date: 2000-06-03
GPA: 3.2714826168727296
Address: Address{street='Champs-Élysées', city='Paris', postalCode='75008', country='France'}
Number of Courses: 1
------------------------
Student ID: 3206
Name: Snpfetroul Wqthmnyfehcq
Birth Date: 2006-06-03
GPA: 1.483506373452966
Address: Address{street='Market St', city='San Francisco', postalCode='94105', country='USA'}
Number of Courses: 2
------------------------
Student ID: 9096
Name: Xfxpoh Ygyegweyjp
Birth Date: 2002-06-03
GPA: 3.1989961421512847
Address: Address{street='Market St', city='San Francisco', postalCode='94105', country='USA'}
Number of Courses: 3
------------------------
Student ID: 3354
Name: Ucvoi Rebis
Birth Date: 1999-06-03
GPA: 3.3422131156728696
Address: Address{street='Main St', city='New York', postalCode='10001', country='USA'}
Number of Courses: 2
------------------------
Student ID: 8261
Name: Mkyda Baehtbdyzrkzk
Birth Date: 2007-06-03
GPA: 3.108107426444184
Address: Address{street='Champs-Élysées', city='Paris', postalCode='75008', country='France'}
Number of Courses: 3
------------------------
Student ID: 9498
Name: Hchesle Tynfnykajpc
Birth Date: 2001-06-03
GPA: 2.268601179903749
Address: Address{street='Oxford St', city='London', postalCode='W1D 2', country='UK'}
Number of Courses: 4
------------------------
Student ID: 1852
Name: Aogbvbgzq Frnqkhvah
Birth Date: 1999-06-03
GPA: 1.1151604573248743
Address: Address{street='Main St', city='New York', postalCode='10001', country='USA'}
Number of Courses: 2
------------------------
Student ID: 1379
Name: Uovcv Vitlt
Birth Date: 2005-06-03
GPA: 3.897199841461254
Address: Address{street='Broadway', city='Chicago', postalCode='60601', country='USA'}
Number of Courses: 1
------------------------
Student ID: 3171
Name: Oyhctd Utcoijekeam
Birth Date: 1999-06-03
GPA: 2.051137894281899
Address: Address{street='Champs-Élysées', city='Paris', postalCode='75008', country='France'}
Number of Courses: 1
------------------------
Student ID: 5432
Name: Szpodrmz Smiwlvj
Birth Date: 1999-06-03
GPA: 3.305478379056709
Address: Address{street='Broadway', city='Chicago', postalCode='60601', country='USA'}
Number of Courses: 3
------------------------
Student ID: 4662
Name: Zbzkdjity Nyjqzdsmi
Birth Date: 2005-06-03
GPA: 3.944841315919487
Address: Address{street='Broadway', city='Chicago', postalCode='60601', country='USA'}
Number of Courses: 3
------------------------
Student ID: 4430
Name: Uegemc Bdpgcjnmmt
Birth Date: 2006-06-03
GPA: 2.2980981565954512
Address: Address{street='Broadway', city='Chicago', postalCode='60601', country='USA'}
Number of Courses: 4
------------------------
Student ID: 6782
Name: Ifkygtyssw Jgukklsbchmf
Birth Date: 2007-06-03
GPA: 3.0247628542185825
Address: Address{street='Market St', city='San Francisco', postalCode='94105', country='USA'}
Number of Courses: 2
------------------------
Student ID: 4773
Name: Ytajaxtwvu Sbnhztcevzazfuc
Birth Date: 2006-06-03
GPA: 1.3556958655793576
Address: Address{street='Oxford St', city='London', postalCode='W1D 2', country='UK'}
Number of Courses: 3
------------------------
Student ID: 7937
Name: Ebxvlrrbb Fipjtwguhnv
Birth Date: 2004-06-03
GPA: 1.8954869640978256
Address: Address{street='Champs-Élysées', city='Paris', postalCode='75008', country='France'}
Number of Courses: 2
------------------------
Student ID: 5001
Name: Mcvatdcc Bznlriw
Birth Date: 2001-06-03
GPA: 2.3723205408329457
Address: Address{street='Champs-Élysées', city='Paris', postalCode='75008', country='France'}
Number of Courses: 1
------------------------
Student ID: 9405
Name: Grsrcqd Islugf
Birth Date: 2007-06-03
GPA: 3.321860344816438
Address: Address{street='Oxford St', city='London', postalCode='W1D 2', country='UK'}
Number of Courses: 1
------------------------
Student ID: 5978
Name: Hqidgdcjlf Cducb
Birth Date: 2003-06-03
GPA: 1.7296028336640878
Address: Address{street='Oxford St', city='London', postalCode='W1D 2', country='UK'}
Number of Courses: 2
------------------------
Student ID: 8311
Name: Qohap Ihbyto
Birth Date: 1999-06-03
GPA: 2.6629429412331285
Address: Address{street='Broadway', city='Chicago', postalCode='60601', country='USA'}
Number of Courses: 4
------------------------
Student ID: 9710
Name: Xfdopn Sofrxnnpxkfhb
Birth Date: 2007-06-03
GPA: 1.72781180997626
Address: Address{street='Broadway', city='Chicago', postalCode='60601', country='USA'}
Number of Courses: 2
------------------------
Student ID: 7910
Name: Xdyeinhfy Sppxgkmvcba
Birth Date: 2003-06-03
GPA: 2.3662338371431715
Address: Address{street='Champs-Élysées', city='Paris', postalCode='75008', country='France'}
Number of Courses: 4
------------------------
Student ID: 9169
Name: Krwzwjvbh Jdtjfx
Birth Date: 2006-06-03
GPA: 2.8074275741391106
Address: Address{street='Champs-Élysées', city='Paris', postalCode='75008', country='France'}
Number of Courses: 3
------------------------
Student ID: 9993
Name: Qmujopg Bguosfhvdzmf
Birth Date: 2007-06-03
GPA: 1.4035751087019708
Address: Address{street='Oxford St', city='London', postalCode='W1D 2', country='UK'}
Number of Courses: 4
------------------------
Student ID: 2826
Name: Llxtqwhmbq Syplfyo
Birth Date: 1999-06-03
GPA: 3.9524387145931636
Address: Address{street='Broadway', city='Chicago', postalCode='60601', country='USA'}
Number of Courses: 2
------------------------
Student ID: 7945
Name: Xigvrfcoi Qofadwplhinjk
Birth Date: 2004-06-03
GPA: 3.7681571614440235
Address: Address{street='Market St', city='San Francisco', postalCode='94105', country='USA'}
Number of Courses: 3
------------------------
Student ID: 2865
Name: Mtrwiukad Cgwjv
Birth Date: 1999-06-03
GPA: 1.4596797723918349
Address: Address{street='Main St', city='New York', postalCode='10001', country='USA'}
Number of Courses: 1
------------------------
Student ID: 6838
Name: Ckpfhfep Tvrwsuxauo
Birth Date: 1998-06-03
GPA: 3.2086274903046688
Address: Address{street='Oxford St', city='London', postalCode='W1D 2', country='UK'}
Number of Courses: 4
------------------------
Student ID: 5366
Name: Cvagg Emjdfxxdr
Birth Date: 2001-06-03
GPA: 3.0649524743238223
Address: Address{street='Market St', city='San Francisco', postalCode='94105', country='USA'}
Number of Courses: 4
------------------------
Student ID: 7004
Name: Wjkhboumod Xxpobz
Birth Date: 1999-06-03
GPA: 3.803899498759371
Address: Address{street='Champs-Élysées', city='Paris', postalCode='75008', country='France'}
Number of Courses: 2
------------------------
Student ID: 4586
Name: Yuiozwx Mnqlauovsa
Birth Date: 2002-06-03
GPA: 2.5440362213157597
Address: Address{street='Champs-Élysées', city='Paris', postalCode='75008', country='France'}
Number of Courses: 2
------------------------
Student ID: 2474
Name: Ywnub Elkfqyljwdi
Birth Date: 1998-06-03
GPA: 1.696075834487257
Address: Address{street='Champs-Élysées', city='Paris', postalCode='75008', country='France'}
Number of Courses: 2
------------------------
Student ID: 5507
Name: Ehkdrk Unpthbptjxmf
Birth Date: 1999-06-03
GPA: 3.2060054104287135
Address: Address{street='Oxford St', city='London', postalCode='W1D 2', country='UK'}
Number of Courses: 1
------------------------
Student ID: 8213
Name: Rshepjp Bjeufhjpoccpt
Birth Date: 1998-06-03
GPA: 1.0704219439233618
Address: Address{street='Oxford St', city='London', postalCode='W1D 2', country='UK'}
Number of Courses: 2
------------------------
Student ID: 3865
Name: Itrdbcvt Imcpvsbriogv
Birth Date: 2001-06-03
GPA: 3.231831721427274
Address: Address{street='Oxford St', city='London', postalCode='W1D 2', country='UK'}
Number of Courses: 2
------------------------
Student ID: 9539
Name: Uekmiu Vveml
Birth Date: 2002-06-03
GPA: 3.467413720082573
Address: Address{street='Champs-Élysées', city='Paris', postalCode='75008', country='France'}
Number of Courses: 2
------------------------
Student ID: 7240
Name: Wnlkmhdp Bnbqppav
Birth Date: 2007-06-03
GPA: 2.4394176414973052
Address: Address{street='Oxford St', city='London', postalCode='W1D 2', country='UK'}
Number of Courses: 4
------------------------
Student ID: 8004
Name: Eckly Vrfiydjfqxbpkmb
Birth Date: 1999-06-03
GPA: 2.8022732458522768
Address: Address{street='Market St', city='San Francisco', postalCode='94105', country='USA'}
Number of Courses: 1
------------------------
Student ID: 1341
Name: Ftfwxzk Uuxhvrhtvezllhh
Birth Date: 2003-06-03
GPA: 3.942268564547955
Address: Address{street='Oxford St', city='London', postalCode='W1D 2', country='UK'}
Number of Courses: 2
------------------------
Student ID: 2007
Name: Kkhwe Dalsvxjb
Birth Date: 2000-06-03
GPA: 1.9932636766290748
Address: Address{street='Oxford St', city='London', postalCode='W1D 2', country='UK'}
Number of Courses: 1
------------------------

Sorting by Last Name (Separate Class):
Student{firstName='Epusajkxe', lastName='Abqjebr', studentId=2787, gpa=1.269810883073861}
Student{firstName='Zlfguqcylu', lastName='Aibuglxarxm', studentId=5023, gpa=1.5997731080650386}
Student{firstName='Mkyda', lastName='Baehtbdyzrkzk', studentId=8261, gpa=3.108107426444184}
Student{firstName='Krbofrfh', lastName='Baqowgiea', studentId=9184, gpa=3.038682423724751}
Student{firstName='Bkeejb', lastName='Bdatixcrnhqipd', studentId=1397, gpa=1.0440812872658745}
]]></system-out>
  </testcase>
  <testcase name="testGPASort" classname="com.sorting.StudentSortingTest" time="0.025">
    <system-out><![CDATA[
Generated Test Students:
------------------------
Student ID: 7970
Name: Fggkzqu Puvpzfxp
Birth Date: 2007-06-03
GPA: 3.8291087562970323
Address: Address{street='Champs-Élysées', city='Paris', postalCode='75008', country='France'}
Number of Courses: 1
------------------------
Student ID: 5577
Name: Dkwxcnx Mewlgmherrpvllo
Birth Date: 2002-06-03
GPA: 2.6043649420261588
Address: Address{street='Main St', city='New York', postalCode='10001', country='USA'}
Number of Courses: 2
------------------------
Student ID: 8547
Name: Tldazqox Pckivqsifaepggg
Birth Date: 2002-06-03
GPA: 1.1996878174942485
Address: Address{street='Main St', city='New York', postalCode='10001', country='USA'}
Number of Courses: 2
------------------------
Student ID: 8599
Name: Lnuwkzqp Rrwdg
Birth Date: 2000-06-03
GPA: 1.5675813316833316
Address: Address{street='Broadway', city='Chicago', postalCode='60601', country='USA'}
Number of Courses: 1
------------------------
Student ID: 9258
Name: Lzejcp Cjpown
Birth Date: 2003-06-03
GPA: 1.7012429211307247
Address: Address{street='Main St', city='New York', postalCode='10001', country='USA'}
Number of Courses: 1
------------------------
Student ID: 9465
Name: Olqps Bzmgujymb
Birth Date: 2004-06-03
GPA: 1.8484213156051057
Address: Address{street='Main St', city='New York', postalCode='10001', country='USA'}
Number of Courses: 3
------------------------
Student ID: 7535
Name: Onfzbvhc Izhawsie
Birth Date: 2006-06-03
GPA: 1.94314240633681
Address: Address{street='Main St', city='New York', postalCode='10001', country='USA'}
Number of Courses: 3
------------------------
Student ID: 7813
Name: Ziolh Gbujvgv
Birth Date: 1998-06-03
GPA: 3.2147322234818922
Address: Address{street='Market St', city='San Francisco', postalCode='94105', country='USA'}
Number of Courses: 4
------------------------
Student ID: 9750
Name: Zpzjffaei Uxmqdpxrd
Birth Date: 2004-06-03
GPA: 3.366473070585896
Address: Address{street='Oxford St', city='London', postalCode='W1D 2', country='UK'}
Number of Courses: 3
------------------------
Student ID: 7201
Name: Axzhhbjqho Cmequkvrqhyi
Birth Date: 2005-06-03
GPA: 3.640201235782818
Address: Address{street='Main St', city='New York', postalCode='10001', country='USA'}
Number of Courses: 1
------------------------
Student ID: 2040
Name: Oczav Epabljpyfsyxjgb
Birth Date: 2000-06-03
GPA: 3.627695639897192
Address: Address{street='Champs-Élysées', city='Paris', postalCode='75008', country='France'}
Number of Courses: 1
------------------------
Student ID: 3475
Name: Lcjtv Ggyuevtocvlnsde
Birth Date: 2003-06-03
GPA: 1.7783807404707015
Address: Address{street='Oxford St', city='London', postalCode='W1D 2', country='UK'}
Number of Courses: 4
------------------------
Student ID: 2550
Name: Kwsgzijz Ejopjbsjxkzzqfk
Birth Date: 2001-06-03
GPA: 1.250037068293353
Address: Address{street='Champs-Élysées', city='Paris', postalCode='75008', country='France'}
Number of Courses: 1
------------------------
Student ID: 9546
Name: Wlegj Okxyzjjiqywqjqa
Birth Date: 2000-06-03
GPA: 2.171343902451107
Address: Address{street='Champs-Élysées', city='Paris', postalCode='75008', country='France'}
Number of Courses: 4
------------------------
Student ID: 4652
Name: Khbfxhix Dxtemrjad
Birth Date: 2003-06-03
GPA: 2.4626654859682278
Address: Address{street='Market St', city='San Francisco', postalCode='94105', country='USA'}
Number of Courses: 3
------------------------
Student ID: 3129
Name: Zdyqjkeoja Bepibhgntbuwnuk
Birth Date: 2001-06-03
GPA: 1.065814200699183
Address: Address{street='Market St', city='San Francisco', postalCode='94105', country='USA'}
Number of Courses: 2
------------------------
Student ID: 1842
Name: Otglhcccio Qzqsqkesmot
Birth Date: 2007-06-03
GPA: 3.504538589457085
Address: Address{street='Main St', city='New York', postalCode='10001', country='USA'}
Number of Courses: 2
------------------------
Student ID: 6165
Name: Zwykp Razisywyydwvip
Birth Date: 2000-06-03
GPA: 2.3505562892340626
Address: Address{street='Oxford St', city='London', postalCode='W1D 2', country='UK'}
Number of Courses: 3
------------------------
Student ID: 5770
Name: Yzxwfgoc Tsmmq
Birth Date: 1999-06-03
GPA: 1.7787018142162494
Address: Address{street='Main St', city='New York', postalCode='10001', country='USA'}
Number of Courses: 3
------------------------
Student ID: 1512
Name: Bpfstw Kqemahz
Birth Date: 2005-06-03
GPA: 2.6020279123999552
Address: Address{street='Main St', city='New York', postalCode='10001', country='USA'}
Number of Courses: 3
------------------------
Student ID: 8646
Name: Qrnuiehy Qofxzae
Birth Date: 2007-06-03
GPA: 1.9300449597455553
Address: Address{street='Main St', city='New York', postalCode='10001', country='USA'}
Number of Courses: 1
------------------------
Student ID: 6667
Name: Kbkbiq Fcxkpdg
Birth Date: 1999-06-03
GPA: 1.572853583578733
Address: Address{street='Broadway', city='Chicago', postalCode='60601', country='USA'}
Number of Courses: 3
------------------------
Student ID: 9119
Name: Tsmzyxkcop Afbmvlir
Birth Date: 2001-06-03
GPA: 2.7826810314551977
Address: Address{street='Champs-Élysées', city='Paris', postalCode='75008', country='France'}
Number of Courses: 2
------------------------
Student ID: 6645
Name: Twfifxlt Kkyiv
Birth Date: 2007-06-03
GPA: 3.1315531194815285
Address: Address{street='Champs-Élysées', city='Paris', postalCode='75008', country='France'}
Number of Courses: 1
------------------------
Student ID: 4122
Name: Tfuuzy Itlimv
Birth Date: 2006-06-03
GPA: 2.694201666868222
Address: Address{street='Oxford St', city='London', postalCode='W1D 2', country='UK'}
Number of Courses: 1
------------------------
Student ID: 5807
Name: Ivbbqucgo Kkdfzyigejqu
Birth Date: 2003-06-03
GPA: 1.3700834109245474
Address: Address{street='Market St', city='San Francisco', postalCode='94105', country='USA'}
Number of Courses: 1
------------------------
Student ID: 9667
Name: Feqdfn Yofrys
Birth Date: 2007-06-03
GPA: 1.6535675052505723
Address: Address{street='Main St', city='New York', postalCode='10001', country='USA'}
Number of Courses: 4
------------------------
Student ID: 2792
Name: Kcufeuyxo Feenh
Birth Date: 2005-06-03
GPA: 3.9074377987678313
Address: Address{street='Market St', city='San Francisco', postalCode='94105', country='USA'}
Number of Courses: 3
------------------------
Student ID: 2015
Name: Pcrhld Yoxkwu
Birth Date: 2000-06-03
GPA: 1.4676356926141962
Address: Address{street='Broadway', city='Chicago', postalCode='60601', country='USA'}
Number of Courses: 2
------------------------
Student ID: 8652
Name: Xxsjntf Axiyzxbnthsvf
Birth Date: 1999-06-03
GPA: 2.702239356554447
Address: Address{street='Market St', city='San Francisco', postalCode='94105', country='USA'}
Number of Courses: 1
------------------------
Student ID: 1734
Name: Ucihxcvmww Qmbepqx
Birth Date: 2006-06-03
GPA: 3.7687261113920147
Address: Address{street='Market St', city='San Francisco', postalCode='94105', country='USA'}
Number of Courses: 4
------------------------
Student ID: 7146
Name: Htjeuyru Nwtpvp
Birth Date: 2005-06-03
GPA: 3.9088428195606233
Address: Address{street='Oxford St', city='London', postalCode='W1D 2', country='UK'}
Number of Courses: 1
------------------------
Student ID: 4778
Name: Hnqykkz Bndrtcvkawwjhsp
Birth Date: 2003-06-03
GPA: 2.4820898328515923
Address: Address{street='Broadway', city='Chicago', postalCode='60601', country='USA'}
Number of Courses: 3
------------------------
Student ID: 2109
Name: Imcaymsx Qonzkwcegcg
Birth Date: 2005-06-03
GPA: 1.4439864848263628
Address: Address{street='Champs-Élysées', city='Paris', postalCode='75008', country='France'}
Number of Courses: 3
------------------------
Student ID: 1906
Name: Qpsad Zbeygh
Birth Date: 2000-06-03
GPA: 1.2245327253373541
Address: Address{street='Market St', city='San Francisco', postalCode='94105', country='USA'}
Number of Courses: 2
------------------------
Student ID: 7860
Name: Szpwmaxnge Qbnkgtrmasjiy
Birth Date: 2004-06-03
GPA: 1.667682104353715
Address: Address{street='Market St', city='San Francisco', postalCode='94105', country='USA'}
Number of Courses: 2
------------------------
Student ID: 3624
Name: Itkpptn Qxtbst
Birth Date: 1998-06-03
GPA: 1.6847817304359483
Address: Address{street='Oxford St', city='London', postalCode='W1D 2', country='UK'}
Number of Courses: 3
------------------------
Student ID: 2345
Name: Scpiswsnen Tybnvvs
Birth Date: 2003-06-03
GPA: 2.8977190896320653
Address: Address{street='Market St', city='San Francisco', postalCode='94105', country='USA'}
Number of Courses: 2
------------------------
Student ID: 2966
Name: Sbkvpnebnv Aytiaxyixhxkjl
Birth Date: 2002-06-03
GPA: 2.605043000169019
Address: Address{street='Main St', city='New York', postalCode='10001', country='USA'}
Number of Courses: 1
------------------------
Student ID: 4552
Name: Pgfzf Ndopxybv
Birth Date: 2003-06-03
GPA: 1.119228553125979
Address: Address{street='Oxford St', city='London', postalCode='W1D 2', country='UK'}
Number of Courses: 1
------------------------
Student ID: 8747
Name: Stjsrap Tftjvpolugkj
Birth Date: 2005-06-03
GPA: 3.7042703738248504
Address: Address{street='Main St', city='New York', postalCode='10001', country='USA'}
Number of Courses: 3
------------------------
Student ID: 4881
Name: Amdgt Biwum
Birth Date: 2003-06-03
GPA: 2.0086574127509813
Address: Address{street='Broadway', city='Chicago', postalCode='60601', country='USA'}
Number of Courses: 2
------------------------
Student ID: 6825
Name: Wtmbgdplxz Ezveuaoxsycuy
Birth Date: 1999-06-03
GPA: 1.636366796680434
Address: Address{street='Oxford St', city='London', postalCode='W1D 2', country='UK'}
Number of Courses: 2
------------------------
Student ID: 2671
Name: Axmibp Scfnvgkpxqru
Birth Date: 2002-06-03
GPA: 3.405654166920372
Address: Address{street='Oxford St', city='London', postalCode='W1D 2', country='UK'}
Number of Courses: 4
------------------------
Student ID: 2356
Name: Iazsbkye Qaklswx
Birth Date: 2004-06-03
GPA: 2.4634382269788144
Address: Address{street='Oxford St', city='London', postalCode='W1D 2', country='UK'}
Number of Courses: 4
------------------------
Student ID: 6460
Name: Mnfym Bocakdw
Birth Date: 2000-06-03
GPA: 3.388619837599701
Address: Address{street='Main St', city='New York', postalCode='10001', country='USA'}
Number of Courses: 3
------------------------
Student ID: 5749
Name: Egyqg Kqxqpx
Birth Date: 1999-06-03
GPA: 2.9150298021976893
Address: Address{street='Market St', city='San Francisco', postalCode='94105', country='USA'}
Number of Courses: 4
------------------------
Student ID: 4535
Name: Qtyps Nqvbl
Birth Date: 2007-06-03
GPA: 2.4637240523398534
Address: Address{street='Broadway', city='Chicago', postalCode='60601', country='USA'}
Number of Courses: 1
------------------------
Student ID: 6958
Name: Hrwfk Nkfvoajgyy
Birth Date: 2003-06-03
GPA: 3.5384100579012085
Address: Address{street='Oxford St', city='London', postalCode='W1D 2', country='UK'}
Number of Courses: 1
------------------------
Student ID: 5169
Name: Dgbxfzhiil Hmplsdse
Birth Date: 2001-06-03
GPA: 3.863197189686781
Address: Address{street='Main St', city='New York', postalCode='10001', country='USA'}
Number of Courses: 3
------------------------
Student ID: 6455
Name: Xkwpgixa Akpljyitfb
Birth Date: 2003-06-03
GPA: 2.2636017683707963
Address: Address{street='Champs-Élysées', city='Paris', postalCode='75008', country='France'}
Number of Courses: 2
------------------------
Student ID: 9143
Name: Dkyqutx Rvmixmnut
Birth Date: 2005-06-03
GPA: 1.1695366126750661
Address: Address{street='Broadway', city='Chicago', postalCode='60601', country='USA'}
Number of Courses: 3
------------------------
Student ID: 7375
Name: Wefwal Irqywfztixw
Birth Date: 2002-06-03
GPA: 2.453304914504371
Address: Address{street='Main St', city='New York', postalCode='10001', country='USA'}
Number of Courses: 3
------------------------
Student ID: 7532
Name: Klmbivoini Pnkxryepkt
Birth Date: 2000-06-03
GPA: 2.2287066087692247
Address: Address{street='Broadway', city='Chicago', postalCode='60601', country='USA'}
Number of Courses: 1
------------------------
Student ID: 1422
Name: Yhgunba Kqikztq
Birth Date: 2006-06-03
GPA: 3.6816863719017077
Address: Address{street='Champs-Élysées', city='Paris', postalCode='75008', country='France'}
Number of Courses: 2
------------------------
Student ID: 1085
Name: Qwijvw Eerqxlyo
Birth Date: 2004-06-03
GPA: 1.7016460478939959
Address: Address{street='Main St', city='New York', postalCode='10001', country='USA'}
Number of Courses: 2
------------------------
Student ID: 1389
Name: Lqndhgzoa Lmesorqfwru
Birth Date: 2003-06-03
GPA: 2.108229766848453
Address: Address{street='Main St', city='New York', postalCode='10001', country='USA'}
Number of Courses: 2
------------------------
Student ID: 6789
Name: Jqcczloxy Yupwxdpozbjn
Birth Date: 2007-06-03
GPA: 3.911779744566777
Address: Address{street='Main St', city='New York', postalCode='10001', country='USA'}
Number of Courses: 2
------------------------
Student ID: 5829
Name: Hstcr Rqyfxbekpvzj
Birth Date: 2007-06-03
GPA: 3.4849525133223134
Address: Address{street='Champs-Élysées', city='Paris', postalCode='75008', country='France'}
Number of Courses: 2
------------------------
Student ID: 9756
Name: Gajss Kronmhkb
Birth Date: 2006-06-03
GPA: 1.902699315596649
Address: Address{street='Broadway', city='Chicago', postalCode='60601', country='USA'}
Number of Courses: 3
------------------------
Student ID: 2632
Name: Rjyeimhb Vvqnwwdlpts
Birth Date: 2001-06-03
GPA: 1.9668256418974241
Address: Address{street='Market St', city='San Francisco', postalCode='94105', country='USA'}
Number of Courses: 2
------------------------
Student ID: 8033
Name: Brxkow Diimxfuhjbpz
Birth Date: 2000-06-03
GPA: 1.731136518685387
Address: Address{street='Champs-Élysées', city='Paris', postalCode='75008', country='France'}
Number of Courses: 2
------------------------
Student ID: 6066
Name: Bkuuunfyks Kwglyhzlmow
Birth Date: 2002-06-03
GPA: 1.9487650881858873
Address: Address{street='Broadway', city='Chicago', postalCode='60601', country='USA'}
Number of Courses: 2
------------------------
Student ID: 6037
Name: Jsyrw Jueykphltntn
Birth Date: 2005-06-03
GPA: 2.920842305425396
Address: Address{street='Market St', city='San Francisco', postalCode='94105', country='USA'}
Number of Courses: 1
------------------------
Student ID: 8235
Name: Ysymstkc Fbmxxldpnwhjvs
Birth Date: 2002-06-03
GPA: 2.69954428429699
Address: Address{street='Champs-Élysées', city='Paris', postalCode='75008', country='France'}
Number of Courses: 3
------------------------
Student ID: 4329
Name: Swovgm Avhanfykvgiz
Birth Date: 2000-06-03
GPA: 2.587008771919267
Address: Address{street='Broadway', city='Chicago', postalCode='60601', country='USA'}
Number of Courses: 3
------------------------
Student ID: 4593
Name: Rowgkbknvf Lxdzdmdmi
Birth Date: 2005-06-03
GPA: 2.4061900358602166
Address: Address{street='Broadway', city='Chicago', postalCode='60601', country='USA'}
Number of Courses: 3
------------------------
Student ID: 2282
Name: Puatlwnco Gvpnkeqq
Birth Date: 2006-06-03
GPA: 1.6899234276268644
Address: Address{street='Champs-Élysées', city='Paris', postalCode='75008', country='France'}
Number of Courses: 1
------------------------
Student ID: 2788
Name: Fswjdugyp Hluiqfgj
Birth Date: 2001-06-03
GPA: 3.4006904167097884
Address: Address{street='Oxford St', city='London', postalCode='W1D 2', country='UK'}
Number of Courses: 2
------------------------
Student ID: 3775
Name: Vfaxyfuqq Xnliabdyucepnyd
Birth Date: 2001-06-03
GPA: 3.9683720472128763
Address: Address{street='Champs-Élysées', city='Paris', postalCode='75008', country='France'}
Number of Courses: 1
------------------------
Student ID: 9099
Name: Lsxuosbepd Cwmifw
Birth Date: 2004-06-03
GPA: 2.333506710276366
Address: Address{street='Champs-Élysées', city='Paris', postalCode='75008', country='France'}
Number of Courses: 2
------------------------
Student ID: 9547
Name: Awnje Zcaieobmv
Birth Date: 2001-06-03
GPA: 1.9631407081005015
Address: Address{street='Champs-Élysées', city='Paris', postalCode='75008', country='France'}
Number of Courses: 4
------------------------
Student ID: 2662
Name: Ystzf Fwvimp
Birth Date: 1999-06-03
GPA: 3.523490760059037
Address: Address{street='Market St', city='San Francisco', postalCode='94105', country='USA'}
Number of Courses: 3
------------------------
Student ID: 5855
Name: Soxhuzn Kghzmw
Birth Date: 2003-06-03
GPA: 2.12918472645918
Address: Address{street='Broadway', city='Chicago', postalCode='60601', country='USA'}
Number of Courses: 1
------------------------
Student ID: 9919
Name: Tliiadrpy Kpmooxfvndmysvg
Birth Date: 2006-06-03
GPA: 2.8604123542801903
Address: Address{street='Broadway', city='Chicago', postalCode='60601', country='USA'}
Number of Courses: 3
------------------------
Student ID: 7397
Name: Fmmntvsan Fmuosdeebhiysq
Birth Date: 2002-06-03
GPA: 1.0410666141850056
Address: Address{street='Market St', city='San Francisco', postalCode='94105', country='USA'}
Number of Courses: 1
------------------------
Student ID: 4794
Name: Zfazaovatz Jhbbczfysqhvov
Birth Date: 2006-06-03
GPA: 2.5205687604358897
Address: Address{street='Oxford St', city='London', postalCode='W1D 2', country='UK'}
Number of Courses: 4
------------------------
Student ID: 3563
Name: Ysssnh Jhvhetrcjpac
Birth Date: 2007-06-03
GPA: 1.8405187739930922
Address: Address{street='Market St', city='San Francisco', postalCode='94105', country='USA'}
Number of Courses: 3
------------------------
Student ID: 2932
Name: Hbqeni Xotgtnlmgyrw
Birth Date: 2007-06-03
GPA: 2.859794838471878
Address: Address{street='Champs-Élysées', city='Paris', postalCode='75008', country='France'}
Number of Courses: 4
------------------------
Student ID: 2080
Name: Wdtogfh Rizejngl
Birth Date: 2004-06-03
GPA: 2.736870942008909
Address: Address{street='Main St', city='New York', postalCode='10001', country='USA'}
Number of Courses: 2
------------------------
Student ID: 7166
Name: Xnelqdn Veyqtl
Birth Date: 2004-06-03
GPA: 2.9670097441509276
Address: Address{street='Champs-Élysées', city='Paris', postalCode='75008', country='France'}
Number of Courses: 1
------------------------
Student ID: 2360
Name: Tmgsmeyq Zisebsliayoijdy
Birth Date: 2003-06-03
GPA: 3.8844473431696995
Address: Address{street='Main St', city='New York', postalCode='10001', country='USA'}
Number of Courses: 2
------------------------
Student ID: 1236
Name: Oaxvqpit Asgalwsgs
Birth Date: 2001-06-03
GPA: 1.7923592506235875
Address: Address{street='Champs-Élysées', city='Paris', postalCode='75008', country='France'}
Number of Courses: 2
------------------------
Student ID: 2094
Name: Wtucmo Fdnlzbgcwebvdq
Birth Date: 2001-06-03
GPA: 2.0346953204318945
Address: Address{street='Broadway', city='Chicago', postalCode='60601', country='USA'}
Number of Courses: 1
------------------------
Student ID: 2112
Name: Liaarzwax Xvbuqzbe
Birth Date: 1999-06-03
GPA: 1.7658916260291628
Address: Address{street='Broadway', city='Chicago', postalCode='60601', country='USA'}
Number of Courses: 1
------------------------
Student ID: 8599
Name: Zmttp Qbdwzsx
Birth Date: 2005-06-03
GPA: 1.004311411385785
Address: Address{street='Market St', city='San Francisco', postalCode='94105', country='USA'}
Number of Courses: 2
------------------------
Student ID: 9451
Name: Xrrmbklfrp Qrizkmqdu
Birth Date: 1998-06-03
GPA: 2.8423354496480604
Address: Address{street='Broadway', city='Chicago', postalCode='60601', country='USA'}
Number of Courses: 2
------------------------
Student ID: 1357
Name: Bquov Gbzrjqficmdycwe
Birth Date: 2003-06-03
GPA: 1.4779062266898801
Address: Address{street='Oxford St', city='London', postalCode='W1D 2', country='UK'}
Number of Courses: 2
------------------------
Student ID: 5584
Name: Icctvhqrgq Itielhxz
Birth Date: 2005-06-03
GPA: 3.8393278812905858
Address: Address{street='Main St', city='New York', postalCode='10001', country='USA'}
Number of Courses: 2
------------------------
Student ID: 9125
Name: Kibvqh Hqytyjcxnafpk
Birth Date: 2004-06-03
GPA: 1.2610114473933614
Address: Address{street='Broadway', city='Chicago', postalCode='60601', country='USA'}
Number of Courses: 4
------------------------
Student ID: 5403
Name: Yenetvgcd Tqhkdyjonbmkmw
Birth Date: 2002-06-03
GPA: 3.9175929401220193
Address: Address{street='Main St', city='New York', postalCode='10001', country='USA'}
Number of Courses: 3
------------------------
Student ID: 6209
Name: Tldgsqbnti Jnatjrrgj
Birth Date: 1999-06-03
GPA: 1.3956322156894507
Address: Address{street='Market St', city='San Francisco', postalCode='94105', country='USA'}
Number of Courses: 3
------------------------
Student ID: 3964
Name: Prfpr Xudobpsyyqrl
Birth Date: 2001-06-03
GPA: 1.5779479078521002
Address: Address{street='Market St', city='San Francisco', postalCode='94105', country='USA'}
Number of Courses: 4
------------------------
Student ID: 2683
Name: Szrpyfft Zzhda
Birth Date: 2000-06-03
GPA: 1.2221673568591764
Address: Address{street='Market St', city='San Francisco', postalCode='94105', country='USA'}
Number of Courses: 2
------------------------
Student ID: 2477
Name: Iixqyhmy Awhinkloz
Birth Date: 1998-06-03
GPA: 2.544926975254908
Address: Address{street='Main St', city='New York', postalCode='10001', country='USA'}
Number of Courses: 3
------------------------
Student ID: 1449
Name: Vnlzm Cchhurneoyt
Birth Date: 2000-06-03
GPA: 2.5585589750019246
Address: Address{street='Oxford St', city='London', postalCode='W1D 2', country='UK'}
Number of Courses: 4
------------------------
Student ID: 2774
Name: Nmiae Omtzm
Birth Date: 2006-06-03
GPA: 3.9061725080107106
Address: Address{street='Oxford St', city='London', postalCode='W1D 2', country='UK'}
Number of Courses: 1
------------------------
Student ID: 5819
Name: Cxigdtl Itxdhrxehoallxv
Birth Date: 2005-06-03
GPA: 1.427877556355113
Address: Address{street='Champs-Élysées', city='Paris', postalCode='75008', country='France'}
Number of Courses: 2
------------------------
Student ID: 6817
Name: Uojlya Buqgmwvfwsqqqvt
Birth Date: 2006-06-03
GPA: 1.2123607933683067
Address: Address{street='Market St', city='San Francisco', postalCode='94105', country='USA'}
Number of Courses: 4
------------------------
Student ID: 5250
Name: Ycasc Qkflqip
Birth Date: 1998-06-03
GPA: 2.355041122634104
Address: Address{street='Market St', city='San Francisco', postalCode='94105', country='USA'}
Number of Courses: 1
------------------------

Sorting by GPA:
Student{firstName='Zmttp', lastName='Qbdwzsx', studentId=8599, gpa=1.004311411385785}
Student{firstName='Fmmntvsan', lastName='Fmuosdeebhiysq', studentId=7397, gpa=1.0410666141850056}
Student{firstName='Zdyqjkeoja', lastName='Bepibhgntbuwnuk', studentId=3129, gpa=1.065814200699183}
Student{firstName='Pgfzf', lastName='Ndopxybv', studentId=4552, gpa=1.119228553125979}
Student{firstName='Dkyqutx', lastName='Rvmixmnut', studentId=9143, gpa=1.1695366126750661}
]]></system-out>
  </testcase>
  <testcase name="testComplexSort" classname="com.sorting.StudentSortingTest" time="0.031">
    <system-out><![CDATA[
Generated Test Students:
------------------------
Student ID: 2918
Name: Bgxfcmlt Wwjmwjui
Birth Date: 2007-06-03
GPA: 1.3310964803030831
Address: Address{street='Market St', city='San Francisco', postalCode='94105', country='USA'}
Number of Courses: 2
------------------------
Student ID: 9563
Name: Kpuoa Ytmdyhyzqeul
Birth Date: 2007-06-03
GPA: 2.0220262837278526
Address: Address{street='Oxford St', city='London', postalCode='W1D 2', country='UK'}
Number of Courses: 2
------------------------
Student ID: 7439
Name: Mardvz Llxsmcpzt
Birth Date: 2007-06-03
GPA: 2.8304599898837806
Address: Address{street='Market St', city='San Francisco', postalCode='94105', country='USA'}
Number of Courses: 3
------------------------
Student ID: 1219
Name: Tytcmred Erjjkgsmswt
Birth Date: 1999-06-03
GPA: 3.141138302593639
Address: Address{street='Main St', city='New York', postalCode='10001', country='USA'}
Number of Courses: 2
------------------------
Student ID: 7527
Name: Gjbwkcwnm Ujybljqcudw
Birth Date: 2000-06-03
GPA: 2.3534581875978304
Address: Address{street='Main St', city='New York', postalCode='10001', country='USA'}
Number of Courses: 2
------------------------
Student ID: 3990
Name: Mqwdfdygg Agvkjlbnnrsf
Birth Date: 1999-06-03
GPA: 2.6974456682106345
Address: Address{street='Champs-Élysées', city='Paris', postalCode='75008', country='France'}
Number of Courses: 4
------------------------
Student ID: 6016
Name: Qncjvprrs Eoiiv
Birth Date: 2003-06-03
GPA: 2.0065927142163575
Address: Address{street='Champs-Élysées', city='Paris', postalCode='75008', country='France'}
Number of Courses: 3
------------------------
Student ID: 2638
Name: Bnnhobme Osmutqxukztqfg
Birth Date: 2007-06-03
GPA: 1.7879798887510443
Address: Address{street='Broadway', city='Chicago', postalCode='60601', country='USA'}
Number of Courses: 2
------------------------
Student ID: 5999
Name: Fdkubuhvve Ldequptekumeb
Birth Date: 2004-06-03
GPA: 3.950040435912477
Address: Address{street='Main St', city='New York', postalCode='10001', country='USA'}
Number of Courses: 3
------------------------
Student ID: 3780
Name: Ugfsm Nhkilwbul
Birth Date: 2005-06-03
GPA: 1.7192883990956642
Address: Address{street='Main St', city='New York', postalCode='10001', country='USA'}
Number of Courses: 3
------------------------
Student ID: 6800
Name: Oqptfrhz Shrucpygagbz
Birth Date: 2001-06-03
GPA: 1.3850615915784323
Address: Address{street='Main St', city='New York', postalCode='10001', country='USA'}
Number of Courses: 1
------------------------
Student ID: 8213
Name: Qcduzteyxe Uayex
Birth Date: 2004-06-03
GPA: 3.5011522652601483
Address: Address{street='Broadway', city='Chicago', postalCode='60601', country='USA'}
Number of Courses: 1
------------------------
Student ID: 3908
Name: Vxzafvrpu Cvqbwoxtxwvojvy
Birth Date: 1999-06-03
GPA: 2.392287481285006
Address: Address{street='Oxford St', city='London', postalCode='W1D 2', country='UK'}
Number of Courses: 3
------------------------
Student ID: 3760
Name: Pffaugxoim Fngtjmnqhvidrm
Birth Date: 1999-06-03
GPA: 3.102453813335744
Address: Address{street='Main St', city='New York', postalCode='10001', country='USA'}
Number of Courses: 2
------------------------
Student ID: 5976
Name: Jwdyashqbe Jnvbwjwfsopoa
Birth Date: 2001-06-03
GPA: 3.2423465898062553
Address: Address{street='Main St', city='New York', postalCode='10001', country='USA'}
Number of Courses: 2
------------------------
Student ID: 1552
Name: Fxscsh Okdmgit
Birth Date: 2002-06-03
GPA: 3.0658597675042327
Address: Address{street='Main St', city='New York', postalCode='10001', country='USA'}
Number of Courses: 1
------------------------
Student ID: 7588
Name: Zzanfyp Lajrbkssztxokj
Birth Date: 2002-06-03
GPA: 1.9635268088953173
Address: Address{street='Champs-Élysées', city='Paris', postalCode='75008', country='France'}
Number of Courses: 3
------------------------
Student ID: 8631
Name: Pcjqczmjtd Elllivmcv
Birth Date: 1998-06-03
GPA: 2.6980778450094025
Address: Address{street='Market St', city='San Francisco', postalCode='94105', country='USA'}
Number of Courses: 4
------------------------
Student ID: 2273
Name: Trmgw Uqfmemjrkwg
Birth Date: 2003-06-03
GPA: 3.581512035037436
Address: Address{street='Market St', city='San Francisco', postalCode='94105', country='USA'}
Number of Courses: 3
------------------------
Student ID: 7483
Name: Lgvpesrscd Oovgaai
Birth Date: 2007-06-03
GPA: 2.6757479177626893
Address: Address{street='Broadway', city='Chicago', postalCode='60601', country='USA'}
Number of Courses: 1
------------------------
Student ID: 9290
Name: Jkumsffqck Zscrduueome
Birth Date: 2000-06-03
GPA: 1.2045371734036618
Address: Address{street='Oxford St', city='London', postalCode='W1D 2', country='UK'}
Number of Courses: 2
------------------------
Student ID: 3064
Name: Yzvwpifdr Cfcarg
Birth Date: 1999-06-03
GPA: 3.2362771349762607
Address: Address{street='Champs-Élysées', city='Paris', postalCode='75008', country='France'}
Number of Courses: 1
------------------------
Student ID: 5031
Name: Oklypqncg Puqyhsxziem
Birth Date: 2001-06-03
GPA: 1.1258232505670045
Address: Address{street='Broadway', city='Chicago', postalCode='60601', country='USA'}
Number of Courses: 3
------------------------
Student ID: 8624
Name: Ccdbp Cvxjnpje
Birth Date: 2001-06-03
GPA: 1.8322922969437472
Address: Address{street='Main St', city='New York', postalCode='10001', country='USA'}
Number of Courses: 1
------------------------
Student ID: 6968
Name: Gwhykvfim Kadymxxj
Birth Date: 1998-06-03
GPA: 1.5051756511527055
Address: Address{street='Market St', city='San Francisco', postalCode='94105', country='USA'}
Number of Courses: 4
------------------------
Student ID: 8227
Name: Mptvjlg Khducis
Birth Date: 2003-06-03
GPA: 3.0427651146519
Address: Address{street='Market St', city='San Francisco', postalCode='94105', country='USA'}
Number of Courses: 2
------------------------
Student ID: 6876
Name: Unsabsvs Locxx
Birth Date: 2006-06-03
GPA: 1.5580820858228808
Address: Address{street='Broadway', city='Chicago', postalCode='60601', country='USA'}
Number of Courses: 4
------------------------
Student ID: 7673
Name: Gyfryq Mdqkjmlingug
Birth Date: 2006-06-03
GPA: 3.6793778899978857
Address: Address{street='Oxford St', city='London', postalCode='W1D 2', country='UK'}
Number of Courses: 2
------------------------
Student ID: 1526
Name: Fpgpgdvmgs Eyyiugpf
Birth Date: 2003-06-03
GPA: 1.2262489908261647
Address: Address{street='Broadway', city='Chicago', postalCode='60601', country='USA'}
Number of Courses: 4
------------------------
Student ID: 3130
Name: Olgdj Okkwlbl
Birth Date: 2005-06-03
GPA: 1.1881428917530465
Address: Address{street='Main St', city='New York', postalCode='10001', country='USA'}
Number of Courses: 3
------------------------
Student ID: 9456
Name: Svkvbmh Cevklbwoecrqf
Birth Date: 2007-06-03
GPA: 2.7471474671015423
Address: Address{street='Broadway', city='Chicago', postalCode='60601', country='USA'}
Number of Courses: 3
------------------------
Student ID: 5327
Name: Hoarbzjgl Kphrfetmkzhyr
Birth Date: 2002-06-03
GPA: 3.1423530909939767
Address: Address{street='Market St', city='San Francisco', postalCode='94105', country='USA'}
Number of Courses: 1
------------------------
Student ID: 1119
Name: Dfxoe Niyrbgp
Birth Date: 1999-06-03
GPA: 2.862945049018787
Address: Address{street='Champs-Élysées', city='Paris', postalCode='75008', country='France'}
Number of Courses: 3
------------------------
Student ID: 3708
Name: Qxpzrklhk Yghurowqlk
Birth Date: 2006-06-03
GPA: 3.9511194895822737
Address: Address{street='Market St', city='San Francisco', postalCode='94105', country='USA'}
Number of Courses: 3
------------------------
Student ID: 7918
Name: Qrjfyosl Pmjqssapetwx
Birth Date: 2000-06-03
GPA: 3.880166104913592
Address: Address{street='Market St', city='San Francisco', postalCode='94105', country='USA'}
Number of Courses: 3
------------------------
Student ID: 9619
Name: Fzuvqmrfs Yisyysag
Birth Date: 2000-06-03
GPA: 3.436991500449494
Address: Address{street='Broadway', city='Chicago', postalCode='60601', country='USA'}
Number of Courses: 2
------------------------
Student ID: 3567
Name: Qxvkrhzt Bzobwxlfzfuyy
Birth Date: 2007-06-03
GPA: 2.748248673508228
Address: Address{street='Main St', city='New York', postalCode='10001', country='USA'}
Number of Courses: 3
------------------------
Student ID: 7932
Name: Lkqvl Auwyfi
Birth Date: 1999-06-03
GPA: 1.5429528203590706
Address: Address{street='Oxford St', city='London', postalCode='W1D 2', country='UK'}
Number of Courses: 2
------------------------
Student ID: 5119
Name: Ynxtnw Niaqguzwed
Birth Date: 2002-06-03
GPA: 3.7521749388954895
Address: Address{street='Main St', city='New York', postalCode='10001', country='USA'}
Number of Courses: 1
------------------------
Student ID: 5493
Name: Snrhft Uaiogbpuwzvka
Birth Date: 2002-06-03
GPA: 1.3595992391243703
Address: Address{street='Main St', city='New York', postalCode='10001', country='USA'}
Number of Courses: 2
------------------------
Student ID: 9203
Name: Kknucwhzyi Ymxwqphyj
Birth Date: 2007-06-03
GPA: 2.946938817479054
Address: Address{street='Champs-Élysées', city='Paris', postalCode='75008', country='France'}
Number of Courses: 1
------------------------
Student ID: 7354
Name: Bzutjtmi Cemsadfevmlku
Birth Date: 2001-06-03
GPA: 3.441723134637503
Address: Address{street='Champs-Élysées', city='Paris', postalCode='75008', country='France'}
Number of Courses: 3
------------------------
Student ID: 7127
Name: Iltry Aopxonyrx
Birth Date: 2006-06-03
GPA: 3.310153872619964
Address: Address{street='Main St', city='New York', postalCode='10001', country='USA'}
Number of Courses: 4
------------------------
Student ID: 1703
Name: Egmlvxcw Uuipm
Birth Date: 2004-06-03
GPA: 3.671246880859896
Address: Address{street='Market St', city='San Francisco', postalCode='94105', country='USA'}
Number of Courses: 1
------------------------
Student ID: 5881
Name: Civcqglscb Zvxntrrtbqe
Birth Date: 2004-06-03
GPA: 3.567141501824868
Address: Address{street='Main St', city='New York', postalCode='10001', country='USA'}
Number of Courses: 3
------------------------
Student ID: 4052
Name: Odvrnvi Jmxyyddnlsgeyp
Birth Date: 2004-06-03
GPA: 1.6983255308529928
Address: Address{street='Broadway', city='Chicago', postalCode='60601', country='USA'}
Number of Courses: 2
------------------------
Student ID: 9329
Name: Ckqjl Smscxsydjm
Birth Date: 2004-06-03
GPA: 3.890458246907775
Address: Address{street='Market St', city='San Francisco', postalCode='94105', country='USA'}
Number of Courses: 3
------------------------
Student ID: 6290
Name: Kskjpwzpka Kbwmwjxdafuz
Birth Date: 2005-06-03
GPA: 3.152024991145932
Address: Address{street='Main St', city='New York', postalCode='10001', country='USA'}
Number of Courses: 1
------------------------
Student ID: 9902
Name: Abgtz Veshgshpfqj
Birth Date: 2003-06-03
GPA: 2.543961610160114
Address: Address{street='Oxford St', city='London', postalCode='W1D 2', country='UK'}
Number of Courses: 4
------------------------
Student ID: 6150
Name: Ktebln Ubtxyquwlgkbzd
Birth Date: 2001-06-03
GPA: 2.5397432623567804
Address: Address{street='Main St', city='New York', postalCode='10001', country='USA'}
Number of Courses: 1
------------------------
Student ID: 6611
Name: Ffiola Wfuwgabcyb
Birth Date: 1999-06-03
GPA: 1.9308774552565162
Address: Address{street='Market St', city='San Francisco', postalCode='94105', country='USA'}
Number of Courses: 1
------------------------
Student ID: 5771
Name: Qqbbtjw Bgjeu
Birth Date: 2004-06-03
GPA: 3.7487812114485393
Address: Address{street='Oxford St', city='London', postalCode='W1D 2', country='UK'}
Number of Courses: 1
------------------------
Student ID: 1230
Name: Chsabbefl Qmywrgz
Birth Date: 1998-06-03
GPA: 3.1561551787256303
Address: Address{street='Main St', city='New York', postalCode='10001', country='USA'}
Number of Courses: 2
------------------------
Student ID: 8017
Name: Flafmscapl Hodsgtzwui
Birth Date: 2002-06-03
GPA: 1.5612303377896246
Address: Address{street='Broadway', city='Chicago', postalCode='60601', country='USA'}
Number of Courses: 1
------------------------
Student ID: 1085
Name: Yvuvjpm Zlsrvipnmvez
Birth Date: 2005-06-03
GPA: 1.7088128201844155
Address: Address{street='Main St', city='New York', postalCode='10001', country='USA'}
Number of Courses: 4
------------------------
Student ID: 5700
Name: Nxwnncnxfr Eqjodkihs
Birth Date: 2000-06-03
GPA: 3.657332324727055
Address: Address{street='Broadway', city='Chicago', postalCode='60601', country='USA'}
Number of Courses: 3
------------------------
Student ID: 2447
Name: Ayztlyc Vwknjxobncbyvik
Birth Date: 2004-06-03
GPA: 1.0961531745655495
Address: Address{street='Champs-Élysées', city='Paris', postalCode='75008', country='France'}
Number of Courses: 2
------------------------
Student ID: 9147
Name: Meubpipko Scxaxhnnft
Birth Date: 2005-06-03
GPA: 3.819725688440843
Address: Address{street='Broadway', city='Chicago', postalCode='60601', country='USA'}
Number of Courses: 1
------------------------
Student ID: 5254
Name: Islavg Safugrpkkivkftj
Birth Date: 1998-06-03
GPA: 3.994223570291434
Address: Address{street='Oxford St', city='London', postalCode='W1D 2', country='UK'}
Number of Courses: 4
------------------------
Student ID: 1856
Name: Ghqokpxxb Pjrudeewszb
Birth Date: 1998-06-03
GPA: 3.3300248657968647
Address: Address{street='Oxford St', city='London', postalCode='W1D 2', country='UK'}
Number of Courses: 4
------------------------
Student ID: 5884
Name: Xzvmmw Pubzn
Birth Date: 1999-06-03
GPA: 1.5308939925278233
Address: Address{street='Market St', city='San Francisco', postalCode='94105', country='USA'}
Number of Courses: 3
------------------------
Student ID: 1446
Name: Hhirctg Ulrfvlujxrupl
Birth Date: 1998-06-03
GPA: 2.358656249516874
Address: Address{street='Oxford St', city='London', postalCode='W1D 2', country='UK'}
Number of Courses: 2
------------------------
Student ID: 2434
Name: Knfmcwwef Wnioffweh
Birth Date: 2003-06-03
GPA: 2.5608713326416193
Address: Address{street='Oxford St', city='London', postalCode='W1D 2', country='UK'}
Number of Courses: 2
------------------------
Student ID: 3861
Name: Xpglca Wflvelscycbsx
Birth Date: 1999-06-03
GPA: 3.556370516439955
Address: Address{street='Main St', city='New York', postalCode='10001', country='USA'}
Number of Courses: 1
------------------------
Student ID: 9871
Name: Fckxh Bcboug
Birth Date: 2001-06-03
GPA: 1.1885318359703287
Address: Address{street='Market St', city='San Francisco', postalCode='94105', country='USA'}
Number of Courses: 1
------------------------
Student ID: 8060
Name: Bpxvigdmpm Zlmhaplih
Birth Date: 1999-06-03
GPA: 3.3953603109060375
Address: Address{street='Oxford St', city='London', postalCode='W1D 2', country='UK'}
Number of Courses: 2
------------------------
Student ID: 8697
Name: Etrmrecm Distpc
Birth Date: 2000-06-03
GPA: 1.067542767926887
Address: Address{street='Oxford St', city='London', postalCode='W1D 2', country='UK'}
Number of Courses: 4
------------------------
Student ID: 5462
Name: Zumgg Ncmtmsaygo
Birth Date: 2007-06-03
GPA: 1.6646774403473699
Address: Address{street='Market St', city='San Francisco', postalCode='94105', country='USA'}
Number of Courses: 3
------------------------
Student ID: 1830
Name: Cvzctdf Jukairwnaqasb
Birth Date: 2005-06-03
GPA: 1.3341922813957887
Address: Address{street='Main St', city='New York', postalCode='10001', country='USA'}
Number of Courses: 3
------------------------
Student ID: 7945
Name: Aawiidcgm Autwmhst
Birth Date: 1999-06-03
GPA: 2.7734718867128465
Address: Address{street='Market St', city='San Francisco', postalCode='94105', country='USA'}
Number of Courses: 4
------------------------
Student ID: 6361
Name: Dsrluxw Xiqimfxalztplx
Birth Date: 1999-06-03
GPA: 1.659278014617926
Address: Address{street='Champs-Élysées', city='Paris', postalCode='75008', country='France'}
Number of Courses: 2
------------------------
Student ID: 3572
Name: Unjjmjz Sgiusutmsdzvo
Birth Date: 2001-06-03
GPA: 1.4901983185342254
Address: Address{street='Main St', city='New York', postalCode='10001', country='USA'}
Number of Courses: 3
------------------------
Student ID: 8824
Name: Yarehg Mcvsimewftlbr
Birth Date: 2001-06-03
GPA: 3.4559008760038137
Address: Address{street='Champs-Élysées', city='Paris', postalCode='75008', country='France'}
Number of Courses: 4
------------------------
Student ID: 4446
Name: Yefddzdy Bgtunjvzk
Birth Date: 1999-06-03
GPA: 1.5152563593275783
Address: Address{street='Champs-Élysées', city='Paris', postalCode='75008', country='France'}
Number of Courses: 3
------------------------
Student ID: 4179
Name: Pbcbrgpv Mslfuvjebs
Birth Date: 2006-06-03
GPA: 2.2431235285298765
Address: Address{street='Main St', city='New York', postalCode='10001', country='USA'}
Number of Courses: 3
------------------------
Student ID: 5472
Name: Vgxorvra Sbzavdrhssjncsh
Birth Date: 1998-06-03
GPA: 2.494888511587476
Address: Address{street='Market St', city='San Francisco', postalCode='94105', country='USA'}
Number of Courses: 1
------------------------
Student ID: 5882
Name: Aqyomhkca Knmiceexb
Birth Date: 2002-06-03
GPA: 2.5213350351193546
Address: Address{street='Oxford St', city='London', postalCode='W1D 2', country='UK'}
Number of Courses: 3
------------------------
Student ID: 7564
Name: Xauhp Howluyuxuek
Birth Date: 2003-06-03
GPA: 2.88461194107286
Address: Address{street='Oxford St', city='London', postalCode='W1D 2', country='UK'}
Number of Courses: 4
------------------------
Student ID: 8044
Name: Bjkoqsyzy Vjroeeiczd
Birth Date: 1998-06-03
GPA: 2.51150543639362
Address: Address{street='Broadway', city='Chicago', postalCode='60601', country='USA'}
Number of Courses: 2
------------------------
Student ID: 7936
Name: Hzwmpha Fofkredc
Birth Date: 2007-06-03
GPA: 2.588010404367501
Address: Address{street='Champs-Élysées', city='Paris', postalCode='75008', country='France'}
Number of Courses: 1
------------------------
Student ID: 9724
Name: Xbqjcecq Zkhbjfqj
Birth Date: 1998-06-03
GPA: 2.3762961255793567
Address: Address{street='Main St', city='New York', postalCode='10001', country='USA'}
Number of Courses: 3
------------------------
Student ID: 1952
Name: Dzvctun Lpljnm
Birth Date: 2000-06-03
GPA: 2.3867201851634428
Address: Address{street='Market St', city='San Francisco', postalCode='94105', country='USA'}
Number of Courses: 1
------------------------
Student ID: 1641
Name: Nfpbvmyo Ydjduxzocez
Birth Date: 2000-06-03
GPA: 3.737167329295028
Address: Address{street='Broadway', city='Chicago', postalCode='60601', country='USA'}
Number of Courses: 2
------------------------
Student ID: 1874
Name: Tahlxo Bfbayhdb
Birth Date: 2003-06-03
GPA: 2.897106520727787
Address: Address{street='Champs-Élysées', city='Paris', postalCode='75008', country='France'}
Number of Courses: 3
------------------------
Student ID: 7353
Name: Whqnm Wdboqltnfcwyftz
Birth Date: 1999-06-03
GPA: 1.6287275167301785
Address: Address{street='Broadway', city='Chicago', postalCode='60601', country='USA'}
Number of Courses: 3
------------------------
Student ID: 2333
Name: Bblqoblt Wuctblj
Birth Date: 2000-06-03
GPA: 1.0859386001860567
Address: Address{street='Champs-Élysées', city='Paris', postalCode='75008', country='France'}
Number of Courses: 4
------------------------
Student ID: 2098
Name: Iymuiom Rxzmy
Birth Date: 2006-06-03
GPA: 1.8117115271928215
Address: Address{street='Main St', city='New York', postalCode='10001', country='USA'}
Number of Courses: 2
------------------------
Student ID: 8984
Name: Geetbgum Jlgexxpfqtkmfm
Birth Date: 2003-06-03
GPA: 3.0211600924700286
Address: Address{street='Champs-Élysées', city='Paris', postalCode='75008', country='France'}
Number of Courses: 1
------------------------
Student ID: 5156
Name: Urlkstwfp Zzjioouab
Birth Date: 1998-06-03
GPA: 3.725163399904455
Address: Address{street='Oxford St', city='London', postalCode='W1D 2', country='UK'}
Number of Courses: 1
------------------------
Student ID: 7237
Name: Aeyafxsw Izrnsru
Birth Date: 2003-06-03
GPA: 3.0916026747653467
Address: Address{street='Market St', city='San Francisco', postalCode='94105', country='USA'}
Number of Courses: 3
------------------------
Student ID: 2749
Name: Rbfmj Sbqziyc
Birth Date: 1998-06-03
GPA: 2.9425310753644727
Address: Address{street='Oxford St', city='London', postalCode='W1D 2', country='UK'}
Number of Courses: 4
------------------------
Student ID: 6543
Name: Dgshzhi Qmpmjgwpr
Birth Date: 1999-06-03
GPA: 1.751631301188953
Address: Address{street='Champs-Élysées', city='Paris', postalCode='75008', country='France'}
Number of Courses: 3
------------------------
Student ID: 8646
Name: Mtadsjwh Gqwcxxnsedvqjxe
Birth Date: 2006-06-03
GPA: 3.72577264000701
Address: Address{street='Market St', city='San Francisco', postalCode='94105', country='USA'}
Number of Courses: 1
------------------------
Student ID: 4582
Name: Vkrwcljllu Jxghf
Birth Date: 2003-06-03
GPA: 1.9650645406657539
Address: Address{street='Main St', city='New York', postalCode='10001', country='USA'}
Number of Courses: 1
------------------------
Student ID: 2464
Name: Doxnvv Ltdhplqqbiprep
Birth Date: 2004-06-03
GPA: 3.8274414206930447
Address: Address{street='Champs-Élysées', city='Paris', postalCode='75008', country='France'}
Number of Courses: 2
------------------------
Student ID: 9836
Name: Tykniydhr Geiyvxi
Birth Date: 2007-06-03
GPA: 2.137133096104935
Address: Address{street='Champs-Élysées', city='Paris', postalCode='75008', country='France'}
Number of Courses: 4
------------------------
Student ID: 4626
Name: Aercohu Noxtqeedi
Birth Date: 2007-06-03
GPA: 2.464788203370004
Address: Address{street='Oxford St', city='London', postalCode='W1D 2', country='UK'}
Number of Courses: 1
------------------------
Student ID: 9568
Name: Wogjyoerfs Ptjbpudeof
Birth Date: 2001-06-03
GPA: 1.0254526087195306
Address: Address{street='Broadway', city='Chicago', postalCode='60601', country='USA'}
Number of Courses: 1
------------------------
Student ID: 2388
Name: Ffrmsbom Yrxpsfkrreysmac
Birth Date: 2002-06-03
GPA: 1.5742721789859804
Address: Address{street='Champs-Élysées', city='Paris', postalCode='75008', country='France'}
Number of Courses: 3
------------------------
Student ID: 1383
Name: Cjnvmjva Gduiq
Birth Date: 2001-06-03
GPA: 2.3286469448177205
Address: Address{street='Champs-Élysées', city='Paris', postalCode='75008', country='France'}
Number of Courses: 2
------------------------

Complex Multi-level Sort:
Student{firstName='Qxpzrklhk', lastName='Yghurowqlk', studentId=3708, gpa=3.9511194895822737}
Student{firstName='Bgxfcmlt', lastName='Wwjmwjui', studentId=2918, gpa=1.3310964803030831}
Student{firstName='Ffiola', lastName='Wfuwgabcyb', studentId=6611, gpa=1.9308774552565162}
Student{firstName='Egmlvxcw', lastName='Uuipm', studentId=1703, gpa=3.671246880859896}
Student{firstName='Trmgw', lastName='Uqfmemjrkwg', studentId=2273, gpa=3.581512035037436}
]]></system-out>
  </testcase>
  <testcase name="testReverseOrder" classname="com.sorting.StudentSortingTest" time="0.005">
    <system-out><![CDATA[
Generated Test Students:
------------------------
Student ID: 8844
Name: Yyxivlelq Jstafowliughuzu
Birth Date: 2005-06-03
GPA: 2.725256282479826
Address: Address{street='Champs-Élysées', city='Paris', postalCode='75008', country='France'}
Number of Courses: 3
------------------------
Student ID: 7182
Name: Xikbpvo Pefxto
Birth Date: 2006-06-03
GPA: 1.8139984558760842
Address: Address{street='Broadway', city='Chicago', postalCode='60601', country='USA'}
Number of Courses: 4
------------------------
Student ID: 8331
Name: Duteo Kfzinb
Birth Date: 2002-06-03
GPA: 1.9305525014224671
Address: Address{street='Main St', city='New York', postalCode='10001', country='USA'}
Number of Courses: 2
------------------------
Student ID: 1053
Name: Uklvmja Valovbwx
Birth Date: 2001-06-03
GPA: 1.307431592389881
Address: Address{street='Champs-Élysées', city='Paris', postalCode='75008', country='France'}
Number of Courses: 1
------------------------
Student ID: 9408
Name: Rislkxv Acnhjimvxlmgcu
Birth Date: 1998-06-03
GPA: 1.0036503391897382
Address: Address{street='Main St', city='New York', postalCode='10001', country='USA'}
Number of Courses: 4
------------------------
Student ID: 1016
Name: Wqgabcy Tsqbugddwe
Birth Date: 2002-06-03
GPA: 3.4158807403970144
Address: Address{street='Champs-Élysées', city='Paris', postalCode='75008', country='France'}
Number of Courses: 1
------------------------
Student ID: 9780
Name: Ujcggcv Akqkaplug
Birth Date: 2002-06-03
GPA: 2.3311929574053023
Address: Address{street='Champs-Élysées', city='Paris', postalCode='75008', country='France'}
Number of Courses: 3
------------------------
Student ID: 3328
Name: Hrktupuelv Uzsfuhcqp
Birth Date: 2006-06-03
GPA: 1.830017919301571
Address: Address{street='Oxford St', city='London', postalCode='W1D 2', country='UK'}
Number of Courses: 2
------------------------
Student ID: 6099
Name: Upslemqrv Znzgzhguiu
Birth Date: 2007-06-03
GPA: 3.0856540284917053
Address: Address{street='Champs-Élysées', city='Paris', postalCode='75008', country='France'}
Number of Courses: 3
------------------------
Student ID: 7158
Name: Ytljuo Ishqlbal
Birth Date: 1999-06-03
GPA: 1.186533553458243
Address: Address{street='Champs-Élysées', city='Paris', postalCode='75008', country='France'}
Number of Courses: 4
------------------------
Student ID: 6314
Name: Cqayqxj Rluwtabzskk
Birth Date: 2006-06-03
GPA: 1.0700177214477322
Address: Address{street='Oxford St', city='London', postalCode='W1D 2', country='UK'}
Number of Courses: 4
------------------------
Student ID: 5039
Name: Ilqqsz Zyseemjwbg
Birth Date: 2006-06-03
GPA: 1.0807378787175257
Address: Address{street='Market St', city='San Francisco', postalCode='94105', country='USA'}
Number of Courses: 1
------------------------
Student ID: 6662
Name: Tfxzwt Pokmcwqjj
Birth Date: 2004-06-03
GPA: 2.0519723639613474
Address: Address{street='Market St', city='San Francisco', postalCode='94105', country='USA'}
Number of Courses: 1
------------------------
Student ID: 7728
Name: Jflfnzhdo Mvlmfy
Birth Date: 1999-06-03
GPA: 1.7057106895297531
Address: Address{street='Oxford St', city='London', postalCode='W1D 2', country='UK'}
Number of Courses: 2
------------------------
Student ID: 1358
Name: Hnjxrg Ukibsnut
Birth Date: 2001-06-03
GPA: 2.7922111379982937
Address: Address{street='Champs-Élysées', city='Paris', postalCode='75008', country='France'}
Number of Courses: 2
------------------------
Student ID: 1373
Name: Rucbneomu Ultnvv
Birth Date: 1998-06-03
GPA: 3.737153584337523
Address: Address{street='Broadway', city='Chicago', postalCode='60601', country='USA'}
Number of Courses: 3
------------------------
Student ID: 1105
Name: Lrcct Zgvjklxeedrta
Birth Date: 1998-06-03
GPA: 3.106959801192015
Address: Address{street='Market St', city='San Francisco', postalCode='94105', country='USA'}
Number of Courses: 4
------------------------
Student ID: 7902
Name: Unfynxatt Uxeuua
Birth Date: 2006-06-03
GPA: 3.4881872894789177
Address: Address{street='Main St', city='New York', postalCode='10001', country='USA'}
Number of Courses: 2
------------------------
Student ID: 7612
Name: Ydohqyddx Pjkbhlqngv
Birth Date: 2005-06-03
GPA: 2.9233138131044876
Address: Address{street='Champs-Élysées', city='Paris', postalCode='75008', country='France'}
Number of Courses: 2
------------------------
Student ID: 4655
Name: Jemtzwpzsb Wzyumdwg
Birth Date: 2006-06-03
GPA: 1.6134506945283675
Address: Address{street='Main St', city='New York', postalCode='10001', country='USA'}
Number of Courses: 2
------------------------
Student ID: 1461
Name: Kmlmlckn Eumibsslbviphr
Birth Date: 2004-06-03
GPA: 1.0056711690332483
Address: Address{street='Champs-Élysées', city='Paris', postalCode='75008', country='France'}
Number of Courses: 4
------------------------
Student ID: 2975
Name: Fglnj Qqcyeqiboksvl
Birth Date: 2003-06-03
GPA: 1.10773908446475
Address: Address{street='Main St', city='New York', postalCode='10001', country='USA'}
Number of Courses: 3
------------------------
Student ID: 9332
Name: Neauliau Gpakfcoaj
Birth Date: 2002-06-03
GPA: 2.0801449866911237
Address: Address{street='Oxford St', city='London', postalCode='W1D 2', country='UK'}
Number of Courses: 1
------------------------
Student ID: 2565
Name: Sknpmcbwdm Zxqunsywzshjgp
Birth Date: 2003-06-03
GPA: 2.4025489323653075
Address: Address{street='Oxford St', city='London', postalCode='W1D 2', country='UK'}
Number of Courses: 1
------------------------
Student ID: 9520
Name: Ioitqm Rbzlshdnwyzz
Birth Date: 1999-06-03
GPA: 3.797889239639878
Address: Address{street='Main St', city='New York', postalCode='10001', country='USA'}
Number of Courses: 4
------------------------
Student ID: 7622
Name: Jemcxmdrwk Iuuzfri
Birth Date: 1998-06-03
GPA: 2.3199381443859175
Address: Address{street='Market St', city='San Francisco', postalCode='94105', country='USA'}
Number of Courses: 1
------------------------
Student ID: 1542
Name: Srjhrmv Snenyhqapjotp
Birth Date: 2002-06-03
GPA: 2.1468120116450757
Address: Address{street='Market St', city='San Francisco', postalCode='94105', country='USA'}
Number of Courses: 2
------------------------
Student ID: 3379
Name: Dmcrarwc Rphdkgvrkxnkayu
Birth Date: 2004-06-03
GPA: 3.616478979319217
Address: Address{street='Broadway', city='Chicago', postalCode='60601', country='USA'}
Number of Courses: 1
------------------------
Student ID: 7957
Name: Tsapgw Paygysla
Birth Date: 2002-06-03
GPA: 1.0095788582816276
Address: Address{street='Oxford St', city='London', postalCode='W1D 2', country='UK'}
Number of Courses: 4
------------------------
Student ID: 9388
Name: Vftkvfvust Tzbznxugrrvesb
Birth Date: 2003-06-03
GPA: 3.5076223064755716
Address: Address{street='Broadway', city='Chicago', postalCode='60601', country='USA'}
Number of Courses: 2
------------------------
Student ID: 7965
Name: Bnmuidrn Filojcut
Birth Date: 1999-06-03
GPA: 3.4523482277783346
Address: Address{street='Oxford St', city='London', postalCode='W1D 2', country='UK'}
Number of Courses: 4
------------------------
Student ID: 4161
Name: Yifpymwa Xvnlcvilsycuq
Birth Date: 2002-06-03
GPA: 3.636483013422829
Address: Address{street='Main St', city='New York', postalCode='10001', country='USA'}
Number of Courses: 4
------------------------
Student ID: 6620
Name: Qjvrbtl Uqhsifpr
Birth Date: 2000-06-03
GPA: 2.1624136233770814
Address: Address{street='Broadway', city='Chicago', postalCode='60601', country='USA'}
Number of Courses: 3
------------------------
Student ID: 9255
Name: Kqiggpyq Ktnwctsjt
Birth Date: 2007-06-03
GPA: 2.960546125046056
Address: Address{street='Market St', city='San Francisco', postalCode='94105', country='USA'}
Number of Courses: 4
------------------------
Student ID: 1816
Name: Dybmgizv Fftqxpdivxkbcmn
Birth Date: 2005-06-03
GPA: 1.1524851138485337
Address: Address{street='Oxford St', city='London', postalCode='W1D 2', country='UK'}
Number of Courses: 1
------------------------
Student ID: 4655
Name: Odaesim Uudbkwqwry
Birth Date: 2005-06-03
GPA: 3.035499394374369
Address: Address{street='Oxford St', city='London', postalCode='W1D 2', country='UK'}
Number of Courses: 3
------------------------
Student ID: 4846
Name: Bolnq Ypsphox
Birth Date: 2000-06-03
GPA: 2.8503848297634398
Address: Address{street='Main St', city='New York', postalCode='10001', country='USA'}
Number of Courses: 2
------------------------
Student ID: 8280
Name: Vgdnjzrnip Vqhnokkdkuvo
Birth Date: 2004-06-03
GPA: 3.3491716605472686
Address: Address{street='Market St', city='San Francisco', postalCode='94105', country='USA'}
Number of Courses: 1
------------------------
Student ID: 3372
Name: Lpuxd Bgwkmsadqgi
Birth Date: 2006-06-03
GPA: 1.2875497746628692
Address: Address{street='Main St', city='New York', postalCode='10001', country='USA'}
Number of Courses: 4
------------------------
Student ID: 4135
Name: Dikwfhl Nrjrcpodzuadblc
Birth Date: 2000-06-03
GPA: 3.186184390401807
Address: Address{street='Market St', city='San Francisco', postalCode='94105', country='USA'}
Number of Courses: 2
------------------------
Student ID: 5330
Name: Nvuhivmx Zsdwrzqo
Birth Date: 2002-06-03
GPA: 3.6740473493336756
Address: Address{street='Champs-Élysées', city='Paris', postalCode='75008', country='France'}
Number of Courses: 2
------------------------
Student ID: 5072
Name: Phjxw Eesmmnpsohylfd
Birth Date: 1999-06-03
GPA: 3.9746439231003685
Address: Address{street='Main St', city='New York', postalCode='10001', country='USA'}
Number of Courses: 3
------------------------
Student ID: 1282
Name: Gbwwllwwu Gbpgwm
Birth Date: 2006-06-03
GPA: 3.1830573894573773
Address: Address{street='Oxford St', city='London', postalCode='W1D 2', country='UK'}
Number of Courses: 3
------------------------
Student ID: 3783
Name: Jwntfvty Guiixekvg
Birth Date: 1998-06-03
GPA: 3.4136887813371875
Address: Address{street='Main St', city='New York', postalCode='10001', country='USA'}
Number of Courses: 1
------------------------
Student ID: 8772
Name: Towbd Lrosahvtifuuvz
Birth Date: 2002-06-03
GPA: 3.515583221546481
Address: Address{street='Broadway', city='Chicago', postalCode='60601', country='USA'}
Number of Courses: 3
------------------------
Student ID: 3154
Name: Pwaiyz Yinng
Birth Date: 2007-06-03
GPA: 2.515598601077894
Address: Address{street='Oxford St', city='London', postalCode='W1D 2', country='UK'}
Number of Courses: 1
------------------------
Student ID: 3063
Name: Mmjolbqxt Zupkq
Birth Date: 1999-06-03
GPA: 3.2157106946661385
Address: Address{street='Main St', city='New York', postalCode='10001', country='USA'}
Number of Courses: 1
------------------------
Student ID: 2155
Name: Bkuqjfzg Llspgn
Birth Date: 1999-06-03
GPA: 1.7308497589540144
Address: Address{street='Main St', city='New York', postalCode='10001', country='USA'}
Number of Courses: 3
------------------------
Student ID: 7672
Name: Sxzzwbhsxr Cgyoxqgijrrxc
Birth Date: 2002-06-03
GPA: 2.11283035395531
Address: Address{street='Champs-Élysées', city='Paris', postalCode='75008', country='France'}
Number of Courses: 4
------------------------
Student ID: 9074
Name: Nwjcis Vfxfxvxrzqwmvp
Birth Date: 2002-06-03
GPA: 1.457405788159842
Address: Address{street='Market St', city='San Francisco', postalCode='94105', country='USA'}
Number of Courses: 2
------------------------
Student ID: 9883
Name: Bdxovun Blemiybcgnpp
Birth Date: 2002-06-03
GPA: 1.657589777798838
Address: Address{street='Main St', city='New York', postalCode='10001', country='USA'}
Number of Courses: 2
------------------------
Student ID: 3408
Name: Wxgisgwzhb Uzsvgicgngsxw
Birth Date: 2003-06-03
GPA: 1.9333418155465103
Address: Address{street='Main St', city='New York', postalCode='10001', country='USA'}
Number of Courses: 1
------------------------
Student ID: 5583
Name: Ydhskl Khnbnkqxb
Birth Date: 1999-06-03
GPA: 2.8081164808288848
Address: Address{street='Champs-Élysées', city='Paris', postalCode='75008', country='France'}
Number of Courses: 4
------------------------
Student ID: 5181
Name: Ifonwcubjp Fxccmdeymuvflog
Birth Date: 2007-06-03
GPA: 1.7651615381041814
Address: Address{street='Market St', city='San Francisco', postalCode='94105', country='USA'}
Number of Courses: 2
------------------------
Student ID: 8733
Name: Vsgjs Dfmpf
Birth Date: 2000-06-03
GPA: 1.8228520571297944
Address: Address{street='Main St', city='New York', postalCode='10001', country='USA'}
Number of Courses: 1
------------------------
Student ID: 1875
Name: Chkqvruk Iijoouulqfcbo
Birth Date: 2001-06-03
GPA: 2.661544193168809
Address: Address{street='Oxford St', city='London', postalCode='W1D 2', country='UK'}
Number of Courses: 4
------------------------
Student ID: 2946
Name: Squwlsfq Ovxsxtpauhi
Birth Date: 2007-06-03
GPA: 3.2306064788971702
Address: Address{street='Broadway', city='Chicago', postalCode='60601', country='USA'}
Number of Courses: 1
------------------------
Student ID: 8832
Name: Pofng Fccvdhcbryastux
Birth Date: 2003-06-03
GPA: 3.143568857154613
Address: Address{street='Main St', city='New York', postalCode='10001', country='USA'}
Number of Courses: 4
------------------------
Student ID: 8672
Name: Bbhlwnhdei Fqnpw
Birth Date: 2005-06-03
GPA: 3.3244998531826315
Address: Address{street='Broadway', city='Chicago', postalCode='60601', country='USA'}
Number of Courses: 2
------------------------
Student ID: 7530
Name: Ylsmu Uydzutqkf
Birth Date: 2004-06-03
GPA: 2.887265349868162
Address: Address{street='Market St', city='San Francisco', postalCode='94105', country='USA'}
Number of Courses: 3
------------------------
Student ID: 5997
Name: Astoivcvzx Isxggoqhiwnbc
Birth Date: 1999-06-03
GPA: 1.6667209107811551
Address: Address{street='Main St', city='New York', postalCode='10001', country='USA'}
Number of Courses: 3
------------------------
Student ID: 2068
Name: Ivhpeisqn Sixrfc
Birth Date: 2000-06-03
GPA: 1.5707753732782432
Address: Address{street='Market St', city='San Francisco', postalCode='94105', country='USA'}
Number of Courses: 3
------------------------
Student ID: 7604
Name: Bhoiyda Vawczm
Birth Date: 1998-06-03
GPA: 2.0406213413317635
Address: Address{street='Oxford St', city='London', postalCode='W1D 2', country='UK'}
Number of Courses: 1
------------------------
Student ID: 9963
Name: Kvvoebz Ryjmftfkkfvabdz
Birth Date: 2001-06-03
GPA: 3.912432760466521
Address: Address{street='Main St', city='New York', postalCode='10001', country='USA'}
Number of Courses: 4
------------------------
Student ID: 3837
Name: Xtfaaljvug Vyfjvmhlvqiown
Birth Date: 1999-06-03
GPA: 3.26293743335738
Address: Address{street='Broadway', city='Chicago', postalCode='60601', country='USA'}
Number of Courses: 4
------------------------
Student ID: 1545
Name: Qiuuaucu Uoegzhyrkp
Birth Date: 2003-06-03
GPA: 1.938167619775141
Address: Address{street='Champs-Élysées', city='Paris', postalCode='75008', country='France'}
Number of Courses: 4
------------------------
Student ID: 6996
Name: Aspiie Msnusruonbikt
Birth Date: 2000-06-03
GPA: 2.068223016187219
Address: Address{street='Oxford St', city='London', postalCode='W1D 2', country='UK'}
Number of Courses: 2
------------------------
Student ID: 1089
Name: Gdotvniove Fbugo
Birth Date: 2002-06-03
GPA: 3.291398776039378
Address: Address{street='Main St', city='New York', postalCode='10001', country='USA'}
Number of Courses: 4
------------------------
Student ID: 1455
Name: Gmxsml Tpfcvgctyez
Birth Date: 1999-06-03
GPA: 1.7480841293996812
Address: Address{street='Market St', city='San Francisco', postalCode='94105', country='USA'}
Number of Courses: 2
------------------------
Student ID: 8217
Name: Ooriwsudhd Zdvaryyvjacw
Birth Date: 2004-06-03
GPA: 3.862326824382387
Address: Address{street='Market St', city='San Francisco', postalCode='94105', country='USA'}
Number of Courses: 1
------------------------
Student ID: 1062
Name: Bksci Mqtakaiqfhvrv
Birth Date: 2003-06-03
GPA: 2.5615684848715974
Address: Address{street='Oxford St', city='London', postalCode='W1D 2', country='UK'}
Number of Courses: 3
------------------------
Student ID: 5685
Name: Dbpmhiwitv Kqaau
Birth Date: 2007-06-03
GPA: 1.1857459472863803
Address: Address{street='Broadway', city='Chicago', postalCode='60601', country='USA'}
Number of Courses: 4
------------------------
Student ID: 6945
Name: Ueuygyi Fxgcnuzawsqh
Birth Date: 2006-06-03
GPA: 3.483433488354291
Address: Address{street='Oxford St', city='London', postalCode='W1D 2', country='UK'}
Number of Courses: 2
------------------------
Student ID: 6456
Name: Tcvweyyd Tigught
Birth Date: 2007-06-03
GPA: 3.152646572612129
Address: Address{street='Oxford St', city='London', postalCode='W1D 2', country='UK'}
Number of Courses: 4
------------------------
Student ID: 4955
Name: Bviwansnw Fznbi
Birth Date: 2002-06-03
GPA: 1.8674195895637462
Address: Address{street='Oxford St', city='London', postalCode='W1D 2', country='UK'}
Number of Courses: 1
------------------------
Student ID: 6017
Name: Hcqowgvg Bkxxgzzmel
Birth Date: 2001-06-03
GPA: 2.0322684097253454
Address: Address{street='Market St', city='San Francisco', postalCode='94105', country='USA'}
Number of Courses: 2
------------------------
Student ID: 8662
Name: Hzxsr Gyhellvotol
Birth Date: 2003-06-03
GPA: 3.070166409002231
Address: Address{street='Market St', city='San Francisco', postalCode='94105', country='USA'}
Number of Courses: 1
------------------------
Student ID: 3114
Name: Frhcxv Ztfgtjbvfcuc
Birth Date: 2001-06-03
GPA: 3.781188464918829
Address: Address{street='Champs-Élysées', city='Paris', postalCode='75008', country='France'}
Number of Courses: 2
------------------------
Student ID: 8964
Name: Dspaubwxki Efzch
Birth Date: 2003-06-03
GPA: 3.091719925102606
Address: Address{street='Broadway', city='Chicago', postalCode='60601', country='USA'}
Number of Courses: 1
------------------------
Student ID: 7195
Name: Yhrhmycs Txzjavr
Birth Date: 1998-06-03
GPA: 1.0714090340422415
Address: Address{street='Main St', city='New York', postalCode='10001', country='USA'}
Number of Courses: 2
------------------------
Student ID: 6287
Name: Gyptkztqos Tdwrqvxoof
Birth Date: 2005-06-03
GPA: 2.0920311191301373
Address: Address{street='Oxford St', city='London', postalCode='W1D 2', country='UK'}
Number of Courses: 2
------------------------
Student ID: 9610
Name: Vnlcq Zocuefahwnma
Birth Date: 2005-06-03
GPA: 1.5315104438943719
Address: Address{street='Main St', city='New York', postalCode='10001', country='USA'}
Number of Courses: 3
------------------------
Student ID: 4971
Name: Giuolicy Cejrsmbxx
Birth Date: 1998-06-03
GPA: 3.994256210198885
Address: Address{street='Oxford St', city='London', postalCode='W1D 2', country='UK'}
Number of Courses: 1
------------------------
Student ID: 3548
Name: Mtbmt Chpjgr
Birth Date: 1998-06-03
GPA: 2.7059787921175786
Address: Address{street='Main St', city='New York', postalCode='10001', country='USA'}
Number of Courses: 2
------------------------
Student ID: 4565
Name: Zrtfhyp Hgjhpgdiuvdy
Birth Date: 2004-06-03
GPA: 1.1518886121417706
Address: Address{street='Oxford St', city='London', postalCode='W1D 2', country='UK'}
Number of Courses: 4
------------------------
Student ID: 8113
Name: Cdctrzr Ongyloiajv
Birth Date: 1998-06-03
GPA: 1.0043304315372004
Address: Address{street='Main St', city='New York', postalCode='10001', country='USA'}
Number of Courses: 1
------------------------
Student ID: 6253
Name: Egbyngl Nuwutnavnaml
Birth Date: 2004-06-03
GPA: 2.8297184244439153
Address: Address{street='Oxford St', city='London', postalCode='W1D 2', country='UK'}
Number of Courses: 2
------------------------
Student ID: 2433
Name: Qunjrw Dyilfpyvgoldvma
Birth Date: 1998-06-03
GPA: 3.199637744570073
Address: Address{street='Market St', city='San Francisco', postalCode='94105', country='USA'}
Number of Courses: 1
------------------------
Student ID: 3609
Name: Ynjpea Kelwjnkiwlqrlcd
Birth Date: 1998-06-03
GPA: 1.5235965841478778
Address: Address{street='Oxford St', city='London', postalCode='W1D 2', country='UK'}
Number of Courses: 4
------------------------
Student ID: 8980
Name: Eistevls Hacoudjciligzmb
Birth Date: 2005-06-03
GPA: 1.3641935024965293
Address: Address{street='Market St', city='San Francisco', postalCode='94105', country='USA'}
Number of Courses: 3
------------------------
Student ID: 5719
Name: Vfoxbc Bxexlu
Birth Date: 2006-06-03
GPA: 3.7746776515946108
Address: Address{street='Champs-Élysées', city='Paris', postalCode='75008', country='France'}
Number of Courses: 4
------------------------
Student ID: 3993
Name: Ytqcluzvdy Qggmzmvrnjqj
Birth Date: 2003-06-03
GPA: 1.8649951763894277
Address: Address{street='Champs-Élysées', city='Paris', postalCode='75008', country='France'}
Number of Courses: 3
------------------------
Student ID: 1650
Name: Yjwep Qzbely
Birth Date: 2000-06-03
GPA: 1.0125437202535987
Address: Address{street='Oxford St', city='London', postalCode='W1D 2', country='UK'}
Number of Courses: 3
------------------------
Student ID: 4296
Name: Xnzdwic Timfocljeieayqa
Birth Date: 2004-06-03
GPA: 2.179778639197581
Address: Address{street='Champs-Élysées', city='Paris', postalCode='75008', country='France'}
Number of Courses: 3
------------------------
Student ID: 9616
Name: Tqvrkrcs Zlzbyuope
Birth Date: 2002-06-03
GPA: 3.3387752116501788
Address: Address{street='Market St', city='San Francisco', postalCode='94105', country='USA'}
Number of Courses: 1
------------------------
Student ID: 8347
Name: Ngjcu Citijygd
Birth Date: 2001-06-03
GPA: 1.6237640669787243
Address: Address{street='Broadway', city='Chicago', postalCode='60601', country='USA'}
Number of Courses: 3
------------------------
Student ID: 6794
Name: Cjotyrzhc Llunyjm
Birth Date: 2005-06-03
GPA: 3.0718826923956493
Address: Address{street='Broadway', city='Chicago', postalCode='60601', country='USA'}
Number of Courses: 1
------------------------
Student ID: 9011
Name: Dlxzunztml Gojni
Birth Date: 2003-06-03
GPA: 1.426299928389125
Address: Address{street='Main St', city='New York', postalCode='10001', country='USA'}
Number of Courses: 2
------------------------
Student ID: 7749
Name: Rmbxmo Xjxhu
Birth Date: 2003-06-03
GPA: 1.2048624182680618
Address: Address{street='Main St', city='New York', postalCode='10001', country='USA'}
Number of Courses: 1
------------------------
Student ID: 7874
Name: Wdcoydhvjg Avjxa
Birth Date: 2001-06-03
GPA: 2.007845919188618
Address: Address{street='Market St', city='San Francisco', postalCode='94105', country='USA'}
Number of Courses: 1
------------------------

Sorting by Reverse Order:
Student{firstName='Kvvoebz', lastName='Ryjmftfkkfvabdz', studentId=9963, gpa=3.912432760466521}
Student{firstName='Bdxovun', lastName='Blemiybcgnpp', studentId=9883, gpa=1.657589777798838}
Student{firstName='Ujcggcv', lastName='Akqkaplug', studentId=9780, gpa=2.3311929574053023}
Student{firstName='Tqvrkrcs', lastName='Zlzbyuope', studentId=9616, gpa=3.3387752116501788}
Student{firstName='Vnlcq', lastName='Zocuefahwnma', studentId=9610, gpa=1.5315104438943719}
]]></system-out>
  </testcase>
  <testcase name="testMultiFieldComparator" classname="com.sorting.StudentSortingTest" time="0.009">
    <system-out><![CDATA[
Generated Test Students:
------------------------
Student ID: 4162
Name: Rkzujfvuyo Luwnamk
Birth Date: 2003-06-03
GPA: 3.8748582775525966
Address: Address{street='Main St', city='New York', postalCode='10001', country='USA'}
Number of Courses: 4
------------------------
Student ID: 4094
Name: Abrvbzk Cilbaezv
Birth Date: 2003-06-03
GPA: 2.485287248720827
Address: Address{street='Champs-Élysées', city='Paris', postalCode='75008', country='France'}
Number of Courses: 4
------------------------
Student ID: 9252
Name: Whpawlhai Ukejqddcgbyhiy
Birth Date: 2003-06-03
GPA: 1.9143591678497014
Address: Address{street='Oxford St', city='London', postalCode='W1D 2', country='UK'}
Number of Courses: 4
------------------------
Student ID: 1003
Name: Nhwrjp Hngqexkg
Birth Date: 2006-06-03
GPA: 3.3415886115725786
Address: Address{street='Oxford St', city='London', postalCode='W1D 2', country='UK'}
Number of Courses: 3
------------------------
Student ID: 3459
Name: Gexgxdv Vcgjh
Birth Date: 1998-06-03
GPA: 3.5814282633315337
Address: Address{street='Main St', city='New York', postalCode='10001', country='USA'}
Number of Courses: 1
------------------------
Student ID: 7503
Name: Szsrtfera Gsbmtjmz
Birth Date: 1998-06-03
GPA: 3.1458866912795678
Address: Address{street='Oxford St', city='London', postalCode='W1D 2', country='UK'}
Number of Courses: 3
------------------------
Student ID: 1225
Name: Ehslenza Sedjiszvxpivz
Birth Date: 2003-06-03
GPA: 3.7686391246576942
Address: Address{street='Main St', city='New York', postalCode='10001', country='USA'}
Number of Courses: 2
------------------------
Student ID: 8342
Name: Jykpbomqc Waemxwjuqywfb
Birth Date: 2003-06-03
GPA: 3.8350063066228617
Address: Address{street='Champs-Élysées', city='Paris', postalCode='75008', country='France'}
Number of Courses: 3
------------------------
Student ID: 7049
Name: Yzovb Qusppz
Birth Date: 2007-06-03
GPA: 3.4894756158219353
Address: Address{street='Market St', city='San Francisco', postalCode='94105', country='USA'}
Number of Courses: 2
------------------------
Student ID: 7922
Name: Twlcaqknrj Qlhgj
Birth Date: 2003-06-03
GPA: 3.0035517299273984
Address: Address{street='Champs-Élysées', city='Paris', postalCode='75008', country='France'}
Number of Courses: 2
------------------------
Student ID: 9899
Name: Gmouif Aqefmgsbtaby
Birth Date: 2007-06-03
GPA: 2.550993920468785
Address: Address{street='Broadway', city='Chicago', postalCode='60601', country='USA'}
Number of Courses: 4
------------------------
Student ID: 6634
Name: Rtkcbswxr Iruftnshaxneba
Birth Date: 1998-06-03
GPA: 1.3906663310406149
Address: Address{street='Champs-Élysées', city='Paris', postalCode='75008', country='France'}
Number of Courses: 3
------------------------
Student ID: 8259
Name: Fhukzqea Usazuat
Birth Date: 2006-06-03
GPA: 1.7696599793447807
Address: Address{street='Oxford St', city='London', postalCode='W1D 2', country='UK'}
Number of Courses: 4
------------------------
Student ID: 4939
Name: Jraxwzlg Jetfzxc
Birth Date: 1999-06-03
GPA: 2.0224280608325893
Address: Address{street='Champs-Élysées', city='Paris', postalCode='75008', country='France'}
Number of Courses: 1
------------------------
Student ID: 6529
Name: Dfrkuov Jzzyusmxslpuwwy
Birth Date: 1998-06-03
GPA: 1.8609871659097752
Address: Address{street='Champs-Élysées', city='Paris', postalCode='75008', country='France'}
Number of Courses: 1
------------------------
Student ID: 3968
Name: Poofi Zmeqa
Birth Date: 2004-06-03
GPA: 2.626811966345432
Address: Address{street='Main St', city='New York', postalCode='10001', country='USA'}
Number of Courses: 2
------------------------
Student ID: 4760
Name: Vlsprrt Hgssq
Birth Date: 2001-06-03
GPA: 3.340964065041598
Address: Address{street='Main St', city='New York', postalCode='10001', country='USA'}
Number of Courses: 3
------------------------
Student ID: 7180
Name: Btiimgz Mxetam
Birth Date: 2000-06-03
GPA: 1.4918811309676259
Address: Address{street='Market St', city='San Francisco', postalCode='94105', country='USA'}
Number of Courses: 1
------------------------
Student ID: 9964
Name: Pxjupwpy Ssdaendzsht
Birth Date: 2004-06-03
GPA: 3.720246772580488
Address: Address{street='Market St', city='San Francisco', postalCode='94105', country='USA'}
Number of Courses: 1
------------------------
Student ID: 3878
Name: Bnpxfsumaa Pothlsbvrtitfh
Birth Date: 1998-06-03
GPA: 1.6585158814674026
Address: Address{street='Market St', city='San Francisco', postalCode='94105', country='USA'}
Number of Courses: 2
------------------------
Student ID: 9221
Name: Jxohsz Wqysedsfsi
Birth Date: 1998-06-03
GPA: 2.507030892223117
Address: Address{street='Champs-Élysées', city='Paris', postalCode='75008', country='France'}
Number of Courses: 4
------------------------
Student ID: 8151
Name: Bcsmml Hvnqdeelkeqo
Birth Date: 2002-06-03
GPA: 2.401215498261135
Address: Address{street='Market St', city='San Francisco', postalCode='94105', country='USA'}
Number of Courses: 1
------------------------
Student ID: 4568
Name: Sggkxhdlid Ybhfxkeoge
Birth Date: 2003-06-03
GPA: 2.005904671609243
Address: Address{street='Broadway', city='Chicago', postalCode='60601', country='USA'}
Number of Courses: 4
------------------------
Student ID: 5857
Name: Vrqcovxsyg Zydbxlvrggw
Birth Date: 1999-06-03
GPA: 3.441069380197626
Address: Address{street='Oxford St', city='London', postalCode='W1D 2', country='UK'}
Number of Courses: 1
------------------------
Student ID: 1710
Name: Tvvrc Bobunlbnyvpwjg
Birth Date: 2000-06-03
GPA: 3.7542591770719307
Address: Address{street='Oxford St', city='London', postalCode='W1D 2', country='UK'}
Number of Courses: 1
------------------------
Student ID: 5237
Name: Fplxs Hbjtsecvv
Birth Date: 2000-06-03
GPA: 3.0716359356229272
Address: Address{street='Main St', city='New York', postalCode='10001', country='USA'}
Number of Courses: 3
------------------------
Student ID: 2986
Name: Pdarmzuynj Fuojjgp
Birth Date: 2005-06-03
GPA: 1.501962905271121
Address: Address{street='Main St', city='New York', postalCode='10001', country='USA'}
Number of Courses: 1
------------------------
Student ID: 9431
Name: Mieme Odasibrxykygoq
Birth Date: 2004-06-03
GPA: 3.3398082005234047
Address: Address{street='Oxford St', city='London', postalCode='W1D 2', country='UK'}
Number of Courses: 2
------------------------
Student ID: 4864
Name: Yvkiaupqp Jjtwfuxoltu
Birth Date: 2000-06-03
GPA: 3.8238745867712396
Address: Address{street='Oxford St', city='London', postalCode='W1D 2', country='UK'}
Number of Courses: 2
------------------------
Student ID: 2568
Name: Gmbhquz Stwiqptsvxkmj
Birth Date: 2004-06-03
GPA: 2.798734994428722
Address: Address{street='Champs-Élysées', city='Paris', postalCode='75008', country='France'}
Number of Courses: 1
------------------------
Student ID: 3666
Name: Ogvyzwu Soehztswsejcag
Birth Date: 2001-06-03
GPA: 2.8346392482993537
Address: Address{street='Market St', city='San Francisco', postalCode='94105', country='USA'}
Number of Courses: 3
------------------------
Student ID: 3917
Name: Tatqnslmse Uqkfwx
Birth Date: 2006-06-03
GPA: 2.4407338903480444
Address: Address{street='Oxford St', city='London', postalCode='W1D 2', country='UK'}
Number of Courses: 1
------------------------
Student ID: 5751
Name: Zxjhuadkf Vqzegfvmaji
Birth Date: 2004-06-03
GPA: 1.2038333156045504
Address: Address{street='Oxford St', city='London', postalCode='W1D 2', country='UK'}
Number of Courses: 3
------------------------
Student ID: 4041
Name: Yiulazvebl Uakhzft
Birth Date: 1999-06-03
GPA: 1.4732655932301628
Address: Address{street='Broadway', city='Chicago', postalCode='60601', country='USA'}
Number of Courses: 1
------------------------
Student ID: 5859
Name: Tzahoi Olhopwpdg
Birth Date: 2006-06-03
GPA: 1.4348001688959457
Address: Address{street='Oxford St', city='London', postalCode='W1D 2', country='UK'}
Number of Courses: 2
------------------------
Student ID: 8455
Name: Edxlbihkf Yzxjmpvqkre
Birth Date: 2004-06-03
GPA: 3.720019288528089
Address: Address{street='Market St', city='San Francisco', postalCode='94105', country='USA'}
Number of Courses: 4
------------------------
Student ID: 8088
Name: Ilkzqdunby Ynzvmzxryjs
Birth Date: 2002-06-03
GPA: 2.762561273983449
Address: Address{street='Market St', city='San Francisco', postalCode='94105', country='USA'}
Number of Courses: 1
------------------------
Student ID: 4161
Name: Oghqjxslpy Bibzepua
Birth Date: 2004-06-03
GPA: 3.811560010651233
Address: Address{street='Main St', city='New York', postalCode='10001', country='USA'}
Number of Courses: 2
------------------------
Student ID: 6835
Name: Npobglo Oiyrm
Birth Date: 2007-06-03
GPA: 3.756210344596221
Address: Address{street='Broadway', city='Chicago', postalCode='60601', country='USA'}
Number of Courses: 1
------------------------
Student ID: 1203
Name: Zeyxht Qhmlmwmxoambdtt
Birth Date: 1998-06-03
GPA: 2.187290325634936
Address: Address{street='Oxford St', city='London', postalCode='W1D 2', country='UK'}
Number of Courses: 1
------------------------
Student ID: 9152
Name: Jocheado Kfobockyaya
Birth Date: 2001-06-03
GPA: 2.3516366107042512
Address: Address{street='Oxford St', city='London', postalCode='W1D 2', country='UK'}
Number of Courses: 3
------------------------
Student ID: 9583
Name: Enhdzjmthd Tmsrnhrjxlwzid
Birth Date: 2001-06-03
GPA: 3.741659644607847
Address: Address{street='Main St', city='New York', postalCode='10001', country='USA'}
Number of Courses: 2
------------------------
Student ID: 5471
Name: Pzbkykt Etwlxzlfombciw
Birth Date: 2004-06-03
GPA: 3.691561254208774
Address: Address{street='Market St', city='San Francisco', postalCode='94105', country='USA'}
Number of Courses: 4
------------------------
Student ID: 6361
Name: Wkwcgradf Rugmenozdiurtdv
Birth Date: 2003-06-03
GPA: 1.2242491078540938
Address: Address{street='Main St', city='New York', postalCode='10001', country='USA'}
Number of Courses: 4
------------------------
Student ID: 8560
Name: Zcmmljvik Kujlyiyfb
Birth Date: 1998-06-03
GPA: 2.7530442808534854
Address: Address{street='Oxford St', city='London', postalCode='W1D 2', country='UK'}
Number of Courses: 1
------------------------
Student ID: 4609
Name: Vtybiyj Iebez
Birth Date: 2007-06-03
GPA: 3.883135650497885
Address: Address{street='Champs-Élysées', city='Paris', postalCode='75008', country='France'}
Number of Courses: 2
------------------------
Student ID: 2739
Name: Twwto Uhkag
Birth Date: 2002-06-03
GPA: 3.9367880327750666
Address: Address{street='Market St', city='San Francisco', postalCode='94105', country='USA'}
Number of Courses: 3
------------------------
Student ID: 8423
Name: Odoezoe Nqsrqdfrocoib
Birth Date: 2002-06-03
GPA: 1.8735600443638087
Address: Address{street='Main St', city='New York', postalCode='10001', country='USA'}
Number of Courses: 3
------------------------
Student ID: 8129
Name: Rxrignml Iorhnbooarbrlck
Birth Date: 2000-06-03
GPA: 1.3355926365214355
Address: Address{street='Main St', city='New York', postalCode='10001', country='USA'}
Number of Courses: 3
------------------------
Student ID: 8418
Name: Upkpnp Wkrioairccxz
Birth Date: 2005-06-03
GPA: 3.1705721349575775
Address: Address{street='Champs-Élysées', city='Paris', postalCode='75008', country='France'}
Number of Courses: 2
------------------------
Student ID: 3316
Name: Nedoo Dcttjxtjadxovvg
Birth Date: 2006-06-03
GPA: 3.431251869667257
Address: Address{street='Broadway', city='Chicago', postalCode='60601', country='USA'}
Number of Courses: 2
------------------------
Student ID: 6632
Name: Suhki Hjrxxrxr
Birth Date: 2002-06-03
GPA: 1.184122683159505
Address: Address{street='Oxford St', city='London', postalCode='W1D 2', country='UK'}
Number of Courses: 4
------------------------
Student ID: 1548
Name: Okaanev Weuzul
Birth Date: 2000-06-03
GPA: 1.1022701846469622
Address: Address{street='Broadway', city='Chicago', postalCode='60601', country='USA'}
Number of Courses: 4
------------------------
Student ID: 1588
Name: Cmhdsq Bpmilbwq
Birth Date: 2002-06-03
GPA: 2.3414314365105313
Address: Address{street='Broadway', city='Chicago', postalCode='60601', country='USA'}
Number of Courses: 4
------------------------
Student ID: 4157
Name: Hfvsanq Xmvctmcgzduw
Birth Date: 2000-06-03
GPA: 1.9161389299662996
Address: Address{street='Market St', city='San Francisco', postalCode='94105', country='USA'}
Number of Courses: 1
------------------------
Student ID: 3629
Name: Btzaoujhwv Gcwnwhcettngz
Birth Date: 2006-06-03
GPA: 2.173985106233526
Address: Address{street='Broadway', city='Chicago', postalCode='60601', country='USA'}
Number of Courses: 3
------------------------
Student ID: 4572
Name: Sqmpno Nwaxxmmfga
Birth Date: 1998-06-03
GPA: 3.2757186531625284
Address: Address{street='Main St', city='New York', postalCode='10001', country='USA'}
Number of Courses: 2
------------------------
Student ID: 5381
Name: Wsnleuwa Suinajijisp
Birth Date: 2005-06-03
GPA: 2.2592961673716134
Address: Address{street='Broadway', city='Chicago', postalCode='60601', country='USA'}
Number of Courses: 4
------------------------
Student ID: 9116
Name: Hzjhpxf Xkqkutro
Birth Date: 1999-06-03
GPA: 1.95618212300116
Address: Address{street='Market St', city='San Francisco', postalCode='94105', country='USA'}
Number of Courses: 3
------------------------
Student ID: 2451
Name: Rpsidlsju Rxifrrncxygld
Birth Date: 2007-06-03
GPA: 2.108894389250639
Address: Address{street='Market St', city='San Francisco', postalCode='94105', country='USA'}
Number of Courses: 4
------------------------
Student ID: 4155
Name: Qowdcjdwnu Fkwymyd
Birth Date: 1998-06-03
GPA: 3.737127171726782
Address: Address{street='Oxford St', city='London', postalCode='W1D 2', country='UK'}
Number of Courses: 4
------------------------
Student ID: 1523
Name: Nandti Prcoqpnn
Birth Date: 2003-06-03
GPA: 1.5206227487133017
Address: Address{street='Champs-Élysées', city='Paris', postalCode='75008', country='France'}
Number of Courses: 3
------------------------
Student ID: 1585
Name: Fxnagr Yyqnfy
Birth Date: 2007-06-03
GPA: 3.7652463066850292
Address: Address{street='Main St', city='New York', postalCode='10001', country='USA'}
Number of Courses: 1
------------------------
Student ID: 4558
Name: Feocgl Rcuvzexejla
Birth Date: 2007-06-03
GPA: 2.8806248319204206
Address: Address{street='Champs-Élysées', city='Paris', postalCode='75008', country='France'}
Number of Courses: 1
------------------------
Student ID: 2898
Name: Xivyjhs Flubtkckebygvm
Birth Date: 2005-06-03
GPA: 3.451304101821939
Address: Address{street='Oxford St', city='London', postalCode='W1D 2', country='UK'}
Number of Courses: 3
------------------------
Student ID: 5104
Name: Zwvsohe Kshbgg
Birth Date: 1998-06-03
GPA: 2.244795925068602
Address: Address{street='Champs-Élysées', city='Paris', postalCode='75008', country='France'}
Number of Courses: 1
------------------------
Student ID: 2146
Name: Ogjsvhl Ohtwzojicx
Birth Date: 1998-06-03
GPA: 3.8940740416086954
Address: Address{street='Oxford St', city='London', postalCode='W1D 2', country='UK'}
Number of Courses: 3
------------------------
Student ID: 9615
Name: Atrju Xulfjitunkbqxm
Birth Date: 2002-06-03
GPA: 1.5275631809829526
Address: Address{street='Market St', city='San Francisco', postalCode='94105', country='USA'}
Number of Courses: 2
------------------------
Student ID: 9683
Name: Ygnuyh Jdizpazyjy
Birth Date: 1998-06-03
GPA: 3.1667615373349767
Address: Address{street='Champs-Élysées', city='Paris', postalCode='75008', country='France'}
Number of Courses: 4
------------------------
Student ID: 6643
Name: Bzbbox Mqrkctlrtpbgge
Birth Date: 2004-06-03
GPA: 1.8843373096836307
Address: Address{street='Market St', city='San Francisco', postalCode='94105', country='USA'}
Number of Courses: 2
------------------------
Student ID: 4488
Name: Jwqae Xkydnlbvynw
Birth Date: 1998-06-03
GPA: 1.106441379911074
Address: Address{street='Main St', city='New York', postalCode='10001', country='USA'}
Number of Courses: 3
------------------------
Student ID: 1635
Name: Dyacrvo Rhswrqsjp
Birth Date: 2004-06-03
GPA: 1.8783173923565628
Address: Address{street='Oxford St', city='London', postalCode='W1D 2', country='UK'}
Number of Courses: 4
------------------------
Student ID: 8533
Name: Djbbacyq Qfmtkfjyzrx
Birth Date: 2003-06-03
GPA: 3.049541084177917
Address: Address{street='Champs-Élysées', city='Paris', postalCode='75008', country='France'}
Number of Courses: 1
------------------------
Student ID: 2529
Name: Uhbefxzi Bhxhaoez
Birth Date: 2001-06-03
GPA: 2.037015269670018
Address: Address{street='Champs-Élysées', city='Paris', postalCode='75008', country='France'}
Number of Courses: 4
------------------------
Student ID: 4672
Name: Tomlvineb Ptshwewxy
Birth Date: 2001-06-03
GPA: 2.6768766039421577
Address: Address{street='Main St', city='New York', postalCode='10001', country='USA'}
Number of Courses: 2
------------------------
Student ID: 1496
Name: Pckzd Dpqtuxclesfyfrt
Birth Date: 1998-06-03
GPA: 1.079465377980493
Address: Address{street='Broadway', city='Chicago', postalCode='60601', country='USA'}
Number of Courses: 2
------------------------
Student ID: 3629
Name: Zdjgqghwq Zeekwnxdbe
Birth Date: 2005-06-03
GPA: 1.4764585504998273
Address: Address{street='Market St', city='San Francisco', postalCode='94105', country='USA'}
Number of Courses: 2
------------------------
Student ID: 4444
Name: Mgblossuny Jtczwoshkiscpc
Birth Date: 2003-06-03
GPA: 3.5495081286460275
Address: Address{street='Oxford St', city='London', postalCode='W1D 2', country='UK'}
Number of Courses: 1
------------------------
Student ID: 9813
Name: Ugbvcx Tegqnisgu
Birth Date: 2007-06-03
GPA: 1.5000660545222362
Address: Address{street='Champs-Élysées', city='Paris', postalCode='75008', country='France'}
Number of Courses: 3
------------------------
Student ID: 6536
Name: Lrwwwrw Dpwcnj
Birth Date: 2000-06-03
GPA: 2.114590343882935
Address: Address{street='Main St', city='New York', postalCode='10001', country='USA'}
Number of Courses: 2
------------------------
Student ID: 1967
Name: Tvaetkcgl Bgqmcuydqwee
Birth Date: 2000-06-03
GPA: 2.531372068321594
Address: Address{street='Oxford St', city='London', postalCode='W1D 2', country='UK'}
Number of Courses: 4
------------------------
Student ID: 5043
Name: Bbljkh Zyywr
Birth Date: 1999-06-03
GPA: 1.0994051741414022
Address: Address{street='Broadway', city='Chicago', postalCode='60601', country='USA'}
Number of Courses: 2
------------------------
Student ID: 6031
Name: Sjuxhldmc Usmdhmf
Birth Date: 1999-06-03
GPA: 2.0142548547075387
Address: Address{street='Broadway', city='Chicago', postalCode='60601', country='USA'}
Number of Courses: 3
------------------------
Student ID: 7095
Name: Yrleths Jwary
Birth Date: 2002-06-03
GPA: 2.4782201679198206
Address: Address{street='Champs-Élysées', city='Paris', postalCode='75008', country='France'}
Number of Courses: 1
------------------------
Student ID: 9090
Name: Cfdrl Omdwuooajywzf
Birth Date: 1998-06-03
GPA: 1.6621404209625417
Address: Address{street='Main St', city='New York', postalCode='10001', country='USA'}
Number of Courses: 3
------------------------
Student ID: 4833
Name: Hzgwfunp Ntysro
Birth Date: 2002-06-03
GPA: 3.4901786320007284
Address: Address{street='Champs-Élysées', city='Paris', postalCode='75008', country='France'}
Number of Courses: 4
------------------------
Student ID: 5415
Name: Cfgolq Tqhqxayjfmgmgjk
Birth Date: 2005-06-03
GPA: 2.1549598556873666
Address: Address{street='Oxford St', city='London', postalCode='W1D 2', country='UK'}
Number of Courses: 4
------------------------
Student ID: 2519
Name: Fyymouros Ghdmj
Birth Date: 2002-06-03
GPA: 2.930411099835972
Address: Address{street='Champs-Élysées', city='Paris', postalCode='75008', country='France'}
Number of Courses: 1
------------------------
Student ID: 2547
Name: Euayxp Njtvjy
Birth Date: 1999-06-03
GPA: 2.6935006320492505
Address: Address{street='Broadway', city='Chicago', postalCode='60601', country='USA'}
Number of Courses: 1
------------------------
Student ID: 7122
Name: Ifspx Eznsswgcmtekx
Birth Date: 2007-06-03
GPA: 3.9051872055954417
Address: Address{street='Champs-Élysées', city='Paris', postalCode='75008', country='France'}
Number of Courses: 4
------------------------
Student ID: 3816
Name: Nkqywda Tofcnvjozh
Birth Date: 2005-06-03
GPA: 1.7754979749082809
Address: Address{street='Oxford St', city='London', postalCode='W1D 2', country='UK'}
Number of Courses: 1
------------------------
Student ID: 5941
Name: Aosomu Bwxyzooqfhzpy
Birth Date: 1999-06-03
GPA: 3.062003409228015
Address: Address{street='Oxford St', city='London', postalCode='W1D 2', country='UK'}
Number of Courses: 3
------------------------
Student ID: 4094
Name: Xzahds Yahmsnpih
Birth Date: 2002-06-03
GPA: 3.7166443532065045
Address: Address{street='Champs-Élysées', city='Paris', postalCode='75008', country='France'}
Number of Courses: 3
------------------------
Student ID: 9693
Name: Ipffsoc Mkctclgoyaz
Birth Date: 2006-06-03
GPA: 3.993523150356069
Address: Address{street='Oxford St', city='London', postalCode='W1D 2', country='UK'}
Number of Courses: 2
------------------------
Student ID: 1820
Name: Taadezkf Zpmzzoak
Birth Date: 2001-06-03
GPA: 3.8262411357723476
Address: Address{street='Champs-Élysées', city='Paris', postalCode='75008', country='France'}
Number of Courses: 3
------------------------
Student ID: 4089
Name: Rouxj Foekoom
Birth Date: 2005-06-03
GPA: 3.6660672526929208
Address: Address{street='Champs-Élysées', city='Paris', postalCode='75008', country='France'}
Number of Courses: 2
------------------------
Student ID: 8793
Name: Ldjbgvdxgk Awcwvvzmzwceb
Birth Date: 2005-06-03
GPA: 1.24584646686642
Address: Address{street='Main St', city='New York', postalCode='10001', country='USA'}
Number of Courses: 3
------------------------
Student ID: 7166
Name: Laruf Hrrgzasqijkq
Birth Date: 2003-06-03
GPA: 2.8978378481134373
Address: Address{street='Main St', city='New York', postalCode='10001', country='USA'}
Number of Courses: 4
------------------------
Student ID: 4977
Name: Hsjjzcljo Hhztszwzorkiz
Birth Date: 2006-06-03
GPA: 1.287047771736337
Address: Address{street='Main St', city='New York', postalCode='10001', country='USA'}
Number of Courses: 4
------------------------
Student ID: 6556
Name: Osxhaufko Ybyroww
Birth Date: 2003-06-03
GPA: 2.7738105736242513
Address: Address{street='Broadway', city='Chicago', postalCode='60601', country='USA'}
Number of Courses: 4
------------------------

Sorting by Multiple Fields (Comparator Chain):
Student{firstName='Gmouif', lastName='Aqefmgsbtaby', studentId=9899, gpa=2.550993920468785}
Student{firstName='Ldjbgvdxgk', lastName='Awcwvvzmzwceb', studentId=8793, gpa=1.24584646686642}
Student{firstName='Tvaetkcgl', lastName='Bgqmcuydqwee', studentId=1967, gpa=2.531372068321594}
Student{firstName='Uhbefxzi', lastName='Bhxhaoez', studentId=2529, gpa=2.037015269670018}
Student{firstName='Oghqjxslpy', lastName='Bibzepua', studentId=4161, gpa=3.811560010651233}
]]></system-out>
  </testcase>
  <testcase name="testNaturalOrder" classname="com.sorting.StudentSortingTest" time="0.016">
    <system-out><![CDATA[
Generated Test Students:
------------------------
Student ID: 8927
Name: Ljwghut Uhhnfdyfjna
Birth Date: 2000-06-03
GPA: 3.539144412863367
Address: Address{street='Main St', city='New York', postalCode='10001', country='USA'}
Number of Courses: 1
------------------------
Student ID: 1893
Name: Cpybuyadw Nfcpsdwmy
Birth Date: 2001-06-03
GPA: 1.8930536377699387
Address: Address{street='Main St', city='New York', postalCode='10001', country='USA'}
Number of Courses: 2
------------------------
Student ID: 6235
Name: Qyzoyryw Tnaql
Birth Date: 2001-06-03
GPA: 3.3364041626731598
Address: Address{street='Champs-Élysées', city='Paris', postalCode='75008', country='France'}
Number of Courses: 2
------------------------
Student ID: 6294
Name: Xoiwzfexf Norxwlanlqmibq
Birth Date: 2006-06-03
GPA: 2.8112797574574113
Address: Address{street='Main St', city='New York', postalCode='10001', country='USA'}
Number of Courses: 3
------------------------
Student ID: 8703
Name: Drjtff Lkjeuhsoemy
Birth Date: 2000-06-03
GPA: 2.549057417315269
Address: Address{street='Main St', city='New York', postalCode='10001', country='USA'}
Number of Courses: 3
------------------------
Student ID: 4248
Name: Gfxgwyswkh Tifvecawjx
Birth Date: 1999-06-03
GPA: 1.5544440048626686
Address: Address{street='Oxford St', city='London', postalCode='W1D 2', country='UK'}
Number of Courses: 1
------------------------
Student ID: 9252
Name: Laatoonndj Njfsxbwudljbs
Birth Date: 2002-06-03
GPA: 2.5449801713725644
Address: Address{street='Market St', city='San Francisco', postalCode='94105', country='USA'}
Number of Courses: 1
------------------------
Student ID: 8956
Name: Huztsxu Haxgk
Birth Date: 2001-06-03
GPA: 1.0924750108232777
Address: Address{street='Oxford St', city='London', postalCode='W1D 2', country='UK'}
Number of Courses: 4
------------------------
Student ID: 1134
Name: Clemca Yrvgx
Birth Date: 2000-06-03
GPA: 3.60750699251055
Address: Address{street='Broadway', city='Chicago', postalCode='60601', country='USA'}
Number of Courses: 3
------------------------
Student ID: 5363
Name: Zeffgcqb Nprokqhjcpaia
Birth Date: 2005-06-03
GPA: 3.8675065140672924
Address: Address{street='Broadway', city='Chicago', postalCode='60601', country='USA'}
Number of Courses: 2
------------------------
Student ID: 4978
Name: Zmffrdlqkh Iijnxlifavzcyl
Birth Date: 1999-06-03
GPA: 3.5636926660743176
Address: Address{street='Oxford St', city='London', postalCode='W1D 2', country='UK'}
Number of Courses: 4
------------------------
Student ID: 2927
Name: Mfqys Mzfazgzqvzn
Birth Date: 2007-06-03
GPA: 1.982043262844286
Address: Address{street='Broadway', city='Chicago', postalCode='60601', country='USA'}
Number of Courses: 1
------------------------
Student ID: 7725
Name: Dhhujd Bfjxidgko
Birth Date: 1999-06-03
GPA: 3.1758247358894964
Address: Address{street='Champs-Élysées', city='Paris', postalCode='75008', country='France'}
Number of Courses: 2
------------------------
Student ID: 2373
Name: Nnxfhy Wmskhvak
Birth Date: 1998-06-03
GPA: 3.238709944666465
Address: Address{street='Market St', city='San Francisco', postalCode='94105', country='USA'}
Number of Courses: 4
------------------------
Student ID: 5130
Name: Riqcgq Nfjiff
Birth Date: 1999-06-03
GPA: 2.270529031977566
Address: Address{street='Market St', city='San Francisco', postalCode='94105', country='USA'}
Number of Courses: 2
------------------------
Student ID: 4527
Name: Pgplsdiy Micahtk
Birth Date: 2006-06-03
GPA: 2.689067455479219
Address: Address{street='Broadway', city='Chicago', postalCode='60601', country='USA'}
Number of Courses: 3
------------------------
Student ID: 4545
Name: Kezrtq Wjovg
Birth Date: 2005-06-03
GPA: 1.8558713085149592
Address: Address{street='Main St', city='New York', postalCode='10001', country='USA'}
Number of Courses: 3
------------------------
Student ID: 4387
Name: Ruordec Xacez
Birth Date: 2005-06-03
GPA: 2.661265387713182
Address: Address{street='Main St', city='New York', postalCode='10001', country='USA'}
Number of Courses: 3
------------------------
Student ID: 5688
Name: Wzhmmpgqw Dqsbkmkjhidkt
Birth Date: 2001-06-03
GPA: 3.0074813580506055
Address: Address{street='Oxford St', city='London', postalCode='W1D 2', country='UK'}
Number of Courses: 2
------------------------
Student ID: 4759
Name: Fykowg Rjmjiqfdotz
Birth Date: 1998-06-03
GPA: 2.3152701106953915
Address: Address{street='Main St', city='New York', postalCode='10001', country='USA'}
Number of Courses: 4
------------------------
Student ID: 4062
Name: Wdgchtmp Hwcxxfevtwf
Birth Date: 2002-06-03
GPA: 3.43164569733951
Address: Address{street='Oxford St', city='London', postalCode='W1D 2', country='UK'}
Number of Courses: 4
------------------------
Student ID: 2830
Name: Qmmkrvzf Hqfxzlkg
Birth Date: 1999-06-03
GPA: 1.5243984067070815
Address: Address{street='Market St', city='San Francisco', postalCode='94105', country='USA'}
Number of Courses: 4
------------------------
Student ID: 9543
Name: Vzrtgnjd Gsrgql
Birth Date: 2002-06-03
GPA: 3.0346363169341464
Address: Address{street='Main St', city='New York', postalCode='10001', country='USA'}
Number of Courses: 4
------------------------
Student ID: 4806
Name: Mkedmh Tleku
Birth Date: 2003-06-03
GPA: 3.185487720799744
Address: Address{street='Champs-Élysées', city='Paris', postalCode='75008', country='France'}
Number of Courses: 1
------------------------
Student ID: 1832
Name: Yagrq Uxvxosaj
Birth Date: 2006-06-03
GPA: 3.1174227051677557
Address: Address{street='Main St', city='New York', postalCode='10001', country='USA'}
Number of Courses: 4
------------------------
Student ID: 8816
Name: Yyelza Smfoom
Birth Date: 2005-06-03
GPA: 3.621292318168422
Address: Address{street='Market St', city='San Francisco', postalCode='94105', country='USA'}
Number of Courses: 3
------------------------
Student ID: 9495
Name: Iklnwe Iosdlmnpepavzg
Birth Date: 2004-06-03
GPA: 3.965524263863492
Address: Address{street='Champs-Élysées', city='Paris', postalCode='75008', country='France'}
Number of Courses: 4
------------------------
Student ID: 7022
Name: Syitjfa Frzybbbnq
Birth Date: 2004-06-03
GPA: 1.8967242973140293
Address: Address{street='Oxford St', city='London', postalCode='W1D 2', country='UK'}
Number of Courses: 1
------------------------
Student ID: 1269
Name: Yooqdy Vthvgtgd
Birth Date: 2000-06-03
GPA: 2.187726151785852
Address: Address{street='Broadway', city='Chicago', postalCode='60601', country='USA'}
Number of Courses: 2
------------------------
Student ID: 7283
Name: Kqtkzd Wsdsbrxvdfy
Birth Date: 2007-06-03
GPA: 2.2394059811442486
Address: Address{street='Broadway', city='Chicago', postalCode='60601', country='USA'}
Number of Courses: 4
------------------------
Student ID: 9585
Name: Wmbcpdb Ksawwgcggw
Birth Date: 2005-06-03
GPA: 2.491485753686662
Address: Address{street='Champs-Élysées', city='Paris', postalCode='75008', country='France'}
Number of Courses: 1
------------------------
Student ID: 6251
Name: Togba Djmrwakphssljhd
Birth Date: 2003-06-03
GPA: 3.5797630570713412
Address: Address{street='Main St', city='New York', postalCode='10001', country='USA'}
Number of Courses: 2
------------------------
Student ID: 7640
Name: Fwsenomfd Ovhggqtbaq
Birth Date: 2000-06-03
GPA: 1.3301440015073598
Address: Address{street='Market St', city='San Francisco', postalCode='94105', country='USA'}
Number of Courses: 3
------------------------
Student ID: 3120
Name: Awgkhlq Qkucmxheto
Birth Date: 2004-06-03
GPA: 2.8547458456227086
Address: Address{street='Main St', city='New York', postalCode='10001', country='USA'}
Number of Courses: 4
------------------------
Student ID: 5713
Name: Dlmjx Xzomof
Birth Date: 2003-06-03
GPA: 2.3457912338050875
Address: Address{street='Market St', city='San Francisco', postalCode='94105', country='USA'}
Number of Courses: 2
------------------------
Student ID: 3079
Name: Ixvku Efardlyhjvu
Birth Date: 2007-06-03
GPA: 2.30678188545827
Address: Address{street='Champs-Élysées', city='Paris', postalCode='75008', country='France'}
Number of Courses: 2
------------------------
Student ID: 2095
Name: Djrivfayr Uhxunjgsbrogl
Birth Date: 2007-06-03
GPA: 2.4699809120391656
Address: Address{street='Broadway', city='Chicago', postalCode='60601', country='USA'}
Number of Courses: 3
------------------------
Student ID: 3619
Name: Tfkalnujyw Yeufxsthzuqeloo
Birth Date: 2001-06-03
GPA: 1.9457071504247667
Address: Address{street='Oxford St', city='London', postalCode='W1D 2', country='UK'}
Number of Courses: 1
------------------------
Student ID: 6748
Name: Uezngz Cpmsabmkhirewx
Birth Date: 2002-06-03
GPA: 1.3273712830445357
Address: Address{street='Oxford St', city='London', postalCode='W1D 2', country='UK'}
Number of Courses: 4
------------------------
Student ID: 5196
Name: Csudb Fggst
Birth Date: 2002-06-03
GPA: 1.190947665292392
Address: Address{street='Oxford St', city='London', postalCode='W1D 2', country='UK'}
Number of Courses: 1
------------------------
Student ID: 9532
Name: Vklejoacqw Hpohldqveqw
Birth Date: 2001-06-03
GPA: 3.342613652515409
Address: Address{street='Main St', city='New York', postalCode='10001', country='USA'}
Number of Courses: 1
------------------------
Student ID: 5719
Name: Tecmoekq Jitmqnpcklhkoo
Birth Date: 2004-06-03
GPA: 3.714015695950224
Address: Address{street='Market St', city='San Francisco', postalCode='94105', country='USA'}
Number of Courses: 2
------------------------
Student ID: 6299
Name: Vjoxdz Vggypp
Birth Date: 2003-06-03
GPA: 1.9475755234553531
Address: Address{street='Main St', city='New York', postalCode='10001', country='USA'}
Number of Courses: 1
------------------------
Student ID: 6684
Name: Iggesrkqjr Psnwxzmyuwodfp
Birth Date: 1999-06-03
GPA: 3.818104835832292
Address: Address{street='Market St', city='San Francisco', postalCode='94105', country='USA'}
Number of Courses: 3
------------------------
Student ID: 1341
Name: Rvbdieresk Gtuznvcm
Birth Date: 2005-06-03
GPA: 1.0109903114075083
Address: Address{street='Oxford St', city='London', postalCode='W1D 2', country='UK'}
Number of Courses: 2
------------------------
Student ID: 5846
Name: Qjpjqadz Baawvrlqxnw
Birth Date: 1998-06-03
GPA: 1.1852336212495151
Address: Address{street='Oxford St', city='London', postalCode='W1D 2', country='UK'}
Number of Courses: 3
------------------------
Student ID: 7877
Name: Swiyqze Bechpw
Birth Date: 2000-06-03
GPA: 2.145341840000701
Address: Address{street='Oxford St', city='London', postalCode='W1D 2', country='UK'}
Number of Courses: 1
------------------------
Student ID: 1613
Name: Xtxorgopom Evdvgoroaad
Birth Date: 2005-06-03
GPA: 2.8976281774028254
Address: Address{street='Broadway', city='Chicago', postalCode='60601', country='USA'}
Number of Courses: 1
------------------------
Student ID: 5354
Name: Zhkakwmz Aoggssxypurh
Birth Date: 2005-06-03
GPA: 1.4766299608348092
Address: Address{street='Market St', city='San Francisco', postalCode='94105', country='USA'}
Number of Courses: 2
------------------------
Student ID: 4757
Name: Smpvdp Jjuoxcsavph
Birth Date: 2006-06-03
GPA: 1.7722829066038472
Address: Address{street='Champs-Élysées', city='Paris', postalCode='75008', country='France'}
Number of Courses: 2
------------------------
Student ID: 7075
Name: Hkgxlb Pabdnt
Birth Date: 1998-06-03
GPA: 3.7937349420736295
Address: Address{street='Oxford St', city='London', postalCode='W1D 2', country='UK'}
Number of Courses: 2
------------------------
Student ID: 6450
Name: Zaawmism Mwrueldtz
Birth Date: 2005-06-03
GPA: 3.8312840557920644
Address: Address{street='Broadway', city='Chicago', postalCode='60601', country='USA'}
Number of Courses: 1
------------------------
Student ID: 2510
Name: Mhawlihzm Mulkw
Birth Date: 1999-06-03
GPA: 3.0264540835695173
Address: Address{street='Market St', city='San Francisco', postalCode='94105', country='USA'}
Number of Courses: 2
------------------------
Student ID: 6604
Name: Egsnezx Uvzlyupnpsdamc
Birth Date: 2004-06-03
GPA: 1.6250753249299397
Address: Address{street='Main St', city='New York', postalCode='10001', country='USA'}
Number of Courses: 4
------------------------
Student ID: 7524
Name: Wennf Kfmgwew
Birth Date: 2007-06-03
GPA: 2.439472038710604
Address: Address{street='Main St', city='New York', postalCode='10001', country='USA'}
Number of Courses: 2
------------------------
Student ID: 5384
Name: Ttljsfxab Neyglarnmuwum
Birth Date: 2001-06-03
GPA: 1.2691261444646407
Address: Address{street='Champs-Élysées', city='Paris', postalCode='75008', country='France'}
Number of Courses: 2
------------------------
Student ID: 4994
Name: Rdcazyz Knkbssflryx
Birth Date: 2004-06-03
GPA: 2.9210638452102495
Address: Address{street='Champs-Élysées', city='Paris', postalCode='75008', country='France'}
Number of Courses: 1
------------------------
Student ID: 2063
Name: Ulkskbq Uwnwjnig
Birth Date: 1998-06-03
GPA: 3.762181038165443
Address: Address{street='Champs-Élysées', city='Paris', postalCode='75008', country='France'}
Number of Courses: 1
------------------------
Student ID: 9658
Name: Xyggmf Hklmwuvuknizs
Birth Date: 1999-06-03
GPA: 2.2054681985193954
Address: Address{street='Main St', city='New York', postalCode='10001', country='USA'}
Number of Courses: 2
------------------------
Student ID: 9085
Name: Tfjjoxg Xnomsegnd
Birth Date: 2005-06-03
GPA: 3.7198598981170314
Address: Address{street='Main St', city='New York', postalCode='10001', country='USA'}
Number of Courses: 3
------------------------
Student ID: 3685
Name: Tjlzvecvfb Zwamm
Birth Date: 2007-06-03
GPA: 3.983746078129753
Address: Address{street='Champs-Élysées', city='Paris', postalCode='75008', country='France'}
Number of Courses: 1
------------------------
Student ID: 9081
Name: Lbpcttxeid Hmviebbwfgolnu
Birth Date: 2003-06-03
GPA: 3.282125231291233
Address: Address{street='Main St', city='New York', postalCode='10001', country='USA'}
Number of Courses: 1
------------------------
Student ID: 9419
Name: Mrkhvq Lxisvudjcov
Birth Date: 2005-06-03
GPA: 3.34914786005568
Address: Address{street='Oxford St', city='London', postalCode='W1D 2', country='UK'}
Number of Courses: 1
------------------------
Student ID: 9180
Name: Kxuujl Jyfhzozyki
Birth Date: 1998-06-03
GPA: 1.4268148408506685
Address: Address{street='Main St', city='New York', postalCode='10001', country='USA'}
Number of Courses: 4
------------------------
Student ID: 3541
Name: Mitnapz Gcqjjvltgfu
Birth Date: 2002-06-03
GPA: 1.6925673676567978
Address: Address{street='Market St', city='San Francisco', postalCode='94105', country='USA'}
Number of Courses: 2
------------------------
Student ID: 1439
Name: Fiibvnfevf Vlksicrqeuw
Birth Date: 2004-06-03
GPA: 3.178988513955836
Address: Address{street='Oxford St', city='London', postalCode='W1D 2', country='UK'}
Number of Courses: 1
------------------------
Student ID: 1313
Name: Jamvhkgh Ezsnbhjzvfmh
Birth Date: 2005-06-03
GPA: 2.934693672932206
Address: Address{street='Oxford St', city='London', postalCode='W1D 2', country='UK'}
Number of Courses: 2
------------------------
Student ID: 4745
Name: Raliyx Jmywvzrop
Birth Date: 2005-06-03
GPA: 3.950030422516087
Address: Address{street='Market St', city='San Francisco', postalCode='94105', country='USA'}
Number of Courses: 1
------------------------
Student ID: 2418
Name: Byotpetk Jlgofqhqfyzk
Birth Date: 2001-06-03
GPA: 2.915794303694177
Address: Address{street='Oxford St', city='London', postalCode='W1D 2', country='UK'}
Number of Courses: 1
------------------------
Student ID: 9532
Name: Ejwpr Deivgwj
Birth Date: 2002-06-03
GPA: 1.6368099653129253
Address: Address{street='Broadway', city='Chicago', postalCode='60601', country='USA'}
Number of Courses: 1
------------------------
Student ID: 6705
Name: Fbwnvok Xdtxofkecfkts
Birth Date: 2001-06-03
GPA: 3.396070212305658
Address: Address{street='Main St', city='New York', postalCode='10001', country='USA'}
Number of Courses: 3
------------------------
Student ID: 3785
Name: Qgkxvpgtm Jnriggkrgbo
Birth Date: 2000-06-03
GPA: 1.4541875076767203
Address: Address{street='Market St', city='San Francisco', postalCode='94105', country='USA'}
Number of Courses: 3
------------------------
Student ID: 5310
Name: Yunzalyw Givdjghukyvts
Birth Date: 2007-06-03
GPA: 1.8449247102020325
Address: Address{street='Main St', city='New York', postalCode='10001', country='USA'}
Number of Courses: 4
------------------------
Student ID: 8339
Name: Tuytryosz Qskpshw
Birth Date: 2002-06-03
GPA: 2.5982133915373646
Address: Address{street='Champs-Élysées', city='Paris', postalCode='75008', country='France'}
Number of Courses: 1
------------------------
Student ID: 4428
Name: Glqeew Htqko
Birth Date: 2007-06-03
GPA: 3.567263136808632
Address: Address{street='Main St', city='New York', postalCode='10001', country='USA'}
Number of Courses: 2
------------------------
Student ID: 9944
Name: Slqxfqhwy Elnmnfponvx
Birth Date: 2005-06-03
GPA: 3.462754477146123
Address: Address{street='Market St', city='San Francisco', postalCode='94105', country='USA'}
Number of Courses: 4
------------------------
Student ID: 6601
Name: Dqttvlni Sztwizir
Birth Date: 2003-06-03
GPA: 3.0715214308630747
Address: Address{street='Market St', city='San Francisco', postalCode='94105', country='USA'}
Number of Courses: 3
------------------------
Student ID: 9902
Name: Mwtzns Chqxkheuxpi
Birth Date: 2006-06-03
GPA: 1.3460017431689941
Address: Address{street='Market St', city='San Francisco', postalCode='94105', country='USA'}
Number of Courses: 3
------------------------
Student ID: 9693
Name: Esoyax Itsjzaqs
Birth Date: 2001-06-03
GPA: 3.167339131491831
Address: Address{street='Champs-Élysées', city='Paris', postalCode='75008', country='France'}
Number of Courses: 3
------------------------
Student ID: 9776
Name: Rdffdtuc Gzapclwdx
Birth Date: 2004-06-03
GPA: 2.6992651516658754
Address: Address{street='Main St', city='New York', postalCode='10001', country='USA'}
Number of Courses: 2
------------------------
Student ID: 7334
Name: Fgdhysuin Qnzsybnjjtjsw
Birth Date: 2007-06-03
GPA: 3.958320838050879
Address: Address{street='Market St', city='San Francisco', postalCode='94105', country='USA'}
Number of Courses: 2
------------------------
Student ID: 3610
Name: Xjadlsbbvl Jzajanx
Birth Date: 2002-06-03
GPA: 3.508064003640227
Address: Address{street='Oxford St', city='London', postalCode='W1D 2', country='UK'}
Number of Courses: 4
------------------------
Student ID: 7649
Name: Qfbsrbx Eihymwyrbvm
Birth Date: 1999-06-03
GPA: 1.7160634140576554
Address: Address{street='Main St', city='New York', postalCode='10001', country='USA'}
Number of Courses: 1
------------------------
Student ID: 4293
Name: Japkenfhg Daprndds
Birth Date: 2001-06-03
GPA: 3.1082198539758146
Address: Address{street='Champs-Élysées', city='Paris', postalCode='75008', country='France'}
Number of Courses: 1
------------------------
Student ID: 3665
Name: Oeuqsmkhe Nopbj
Birth Date: 2007-06-03
GPA: 2.2869045234375203
Address: Address{street='Broadway', city='Chicago', postalCode='60601', country='USA'}
Number of Courses: 4
------------------------
Student ID: 3565
Name: Qczrimntze Emvpin
Birth Date: 2003-06-03
GPA: 3.7591613632304917
Address: Address{street='Champs-Élysées', city='Paris', postalCode='75008', country='France'}
Number of Courses: 2
------------------------
Student ID: 4402
Name: Qnsmf Nfnbibrgjfl
Birth Date: 2006-06-03
GPA: 3.1951178207384947
Address: Address{street='Oxford St', city='London', postalCode='W1D 2', country='UK'}
Number of Courses: 4
------------------------
Student ID: 6563
Name: Vovni Zjxpwukdlagrp
Birth Date: 2001-06-03
GPA: 1.9673691531869602
Address: Address{street='Main St', city='New York', postalCode='10001', country='USA'}
Number of Courses: 4
------------------------
Student ID: 1044
Name: Psygniu Luoldhc
Birth Date: 2003-06-03
GPA: 2.5286616582728465
Address: Address{street='Main St', city='New York', postalCode='10001', country='USA'}
Number of Courses: 4
------------------------
Student ID: 3507
Name: Xoehirt Yofaz
Birth Date: 2006-06-03
GPA: 2.2096365986340105
Address: Address{street='Broadway', city='Chicago', postalCode='60601', country='USA'}
Number of Courses: 2
------------------------
Student ID: 1342
Name: Emjjpmm Ztjlur
Birth Date: 1998-06-03
GPA: 2.754370724490391
Address: Address{street='Broadway', city='Chicago', postalCode='60601', country='USA'}
Number of Courses: 3
------------------------
Student ID: 5563
Name: Wvqdhwwbxw Ejgjwweapdk
Birth Date: 2006-06-03
GPA: 1.1188653132048523
Address: Address{street='Oxford St', city='London', postalCode='W1D 2', country='UK'}
Number of Courses: 4
------------------------
Student ID: 6861
Name: Zhkcx Ifuhxdvd
Birth Date: 1998-06-03
GPA: 1.0060521957929254
Address: Address{street='Market St', city='San Francisco', postalCode='94105', country='USA'}
Number of Courses: 4
------------------------
Student ID: 4358
Name: Uyfcfqgdyk Ptgzwkyltim
Birth Date: 2007-06-03
GPA: 3.6462359261768817
Address: Address{street='Oxford St', city='London', postalCode='W1D 2', country='UK'}
Number of Courses: 2
------------------------
Student ID: 7226
Name: Ibbzpx Bpgcraujcpp
Birth Date: 2004-06-03
GPA: 2.3822400690219725
Address: Address{street='Oxford St', city='London', postalCode='W1D 2', country='UK'}
Number of Courses: 1
------------------------
Student ID: 3243
Name: Toxazh Kpplpj
Birth Date: 2002-06-03
GPA: 2.635110016915967
Address: Address{street='Broadway', city='Chicago', postalCode='60601', country='USA'}
Number of Courses: 2
------------------------
Student ID: 7329
Name: Aclumrw Kyhydj
Birth Date: 2006-06-03
GPA: 3.5505500709769726
Address: Address{street='Main St', city='New York', postalCode='10001', country='USA'}
Number of Courses: 2
------------------------
Student ID: 6406
Name: Czwxvpu Svywwwsngq
Birth Date: 1998-06-03
GPA: 3.76628961174044
Address: Address{street='Champs-Élysées', city='Paris', postalCode='75008', country='France'}
Number of Courses: 4
------------------------
Student ID: 2653
Name: Laylwjshax Gehrusndxthgon
Birth Date: 1999-06-03
GPA: 1.6598140728139525
Address: Address{street='Main St', city='New York', postalCode='10001', country='USA'}
Number of Courses: 1
------------------------
Student ID: 8686
Name: Lqbvsdt Fslxdcxeyybmwk
Birth Date: 2007-06-03
GPA: 3.8678666306824296
Address: Address{street='Champs-Élysées', city='Paris', postalCode='75008', country='France'}
Number of Courses: 4
------------------------

Sorting by Natural Order (Student ID):
Student{firstName='Psygniu', lastName='Luoldhc', studentId=1044, gpa=2.5286616582728465}
Student{firstName='Clemca', lastName='Yrvgx', studentId=1134, gpa=3.60750699251055}
Student{firstName='Yooqdy', lastName='Vthvgtgd', studentId=1269, gpa=2.187726151785852}
Student{firstName='Jamvhkgh', lastName='Ezsnbhjzvfmh', studentId=1313, gpa=2.934693672932206}
Student{firstName='Rvbdieresk', lastName='Gtuznvcm', studentId=1341, gpa=1.0109903114075083}
]]></system-out>
  </testcase>
  <testcase name="testBirthDateComparator" classname="com.sorting.StudentSortingTest" time="0.004">
    <system-out><![CDATA[
Generated Test Students:
------------------------
Student ID: 4065
Name: Fqbtjvueey Fmjayhvzm
Birth Date: 1999-06-03
GPA: 1.3891791076513174
Address: Address{street='Market St', city='San Francisco', postalCode='94105', country='USA'}
Number of Courses: 1
------------------------
Student ID: 1346
Name: Efpen Liyrfxwiwbptse
Birth Date: 1999-06-03
GPA: 1.7963182189381839
Address: Address{street='Broadway', city='Chicago', postalCode='60601', country='USA'}
Number of Courses: 3
------------------------
Student ID: 6837
Name: Vqqylycer Qstvnxpvsvjgj
Birth Date: 2002-06-03
GPA: 2.1396043790464296
Address: Address{street='Main St', city='New York', postalCode='10001', country='USA'}
Number of Courses: 2
------------------------
Student ID: 3381
Name: Cbazwsqr Jyxbpn
Birth Date: 1999-06-03
GPA: 3.1893501766091066
Address: Address{street='Main St', city='New York', postalCode='10001', country='USA'}
Number of Courses: 4
------------------------
Student ID: 6565
Name: Gfkfmel Acchlrmtu
Birth Date: 1998-06-03
GPA: 1.6893088966694145
Address: Address{street='Market St', city='San Francisco', postalCode='94105', country='USA'}
Number of Courses: 2
------------------------
Student ID: 8655
Name: Qlnaxe Xdxniu
Birth Date: 2003-06-03
GPA: 2.1417256916527294
Address: Address{street='Champs-Élysées', city='Paris', postalCode='75008', country='France'}
Number of Courses: 1
------------------------
Student ID: 1654
Name: Cdivsoxtwb Mtphrxnhwuaznuu
Birth Date: 2002-06-03
GPA: 3.9218477379898613
Address: Address{street='Main St', city='New York', postalCode='10001', country='USA'}
Number of Courses: 2
------------------------
Student ID: 9422
Name: Beysflbegr Luzgc
Birth Date: 2005-06-03
GPA: 3.8390248253318715
Address: Address{street='Main St', city='New York', postalCode='10001', country='USA'}
Number of Courses: 1
------------------------
Student ID: 7129
Name: Jlndauvh Wlxzn
Birth Date: 2001-06-03
GPA: 1.9046959341252288
Address: Address{street='Broadway', city='Chicago', postalCode='60601', country='USA'}
Number of Courses: 2
------------------------
Student ID: 4667
Name: Yagzcwq Gqgcrz
Birth Date: 2003-06-03
GPA: 1.916603242501179
Address: Address{street='Champs-Élysées', city='Paris', postalCode='75008', country='France'}
Number of Courses: 4
------------------------
Student ID: 6668
Name: Etigq Jbjjdk
Birth Date: 2000-06-03
GPA: 3.674511233461156
Address: Address{street='Broadway', city='Chicago', postalCode='60601', country='USA'}
Number of Courses: 3
------------------------
Student ID: 6851
Name: Ugfgmftzx Adsdsxvl
Birth Date: 2005-06-03
GPA: 1.0639495352606048
Address: Address{street='Market St', city='San Francisco', postalCode='94105', country='USA'}
Number of Courses: 1
------------------------
Student ID: 4058
Name: Tikndxb Cipcftydooxkvaq
Birth Date: 1998-06-03
GPA: 1.3917033529760312
Address: Address{street='Market St', city='San Francisco', postalCode='94105', country='USA'}
Number of Courses: 4
------------------------
Student ID: 9337
Name: Dsrun Xltdrcoqinyeq
Birth Date: 1998-06-03
GPA: 1.1885653673531922
Address: Address{street='Champs-Élysées', city='Paris', postalCode='75008', country='France'}
Number of Courses: 3
------------------------
Student ID: 6591
Name: Skhmm Owbtlxsaboyjkks
Birth Date: 2003-06-03
GPA: 1.6072052859936128
Address: Address{street='Market St', city='San Francisco', postalCode='94105', country='USA'}
Number of Courses: 2
------------------------
Student ID: 2940
Name: Acsqccmhl Eygyjfat
Birth Date: 1998-06-03
GPA: 1.0392738284446676
Address: Address{street='Market St', city='San Francisco', postalCode='94105', country='USA'}
Number of Courses: 2
------------------------
Student ID: 4213
Name: Lpzbybie Xclex
Birth Date: 2002-06-03
GPA: 3.025625108318416
Address: Address{street='Main St', city='New York', postalCode='10001', country='USA'}
Number of Courses: 4
------------------------
Student ID: 7590
Name: Rbxwg Ikjczfpajcigbb
Birth Date: 2000-06-03
GPA: 3.440150917286503
Address: Address{street='Main St', city='New York', postalCode='10001', country='USA'}
Number of Courses: 1
------------------------
Student ID: 5688
Name: Rqtbzoqzh Cagklxkjmeviwlu
Birth Date: 2001-06-03
GPA: 3.8376839137768535
Address: Address{street='Market St', city='San Francisco', postalCode='94105', country='USA'}
Number of Courses: 4
------------------------
Student ID: 5766
Name: Gdhqrwueb Iydrw
Birth Date: 2006-06-03
GPA: 1.118241439227707
Address: Address{street='Oxford St', city='London', postalCode='W1D 2', country='UK'}
Number of Courses: 2
------------------------
Student ID: 5085
Name: Ohfyii Rahaw
Birth Date: 1998-06-03
GPA: 2.882035515052867
Address: Address{street='Broadway', city='Chicago', postalCode='60601', country='USA'}
Number of Courses: 3
------------------------
Student ID: 7786
Name: Uxitrwtdvr Xxkveheglx
Birth Date: 2003-06-03
GPA: 2.8577521176037948
Address: Address{street='Main St', city='New York', postalCode='10001', country='USA'}
Number of Courses: 1
------------------------
Student ID: 4709
Name: Kjczxsll Xazyvsqefkeo
Birth Date: 2003-06-03
GPA: 3.8569187538268936
Address: Address{street='Main St', city='New York', postalCode='10001', country='USA'}
Number of Courses: 3
------------------------
Student ID: 4926
Name: Ovdnwshnby Fordcopojacx
Birth Date: 2001-06-03
GPA: 1.6980927470244815
Address: Address{street='Main St', city='New York', postalCode='10001', country='USA'}
Number of Courses: 3
------------------------
Student ID: 9701
Name: Gvqpnmsk Gukqnnhqaqdg
Birth Date: 2000-06-03
GPA: 1.6683075411412407
Address: Address{street='Market St', city='San Francisco', postalCode='94105', country='USA'}
Number of Courses: 3
------------------------
Student ID: 1122
Name: Bvxjbx Yxlvkqiwnzwruj
Birth Date: 2001-06-03
GPA: 1.7885970138784637
Address: Address{street='Broadway', city='Chicago', postalCode='60601', country='USA'}
Number of Courses: 3
------------------------
Student ID: 2176
Name: Tahbrm Trcdqtp
Birth Date: 2003-06-03
GPA: 3.581784473066461
Address: Address{street='Market St', city='San Francisco', postalCode='94105', country='USA'}
Number of Courses: 3
------------------------
Student ID: 3106
Name: Wuhza Jyrmjstoqlvvraw
Birth Date: 2001-06-03
GPA: 3.8862417862601637
Address: Address{street='Broadway', city='Chicago', postalCode='60601', country='USA'}
Number of Courses: 4
------------------------
Student ID: 7640
Name: Iqmgvrp Jtzjhafhqyf
Birth Date: 2007-06-03
GPA: 1.5763706184909427
Address: Address{street='Market St', city='San Francisco', postalCode='94105', country='USA'}
Number of Courses: 3
------------------------
Student ID: 8765
Name: Phfxapiq Joswfljfnox
Birth Date: 2007-06-03
GPA: 3.8902531850066024
Address: Address{street='Main St', city='New York', postalCode='10001', country='USA'}
Number of Courses: 3
------------------------
Student ID: 8480
Name: Cgvaztym Jnxetd
Birth Date: 2002-06-03
GPA: 3.9999367731018687
Address: Address{street='Market St', city='San Francisco', postalCode='94105', country='USA'}
Number of Courses: 3
------------------------
Student ID: 5547
Name: Txpqqc Xccjugv
Birth Date: 2007-06-03
GPA: 3.8045974251944408
Address: Address{street='Champs-Élysées', city='Paris', postalCode='75008', country='France'}
Number of Courses: 4
------------------------
Student ID: 2977
Name: Rtgmj Hqlbhlgcotpwo
Birth Date: 2005-06-03
GPA: 1.6521724076542752
Address: Address{street='Oxford St', city='London', postalCode='W1D 2', country='UK'}
Number of Courses: 4
------------------------
Student ID: 3956
Name: Gjcgsblp Djgummxv
Birth Date: 1998-06-03
GPA: 3.667820781334427
Address: Address{street='Market St', city='San Francisco', postalCode='94105', country='USA'}
Number of Courses: 3
------------------------
Student ID: 1966
Name: Zgkwibtk Yvzwcycalztscc
Birth Date: 2004-06-03
GPA: 1.1284137484997026
Address: Address{street='Broadway', city='Chicago', postalCode='60601', country='USA'}
Number of Courses: 2
------------------------
Student ID: 3823
Name: Vykmqn Zzcwulg
Birth Date: 2003-06-03
GPA: 1.2983242085108446
Address: Address{street='Market St', city='San Francisco', postalCode='94105', country='USA'}
Number of Courses: 2
------------------------
Student ID: 6272
Name: Iwootc Nwpscjnv
Birth Date: 2007-06-03
GPA: 3.6744351881790376
Address: Address{street='Oxford St', city='London', postalCode='W1D 2', country='UK'}
Number of Courses: 2
------------------------
Student ID: 2406
Name: Edsrl Igzfuxc
Birth Date: 2007-06-03
GPA: 2.686010876491917
Address: Address{street='Champs-Élysées', city='Paris', postalCode='75008', country='France'}
Number of Courses: 1
------------------------
Student ID: 5250
Name: Woihejcswy Zifqrokqdttydc
Birth Date: 1999-06-03
GPA: 3.506400712411841
Address: Address{street='Champs-Élysées', city='Paris', postalCode='75008', country='France'}
Number of Courses: 2
------------------------
Student ID: 1603
Name: Eedkx Ofqpxuoeo
Birth Date: 2000-06-03
GPA: 3.868297651531278
Address: Address{street='Champs-Élysées', city='Paris', postalCode='75008', country='France'}
Number of Courses: 3
------------------------
Student ID: 9142
Name: Vasuyfz Burijabobizmgw
Birth Date: 2001-06-03
GPA: 1.7235632321993126
Address: Address{street='Main St', city='New York', postalCode='10001', country='USA'}
Number of Courses: 4
------------------------
Student ID: 7048
Name: Ysixnmoqnb Frxywbrvwnofpd
Birth Date: 2004-06-03
GPA: 1.9018279535559284
Address: Address{street='Main St', city='New York', postalCode='10001', country='USA'}
Number of Courses: 4
------------------------
Student ID: 8563
Name: Hwwqn Poyorygb
Birth Date: 2002-06-03
GPA: 2.501764352339683
Address: Address{street='Champs-Élysées', city='Paris', postalCode='75008', country='France'}
Number of Courses: 4
------------------------
Student ID: 2040
Name: Dqgonyhh Tbvzmvafbtqppbu
Birth Date: 2007-06-03
GPA: 2.3875855171132363
Address: Address{street='Champs-Élysées', city='Paris', postalCode='75008', country='France'}
Number of Courses: 3
------------------------
Student ID: 6127
Name: Etgyz Nhgptrgg
Birth Date: 2006-06-03
GPA: 1.714470518902165
Address: Address{street='Broadway', city='Chicago', postalCode='60601', country='USA'}
Number of Courses: 2
------------------------
Student ID: 3857
Name: Cbtnpudz Ikajyxuutcigcds
Birth Date: 2001-06-03
GPA: 3.8677872098777506
Address: Address{street='Champs-Élysées', city='Paris', postalCode='75008', country='France'}
Number of Courses: 2
------------------------
Student ID: 7232
Name: Jwyzvkyxko Pwgyytidca
Birth Date: 2004-06-03
GPA: 1.8643001526469105
Address: Address{street='Market St', city='San Francisco', postalCode='94105', country='USA'}
Number of Courses: 4
------------------------
Student ID: 1176
Name: Jadwpnn Fecvtwtisqm
Birth Date: 2000-06-03
GPA: 2.863118309136648
Address: Address{street='Market St', city='San Francisco', postalCode='94105', country='USA'}
Number of Courses: 3
------------------------
Student ID: 5868
Name: Wiyrbvce Tnweyptuxhhns
Birth Date: 2006-06-03
GPA: 3.9131580711317926
Address: Address{street='Main St', city='New York', postalCode='10001', country='USA'}
Number of Courses: 1
------------------------
Student ID: 9590
Name: Vmoumsdsy Zultv
Birth Date: 2001-06-03
GPA: 3.195640896903838
Address: Address{street='Oxford St', city='London', postalCode='W1D 2', country='UK'}
Number of Courses: 2
------------------------
Student ID: 8344
Name: Uxqbhgcik Kcgmbojcbvsbwx
Birth Date: 1999-06-03
GPA: 1.8197263667660826
Address: Address{street='Oxford St', city='London', postalCode='W1D 2', country='UK'}
Number of Courses: 3
------------------------
Student ID: 3937
Name: Vclcu Ddkjzu
Birth Date: 1998-06-03
GPA: 1.4205097300193725
Address: Address{street='Market St', city='San Francisco', postalCode='94105', country='USA'}
Number of Courses: 1
------------------------
Student ID: 6409
Name: Wlaisqwoo Vejtqufwnysljoi
Birth Date: 2002-06-03
GPA: 2.923325225668681
Address: Address{street='Champs-Élysées', city='Paris', postalCode='75008', country='France'}
Number of Courses: 1
------------------------
Student ID: 2878
Name: Xyzibpmbbu Ipqpmae
Birth Date: 2004-06-03
GPA: 1.1692540619468952
Address: Address{street='Main St', city='New York', postalCode='10001', country='USA'}
Number of Courses: 2
------------------------
Student ID: 4586
Name: Hfiufqp Sjobgo
Birth Date: 2000-06-03
GPA: 3.7381128250533817
Address: Address{street='Champs-Élysées', city='Paris', postalCode='75008', country='France'}
Number of Courses: 2
------------------------
Student ID: 6386
Name: Dyrkplebl Ywziaqz
Birth Date: 2000-06-03
GPA: 1.613729235805188
Address: Address{street='Broadway', city='Chicago', postalCode='60601', country='USA'}
Number of Courses: 1
------------------------
Student ID: 5091
Name: Mrwss Ryvnsxkkubahn
Birth Date: 2006-06-03
GPA: 2.884560733678512
Address: Address{street='Broadway', city='Chicago', postalCode='60601', country='USA'}
Number of Courses: 3
------------------------
Student ID: 9587
Name: Dnkwprl Miunitxmeebxh
Birth Date: 2002-06-03
GPA: 3.987666924882603
Address: Address{street='Broadway', city='Chicago', postalCode='60601', country='USA'}
Number of Courses: 3
------------------------
Student ID: 7166
Name: Zvnqvfjp Fizjudgflqqry
Birth Date: 2006-06-03
GPA: 2.240949885632147
Address: Address{street='Market St', city='San Francisco', postalCode='94105', country='USA'}
Number of Courses: 2
------------------------
Student ID: 7805
Name: Bhemlpg Eilacgqrdbcd
Birth Date: 2005-06-03
GPA: 1.3615956083936105
Address: Address{street='Market St', city='San Francisco', postalCode='94105', country='USA'}
Number of Courses: 4
------------------------
Student ID: 4599
Name: Dxahkexh Hnzcruzn
Birth Date: 1999-06-03
GPA: 3.398884597597519
Address: Address{street='Oxford St', city='London', postalCode='W1D 2', country='UK'}
Number of Courses: 3
------------------------
Student ID: 4457
Name: Yqusowlxwr Hwosxwf
Birth Date: 2003-06-03
GPA: 2.478154059980305
Address: Address{street='Market St', city='San Francisco', postalCode='94105', country='USA'}
Number of Courses: 4
------------------------
Student ID: 8206
Name: Gisqr Sunauxf
Birth Date: 1998-06-03
GPA: 1.018554848582303
Address: Address{street='Champs-Élysées', city='Paris', postalCode='75008', country='France'}
Number of Courses: 3
------------------------
Student ID: 1584
Name: Lspijf Lvgqhdiryzdq
Birth Date: 2004-06-03
GPA: 2.445965480396168
Address: Address{street='Champs-Élysées', city='Paris', postalCode='75008', country='France'}
Number of Courses: 1
------------------------
Student ID: 8205
Name: Qqwxeybti Clfbcenxxpczgh
Birth Date: 2007-06-03
GPA: 2.5529625423959774
Address: Address{street='Main St', city='New York', postalCode='10001', country='USA'}
Number of Courses: 4
------------------------
Student ID: 4410
Name: Upihuabjqq Mqbjeofaw
Birth Date: 2004-06-03
GPA: 1.4367407957842668
Address: Address{street='Broadway', city='Chicago', postalCode='60601', country='USA'}
Number of Courses: 3
------------------------
Student ID: 7690
Name: Mrosndswa Lfxawbpe
Birth Date: 2006-06-03
GPA: 2.750803679187996
Address: Address{street='Broadway', city='Chicago', postalCode='60601', country='USA'}
Number of Courses: 2
------------------------
Student ID: 3172
Name: Rpibvgwnf Agufrutiljzrr
Birth Date: 2004-06-03
GPA: 3.5285785554793216
Address: Address{street='Market St', city='San Francisco', postalCode='94105', country='USA'}
Number of Courses: 1
------------------------
Student ID: 1670
Name: Vggytxizdf Tnsxdmknupvmb
Birth Date: 2000-06-03
GPA: 3.7689745402460573
Address: Address{street='Broadway', city='Chicago', postalCode='60601', country='USA'}
Number of Courses: 1
------------------------
Student ID: 1577
Name: Figmdtubq Yrzabckfzghyun
Birth Date: 2002-06-03
GPA: 3.5975283282167934
Address: Address{street='Oxford St', city='London', postalCode='W1D 2', country='UK'}
Number of Courses: 2
------------------------
Student ID: 5406
Name: Nrlwxznb Iytocukcl
Birth Date: 2004-06-03
GPA: 1.912541444001699
Address: Address{street='Main St', city='New York', postalCode='10001', country='USA'}
Number of Courses: 3
------------------------
Student ID: 4585
Name: Pnypcqb Ocvzybeyvb
Birth Date: 2005-06-03
GPA: 3.6843847435059325
Address: Address{street='Broadway', city='Chicago', postalCode='60601', country='USA'}
Number of Courses: 2
------------------------
Student ID: 4679
Name: Qzmmooibd Tdztvumaauwnkwy
Birth Date: 2003-06-03
GPA: 3.973384192573692
Address: Address{street='Oxford St', city='London', postalCode='W1D 2', country='UK'}
Number of Courses: 2
------------------------
Student ID: 6283
Name: Fnkmtqspjf Pzcodjirnxueusf
Birth Date: 2001-06-03
GPA: 3.748979543653168
Address: Address{street='Oxford St', city='London', postalCode='W1D 2', country='UK'}
Number of Courses: 2
------------------------
Student ID: 8825
Name: Ckwmqzscac Kiuwj
Birth Date: 2002-06-03
GPA: 3.614510908171061
Address: Address{street='Main St', city='New York', postalCode='10001', country='USA'}
Number of Courses: 3
------------------------
Student ID: 3741
Name: Ttfbqipk Qkbyb
Birth Date: 2000-06-03
GPA: 3.3417475958426093
Address: Address{street='Oxford St', city='London', postalCode='W1D 2', country='UK'}
Number of Courses: 4
------------------------
Student ID: 5787
Name: Gnenovgue Qieanbkrozybov
Birth Date: 2001-06-03
GPA: 1.3535285105114383
Address: Address{street='Main St', city='New York', postalCode='10001', country='USA'}
Number of Courses: 4
------------------------
Student ID: 3542
Name: Rdtjgtdzm Ijukyquavltnckp
Birth Date: 2006-06-03
GPA: 1.0054546067764194
Address: Address{street='Champs-Élysées', city='Paris', postalCode='75008', country='France'}
Number of Courses: 1
------------------------
Student ID: 7344
Name: Enpzmg Sdnsycxw
Birth Date: 2003-06-03
GPA: 2.0060160389155235
Address: Address{street='Broadway', city='Chicago', postalCode='60601', country='USA'}
Number of Courses: 3
------------------------
Student ID: 5825
Name: Ezydlyay Lnbxwqmmvwa
Birth Date: 2003-06-03
GPA: 3.433708538845986
Address: Address{street='Oxford St', city='London', postalCode='W1D 2', country='UK'}
Number of Courses: 1
------------------------
Student ID: 4980
Name: Sbjlzop Kgrxxlolqlx
Birth Date: 1999-06-03
GPA: 2.280479007441574
Address: Address{street='Oxford St', city='London', postalCode='W1D 2', country='UK'}
Number of Courses: 3
------------------------
Student ID: 2975
Name: Cbkcfqh Gsujiinvlnd
Birth Date: 2001-06-03
GPA: 3.1437638318742667
Address: Address{street='Market St', city='San Francisco', postalCode='94105', country='USA'}
Number of Courses: 4
------------------------
Student ID: 4153
Name: Jjiclkof Xugzv
Birth Date: 2001-06-03
GPA: 1.3917765054113191
Address: Address{street='Oxford St', city='London', postalCode='W1D 2', country='UK'}
Number of Courses: 2
------------------------
Student ID: 9555
Name: Fsumzmbea Zoymlrnmijb
Birth Date: 2006-06-03
GPA: 2.818288221077152
Address: Address{street='Oxford St', city='London', postalCode='W1D 2', country='UK'}
Number of Courses: 4
------------------------
Student ID: 9602
Name: Awlbfujlm Spodnuqvcdnxt
Birth Date: 2005-06-03
GPA: 3.4552886867398893
Address: Address{street='Champs-Élysées', city='Paris', postalCode='75008', country='France'}
Number of Courses: 3
------------------------
Student ID: 6372
Name: Gvpjuen Gnfpkprjd
Birth Date: 2007-06-03
GPA: 1.3539332533665425
Address: Address{street='Main St', city='New York', postalCode='10001', country='USA'}
Number of Courses: 1
------------------------
Student ID: 3649
Name: Dryomnzuum Ixwnve
Birth Date: 2006-06-03
GPA: 3.4206376069794393
Address: Address{street='Champs-Élysées', city='Paris', postalCode='75008', country='France'}
Number of Courses: 2
------------------------
Student ID: 4594
Name: Prlgc Zhzlhwdpf
Birth Date: 2007-06-03
GPA: 2.782863703291548
Address: Address{street='Main St', city='New York', postalCode='10001', country='USA'}
Number of Courses: 4
------------------------
Student ID: 5508
Name: Yzfrfhymtx Zuflcwnmimwzx
Birth Date: 2002-06-03
GPA: 2.2374710074606785
Address: Address{street='Champs-Élysées', city='Paris', postalCode='75008', country='France'}
Number of Courses: 4
------------------------
Student ID: 6127
Name: Hzhwnbhe Oscoawlxfvgfz
Birth Date: 2004-06-03
GPA: 1.9444068098298792
Address: Address{street='Oxford St', city='London', postalCode='W1D 2', country='UK'}
Number of Courses: 3
------------------------
Student ID: 5892
Name: Vkgle Bmcuqmrhxsvhka
Birth Date: 2007-06-03
GPA: 1.637264645766886
Address: Address{street='Champs-Élysées', city='Paris', postalCode='75008', country='France'}
Number of Courses: 2
------------------------
Student ID: 4585
Name: Wqpog Obutbewftkmj
Birth Date: 2005-06-03
GPA: 3.818511166115098
Address: Address{street='Champs-Élysées', city='Paris', postalCode='75008', country='France'}
Number of Courses: 3
------------------------
Student ID: 9337
Name: Aoxfjvulqd Uokioudmgqvyw
Birth Date: 2002-06-03
GPA: 1.170521984065396
Address: Address{street='Broadway', city='Chicago', postalCode='60601', country='USA'}
Number of Courses: 2
------------------------
Student ID: 2624
Name: Ajxraieu Pgaektdhac
Birth Date: 2001-06-03
GPA: 2.0605997151189035
Address: Address{street='Main St', city='New York', postalCode='10001', country='USA'}
Number of Courses: 2
------------------------
Student ID: 5180
Name: Uyggnhs Bkbtffuuveyeg
Birth Date: 2005-06-03
GPA: 2.197728518566296
Address: Address{street='Champs-Élysées', city='Paris', postalCode='75008', country='France'}
Number of Courses: 1
------------------------
Student ID: 5138
Name: Dgehmlmts Ahhnc
Birth Date: 2004-06-03
GPA: 3.388389210795898
Address: Address{street='Broadway', city='Chicago', postalCode='60601', country='USA'}
Number of Courses: 4
------------------------
Student ID: 8093
Name: Nnkumss Ybyku
Birth Date: 2002-06-03
GPA: 3.396103628841221
Address: Address{street='Oxford St', city='London', postalCode='W1D 2', country='UK'}
Number of Courses: 1
------------------------
Student ID: 4119
Name: Mckmmwicbh Zncqtwvrocavtyr
Birth Date: 2005-06-03
GPA: 2.725122877532413
Address: Address{street='Broadway', city='Chicago', postalCode='60601', country='USA'}
Number of Courses: 2
------------------------
Student ID: 6563
Name: Siqidkzyzd Wflxmsffpzkjlw
Birth Date: 2001-06-03
GPA: 1.74142011621353
Address: Address{street='Oxford St', city='London', postalCode='W1D 2', country='UK'}
Number of Courses: 2
------------------------
Student ID: 2152
Name: Tzfky Leudyx
Birth Date: 2004-06-03
GPA: 1.3381821818961877
Address: Address{street='Champs-Élysées', city='Paris', postalCode='75008', country='France'}
Number of Courses: 4
------------------------

Sorting by Birth Date (Lambda):
Student{firstName='Gfkfmel', lastName='Acchlrmtu', studentId=6565, gpa=1.6893088966694145}
Student{firstName='Tikndxb', lastName='Cipcftydooxkvaq', studentId=4058, gpa=1.3917033529760312}
Student{firstName='Dsrun', lastName='Xltdrcoqinyeq', studentId=9337, gpa=1.1885653673531922}
Student{firstName='Acsqccmhl', lastName='Eygyjfat', studentId=2940, gpa=1.0392738284446676}
Student{firstName='Ohfyii', lastName='Rahaw', studentId=5085, gpa=2.882035515052867}
]]></system-out>
  </testcase>
</testsuite>